This is pdfTeX, Version 3.14159265-2.6-1.40.20 (TeX Live 2019/Debian) (preloaded format=pdflatex 2021.4.3)  3 APR 2021 17:38
entering extended mode
 restricted \write18 enabled.
 %&-line parsing enabled.
**refman
(./refman.tex
LaTeX2e <2020-02-02> patch level 2
L3 programming layer <2020-02-14>
(/usr/share/texlive/texmf-dist/tex/latex/base/book.cls
Document Class: book 2019/12/20 v1.4l Standard LaTeX document class
(/usr/share/texlive/texmf-dist/tex/latex/base/bk10.clo
File: bk10.clo 2019/12/20 v1.4l Standard LaTeX file (size option)
)
\c@part=\count167
\c@chapter=\count168
\c@section=\count169
\c@subsection=\count170
\c@subsubsection=\count171
\c@paragraph=\count172
\c@subparagraph=\count173
\c@figure=\count174
\c@table=\count175
\abovecaptionskip=\skip47
\belowcaptionskip=\skip48
\bibindent=\dimen134
)
(/usr/share/texlive/texmf-dist/tex/latex/base/ifthen.sty
Package: ifthen 2014/09/29 v1.1c Standard LaTeX ifthen package (DPC)
)
(/usr/share/texlive/texmf-dist/tex/latex/tools/array.sty
Rollback for package 'array' requested -> date 2016-10-06.
         Best approximation is the release introduced on 2016-10-06.

(/usr/share/texlive/texmf-dist/tex/latex/tools/array-2016-10-06.sty
Package: array 2016/10/06 v2.4d Tabular extension package (FMi)
\col@sep=\dimen135
\extrarowheight=\dimen136
\NC@list=\toks14
\extratabsurround=\skip49
\backup@length=\skip50
))
(/usr/share/texlive/texmf-dist/tex/latex/base/fixltx2e.sty
Package: fixltx2e 2016/12/29 v2.1a fixes to LaTeX (obsolete)
Applying: [2015/01/01] Old fixltx2e package on input line 46.


Package fixltx2e Warning: fixltx2e is not required with releases after 2015
(fixltx2e)                All fixes are now in the LaTeX kernel.
(fixltx2e)                See the latexrelease package for details.

Already applied: [0000/00/00] Old fixltx2e package on input line 53.
) (/usr/share/texlive/texmf-dist/tex/latex/tools/calc.sty
Package: calc 2017/05/25 v4.3 Infix arithmetic (KKT,FJ)
\calc@Acount=\count176
\calc@Bcount=\count177
\calc@Adimen=\dimen137
\calc@Bdimen=\dimen138
\calc@Askip=\skip51
\calc@Bskip=\skip52
LaTeX Info: Redefining \setlength on input line 80.
LaTeX Info: Redefining \addtolength on input line 81.
\calc@Ccount=\count178
\calc@Cskip=\skip53
) (./doxygen.sty
Package: doxygen 

(/usr/share/texlive/texmf-dist/tex/latex/base/alltt.sty
Package: alltt 1997/06/16 v2.0g defines alltt environment
)
(/usr/share/texlive/texmf-dist/tex/latex/float/float.sty
Package: float 2001/11/08 v1.3d Float enhancements (AL)
\c@float@type=\count179
\float@exts=\toks15
\float@box=\box45
\@float@everytoks=\toks16
\@floatcapt=\box46
)
(/usr/share/texlive/texmf-dist/tex/latex/tools/verbatim.sty
Package: verbatim 2019/11/10 v1.5r LaTeX2e package for verbatim enhancements
\every@verbatim=\toks17
\verbatim@line=\toks18
\verbatim@in@stream=\read2
)
(/usr/share/texlive/texmf-dist/tex/latex/xcolor/xcolor.sty
Package: xcolor 2016/05/11 v2.12 LaTeX color extensions (UK)

(/usr/share/texlive/texmf-dist/tex/latex/graphics-cfg/color.cfg
File: color.cfg 2016/01/02 v1.6 sample color configuration
)
Package xcolor Info: Driver file: pdftex.def on input line 225.

(/usr/share/texlive/texmf-dist/tex/latex/graphics-def/pdftex.def
File: pdftex.def 2018/01/08 v1.0l Graphics/color driver for pdftex
)
(/usr/share/texlive/texmf-dist/tex/latex/colortbl/colortbl.sty
Package: colortbl 2020/01/04 v1.0e Color table columns (DPC)
\everycr=\toks19
\minrowclearance=\skip54
)
\rownum=\count180
Package xcolor Info: Model `cmy' substituted by `cmy0' on input line 1348.
Package xcolor Info: Model `hsb' substituted by `rgb' on input line 1352.
Package xcolor Info: Model `RGB' extended on input line 1364.
Package xcolor Info: Model `HTML' substituted by `rgb' on input line 1366.
Package xcolor Info: Model `Hsb' substituted by `hsb' on input line 1367.
Package xcolor Info: Model `tHsb' substituted by `hsb' on input line 1368.
Package xcolor Info: Model `HSB' substituted by `hsb' on input line 1369.
Package xcolor Info: Model `Gray' substituted by `gray' on input line 1370.
Package xcolor Info: Model `wave' substituted by `hsb' on input line 1371.
)
(./longtable_doxygen.sty
Package: longtable_doxygen 2014/10/28 v4.11 Multi-page Table package (DPC) - fr
ozen version for doxygen
\LTleft=\skip55
\LTright=\skip56
\LTpre=\skip57
\LTpost=\skip58
\LTchunksize=\count181
\LTcapwidth=\dimen139
\LT@head=\box47
\LT@firsthead=\box48
\LT@foot=\box49
\LT@lastfoot=\box50
\LT@cols=\count182
\LT@rows=\count183
\c@LT@tables=\count184
\c@LT@chunks=\count185
\LT@p@ftn=\toks20
) (./tabu_doxygen.sty
Package: tabu_doxygen 2011/02/26 v2.8 - flexible LaTeX tabulars (FC), frozen ve
rsion for doxygen

(/usr/share/texlive/texmf-dist/tex/latex/varwidth/varwidth.sty
Package: varwidth 2009/03/30 ver 0.92;  Variable-width minipages
\@vwid@box=\box51
\sift@deathcycles=\count186
\@vwid@loff=\dimen140
\@vwid@roff=\dimen141
)
\c@taburow=\count187
\tabu@nbcols=\count188
\tabu@cnt=\count189
\tabu@Xcol=\count190
\tabu@alloc=\count191
\tabu@nested=\count192
\tabu@target=\dimen142
\tabu@spreadtarget=\dimen143
\tabu@naturalX=\dimen144
\tabucolX=\dimen145
\tabu@Xsum=\dimen146
\extrarowdepth=\dimen147
\abovetabulinesep=\dimen148
\belowtabulinesep=\dimen149
\tabustrutrule=\dimen150
\tabu@thebody=\toks21
\tabu@footnotes=\toks22
\tabu@box=\box52
\tabu@arstrutbox=\box53
\tabu@hleads=\box54
\tabu@vleads=\box55
\tabu@cellskip=\skip59
)
(/usr/share/texlive/texmf-dist/tex/latex/fancyvrb/fancyvrb.sty
Package: fancyvrb 2020/01/13 v3.5 verbatim text (tvz,hv)

(/usr/share/texlive/texmf-dist/tex/latex/graphics/keyval.sty
Package: keyval 2014/10/28 v1.15 key=value parser (DPC)
\KV@toks@=\toks23
)
\FV@CodeLineNo=\count193
\FV@InFile=\read3
\FV@TabBox=\box56
\c@FancyVerbLine=\count194
\FV@StepNumber=\count195
\FV@OutFile=\write3
)
(/usr/share/texlive/texmf-dist/tex/latex/tools/tabularx.sty
Package: tabularx 2020/01/15 v2.11c `tabularx' package (DPC)
\TX@col@width=\dimen151
\TX@old@table=\dimen152
\TX@old@col=\dimen153
\TX@target=\dimen154
\TX@delta=\dimen155
\TX@cols=\count196
\TX@ftn=\toks24
)
(/usr/share/texlive/texmf-dist/tex/latex/multirow/multirow.sty
Package: multirow 2019/05/31 v2.5 Span multiple rows of a table
\multirow@colwidth=\skip60
\multirow@cntb=\count197
\multirow@dima=\skip61
\bigstrutjot=\dimen156
)
(/usr/share/texlive/texmf-dist/tex/latex/hanging/hanging.sty
Package: hanging 2009/09/02 v1.2b hanging paragraphs and punctuation
\h@ngcommawd=\skip62
\h@ngfstopwd=\skip63
\h@ngquotewd=\skip64
\h@ngdquotewd=\skip65
\h@ngquerywd=\skip66
\h@ngexclwd=\skip67
\h@ngcolonwd=\skip68
\h@ngscolonwd=\skip69
)
(/usr/share/texlive/texmf-dist/tex/generic/iftex/ifpdf.sty
Package: ifpdf 2019/10/25 v3.4 ifpdf legacy package. Use iftex instead.

(/usr/share/texlive/texmf-dist/tex/generic/iftex/iftex.sty
Package: iftex 2019/11/07 v1.0c TeX engine tests
))
(/usr/share/texlive/texmf-dist/tex/latex/adjustbox/adjustbox.sty
Package: adjustbox 2019/01/04 v1.2 Adjusting TeX boxes (trim, clip, ...)

(/usr/share/texlive/texmf-dist/tex/latex/xkeyval/xkeyval.sty
Package: xkeyval 2014/12/03 v2.7a package option processing (HA)

(/usr/share/texlive/texmf-dist/tex/generic/xkeyval/xkeyval.tex
(/usr/share/texlive/texmf-dist/tex/generic/xkeyval/xkvutils.tex
\XKV@toks=\toks25
\XKV@tempa@toks=\toks26
)
\XKV@depth=\count198
File: xkeyval.tex 2014/12/03 v2.7a key=value parser (HA)
))
(/usr/share/texlive/texmf-dist/tex/latex/adjustbox/adjcalc.sty
Package: adjcalc 2012/05/16 v1.1 Provides advanced setlength with multiple back
-ends (calc, etex, pgfmath)
)
(/usr/share/texlive/texmf-dist/tex/latex/adjustbox/trimclip.sty
Package: trimclip 2018/04/08 v1.1 Trim and clip general TeX material

(/usr/share/texlive/texmf-dist/tex/latex/graphics/graphicx.sty
Package: graphicx 2019/11/30 v1.2a Enhanced LaTeX Graphics (DPC,SPQR)

(/usr/share/texlive/texmf-dist/tex/latex/graphics/graphics.sty
Package: graphics 2019/11/30 v1.4a Standard LaTeX Graphics (DPC,SPQR)

(/usr/share/texlive/texmf-dist/tex/latex/graphics/trig.sty
Package: trig 2016/01/03 v1.10 sin cos tan (DPC)
)
(/usr/share/texlive/texmf-dist/tex/latex/graphics-cfg/graphics.cfg
File: graphics.cfg 2016/06/04 v1.11 sample graphics configuration
)
Package graphics Info: Driver file: pdftex.def on input line 105.
)
\Gin@req@height=\dimen157
\Gin@req@width=\dimen158
)
(/usr/share/texlive/texmf-dist/tex/latex/collectbox/collectbox.sty
Package: collectbox 2012/05/17 v0.4b Collect macro arguments as boxes
\collectedbox=\box57
)
\tc@llx=\dimen159
\tc@lly=\dimen160
\tc@urx=\dimen161
\tc@ury=\dimen162
Package trimclip Info: Using driver 'tc-pdftex.def'.

(/usr/share/texlive/texmf-dist/tex/latex/adjustbox/tc-pdftex.def
File: tc-pdftex.def 2019/01/04 v2.2 Clipping driver for pdftex
))
\adjbox@Width=\dimen163
\adjbox@Height=\dimen164
\adjbox@Depth=\dimen165
\adjbox@Totalheight=\dimen166
\adjbox@pwidth=\dimen167
\adjbox@pheight=\dimen168
\adjbox@pdepth=\dimen169
\adjbox@ptotalheight=\dimen170

(/usr/share/texlive/texmf-dist/tex/latex/ifoddpage/ifoddpage.sty
Package: ifoddpage 2016/04/23 v1.1 Conditionals for odd/even page detection
\c@checkoddpage=\count199
))
(/usr/share/texlive/texmf-dist/tex/latex/amsfonts/amssymb.sty
Package: amssymb 2013/01/14 v3.01 AMS font symbols

(/usr/share/texlive/texmf-dist/tex/latex/amsfonts/amsfonts.sty
Package: amsfonts 2013/01/14 v3.01 Basic AMSFonts support
\@emptytoks=\toks27
\symAMSa=\mathgroup4
\symAMSb=\mathgroup5
LaTeX Font Info:    Redeclaring math symbol \hbar on input line 98.
LaTeX Font Info:    Overwriting math alphabet `\mathfrak' in version `bold'
(Font)                  U/euf/m/n --> U/euf/b/n on input line 106.
))
(/usr/share/texlive/texmf-dist/tex/latex/stackengine/stackengine.sty
Package: stackengine 2017/02/13 v4.01\ Stacking text and objects in convenient 
ways

(/usr/share/texlive/texmf-dist/tex/latex/etoolbox/etoolbox.sty
Package: etoolbox 2019/09/21 v2.5h e-TeX tools for LaTeX (JAW)
\etb@tempcnta=\count266
)
(/usr/share/texlive/texmf-dist/tex/generic/listofitems/listofitems.sty
(/usr/share/texlive/texmf-dist/tex/generic/listofitems/listofitems.tex
\loi_cnt_foreach_nest=\count267
\loi_nestcnt=\count268
)
Package: listofitems 2019/08/21 v1.63 Grab items in lists using user-specified 
sep char (CT)
)
\c@@stackindex=\count269
\@boxshift=\skip70
\stack@tmplength=\skip71
\temp@stkl=\skip72
\@stackedboxwidth=\skip73
\@addedbox=\box58
\@anchorbox=\box59
\stackedbox=\box60
\@centerbox=\box61
\c@ROWcellindex@=\count270
)
(/usr/share/texlive/texmf-dist/tex/generic/ulem/ulem.sty
\UL@box=\box62
\UL@hyphenbox=\box63
\UL@skip=\skip74
\UL@hook=\toks28
\UL@height=\dimen171
\UL@pe=\count271
\UL@pixel=\dimen172
\ULC@box=\box64
Package: ulem 2019/11/18
\ULdepth=\dimen173
)
\xrefbox=\box65
\xreflength=\skip75
\CodeWidthChar=\skip76
\CodeHeightChar=\skip77
\DoxyCodeWidth=\skip78
)
(/usr/share/texlive/texmf-dist/tex/latex/base/inputenc.sty
Package: inputenc 2018/08/11 v1.3c Input encoding file
\inpenc@prehook=\toks29
\inpenc@posthook=\toks30
)
(/usr/share/texlive/texmf-dist/tex/latex/base/makeidx.sty
Package: makeidx 2014/09/29 v1.0m Standard LaTeX package
)
(/usr/share/texlive/texmf-dist/tex/latex/tools/multicol.sty
Package: multicol 2019/12/09 v1.8y multicolumn formatting (FMi)
\c@tracingmulticols=\count272
\mult@box=\box66
\multicol@leftmargin=\dimen174
\c@unbalance=\count273
\c@collectmore=\count274
\doublecol@number=\count275
\multicoltolerance=\count276
\multicolpretolerance=\count277
\full@width=\dimen175
\page@free=\dimen176
\premulticols=\dimen177
\postmulticols=\dimen178
\multicolsep=\skip79
\multicolbaselineskip=\skip80
\partial@page=\box67
\last@line=\box68
\maxbalancingoverflow=\dimen179
\mult@rightbox=\box69
\mult@grightbox=\box70
\mult@gfirstbox=\box71
\mult@firstbox=\box72
\@tempa=\box73
\@tempa=\box74
\@tempa=\box75
\@tempa=\box76
\@tempa=\box77
\@tempa=\box78
\@tempa=\box79
\@tempa=\box80
\@tempa=\box81
\@tempa=\box82
\@tempa=\box83
\@tempa=\box84
\@tempa=\box85
\@tempa=\box86
\@tempa=\box87
\@tempa=\box88
\@tempa=\box89
\@tempa=\box90
\@tempa=\box91
\@tempa=\box92
\@tempa=\box93
\@tempa=\box94
\@tempa=\box95
\@tempa=\box96
\@tempa=\box97
\@tempa=\box98
\@tempa=\box99
\@tempa=\box100
\@tempa=\box101
\@tempa=\box102
\@tempa=\box103
\@tempa=\box104
\@tempa=\box105
\@tempa=\box106
\@tempa=\box107
\@tempa=\box108
\@tempa=\box109
\c@minrows=\count278
\c@columnbadness=\count279
\c@finalcolumnbadness=\count280
\last@try=\dimen180
\multicolovershoot=\dimen181
\multicolundershoot=\dimen182
\mult@nat@firstbox=\box110
\colbreak@box=\box111
\mc@col@check@num=\count281
)
(/usr/share/texlive/texmf-dist/tex/latex/base/textcomp.sty
Package: textcomp 2020/02/02 v2.0n Standard LaTeX package
)
(/usr/share/texlive/texmf-dist/tex/latex/wasysym/wasysym.sty
Package: wasysym 2020/01/19 v2.4 Wasy-2 symbol support package
\symwasy=\mathgroup6
LaTeX Font Info:    Overwriting symbol font `wasy' in version `bold'
(Font)                  U/wasy/m/n --> U/wasy/b/n on input line 93.
)
(/usr/share/texlive/texmf-dist/tex/generic/iftex/ifxetex.sty
Package: ifxetex 2019/10/25 v0.7 ifxetex legacy package. Use iftex instead.
)
(/usr/share/texlive/texmf-dist/tex/latex/base/fontenc.sty
Package: fontenc 2020/02/11 v2.0o Standard LaTeX package
)
(/usr/share/texlive/texmf-dist/tex/latex/psnfss/helvet.sty
Package: helvet 2005/04/12 PSNFSS-v9.2a (WaS) 
)
(/usr/share/texlive/texmf-dist/tex/latex/psnfss/courier.sty
Package: courier 2005/04/12 PSNFSS-v9.2a (WaS) 
)
(/usr/share/texlive/texmf-dist/tex/latex/sectsty/sectsty.sty
Package: sectsty 2002/02/25 v2.0.2 Commands to change all sectional heading sty
les


LaTeX Warning: Command \underbar  has changed.
               Check if current package is valid.


LaTeX Warning: Command \underline  has changed.
               Check if current package is valid.

) (/usr/share/texlive/texmf-dist/tex/latex/geometry/geometry.sty
Package: geometry 2020/01/02 v5.9 Page Geometry

(/usr/share/texlive/texmf-dist/tex/generic/iftex/ifvtex.sty
Package: ifvtex 2019/10/25 v1.7 ifvtex legacy package. Use iftex instead.
)
\Gm@cnth=\count282
\Gm@cntv=\count283
\c@Gm@tempcnt=\count284
\Gm@bindingoffset=\dimen183
\Gm@wd@mp=\dimen184
\Gm@odd@mp=\dimen185
\Gm@even@mp=\dimen186
\Gm@layoutwidth=\dimen187
\Gm@layoutheight=\dimen188
\Gm@layouthoffset=\dimen189
\Gm@layoutvoffset=\dimen190
\Gm@dimlist=\toks31
)
(/usr/share/texlive/texmf-dist/tex/latex/fancyhdr/fancyhdr.sty
Package: fancyhdr 2019/01/31 v3.10 Extensive control of page headers and footer
s
\f@nch@headwidth=\skip81
\f@nch@O@elh=\skip82
\f@nch@O@erh=\skip83
\f@nch@O@olh=\skip84
\f@nch@O@orh=\skip85
\f@nch@O@elf=\skip86
\f@nch@O@erf=\skip87
\f@nch@O@olf=\skip88
\f@nch@O@orf=\skip89
)
(/usr/share/texlive/texmf-dist/tex/latex/natbib/natbib.sty
Package: natbib 2010/09/13 8.31b (PWD, AO)
\bibhang=\skip90
\bibsep=\skip91
LaTeX Info: Redefining \cite on input line 694.
\c@NAT@ctr=\count285
)
(/usr/share/texlive/texmf-dist/tex/latex/tocloft/tocloft.sty
Package: tocloft 2017/08/31 v2.3i parameterised ToC, etc., typesetting
Package tocloft Info: The document has chapter divisions on input line 51.
\cftparskip=\skip92
\cftbeforetoctitleskip=\skip93
\cftaftertoctitleskip=\skip94
\cftbeforepartskip=\skip95
\cftpartnumwidth=\skip96
\cftpartindent=\skip97
\cftbeforechapskip=\skip98
\cftchapindent=\skip99
\cftchapnumwidth=\skip100
\cftbeforesecskip=\skip101
\cftsecindent=\skip102
\cftsecnumwidth=\skip103
\cftbeforesubsecskip=\skip104
\cftsubsecindent=\skip105
\cftsubsecnumwidth=\skip106
\cftbeforesubsubsecskip=\skip107
\cftsubsubsecindent=\skip108
\cftsubsubsecnumwidth=\skip109
\cftbeforeparaskip=\skip110
\cftparaindent=\skip111
\cftparanumwidth=\skip112
\cftbeforesubparaskip=\skip113
\cftsubparaindent=\skip114
\cftsubparanumwidth=\skip115
\cftbeforeloftitleskip=\skip116
\cftafterloftitleskip=\skip117
\cftbeforefigskip=\skip118
\cftfigindent=\skip119
\cftfignumwidth=\skip120
\c@lofdepth=\count286
\c@lotdepth=\count287
\cftbeforelottitleskip=\skip121
\cftafterlottitleskip=\skip122
\cftbeforetabskip=\skip123
\cfttabindent=\skip124
\cfttabnumwidth=\skip125
)
\@indexfile=\write4
\openout4 = `refman.idx'.


Writing index file refman.idx
(/usr/share/texlive/texmf-dist/tex/latex/newunicodechar/newunicodechar.sty
Package: newunicodechar 2018/04/08 v1.2 Defining Unicode characters
)

Package newunicodechar Warning: Redefining Unicode character on input line 116.



Package newunicodechar Warning: Redefining Unicode character on input line 117.


(/usr/share/texlive/texmf-dist/tex/latex/hyperref/hyperref.sty
Package: hyperref 2020/01/14 v7.00d Hypertext links for LaTeX

(/usr/share/texlive/texmf-dist/tex/generic/ltxcmds/ltxcmds.sty
Package: ltxcmds 2019/12/15 v1.24 LaTeX kernel commands for general use (HO)
)
(/usr/share/texlive/texmf-dist/tex/latex/pdftexcmds/pdftexcmds.sty
Package: pdftexcmds 2019/11/24 v0.31 Utility functions of pdfTeX for LuaTeX (HO
)

(/usr/share/texlive/texmf-dist/tex/generic/infwarerr/infwarerr.sty
Package: infwarerr 2019/12/03 v1.5 Providing info/warning/error messages (HO)
)
Package pdftexcmds Info: \pdf@primitive is available.
Package pdftexcmds Info: \pdf@ifprimitive is available.
Package pdftexcmds Info: \pdfdraftmode found.
)
(/usr/share/texlive/texmf-dist/tex/generic/kvsetkeys/kvsetkeys.sty
Package: kvsetkeys 2019/12/15 v1.18 Key value parser (HO)
)
(/usr/share/texlive/texmf-dist/tex/generic/kvdefinekeys/kvdefinekeys.sty
Package: kvdefinekeys 2019-12-19 v1.6 Define keys (HO)
)
(/usr/share/texlive/texmf-dist/tex/generic/pdfescape/pdfescape.sty
Package: pdfescape 2019/12/09 v1.15 Implements pdfTeX's escape features (HO)
)
(/usr/share/texlive/texmf-dist/tex/latex/hycolor/hycolor.sty
Package: hycolor 2020-01-27 v1.10 Color options for hyperref/bookmark (HO)
)
(/usr/share/texlive/texmf-dist/tex/latex/letltxmacro/letltxmacro.sty
Package: letltxmacro 2019/12/03 v1.6 Let assignment for LaTeX macros (HO)
)
(/usr/share/texlive/texmf-dist/tex/latex/auxhook/auxhook.sty
Package: auxhook 2019-12-17 v1.6 Hooks for auxiliary files (HO)
)
(/usr/share/texlive/texmf-dist/tex/latex/kvoptions/kvoptions.sty
Package: kvoptions 2019/11/29 v3.13 Key value format for package options (HO)
)
\@linkdim=\dimen191
\Hy@linkcounter=\count288
\Hy@pagecounter=\count289

(/usr/share/texlive/texmf-dist/tex/latex/hyperref/pd1enc.def
File: pd1enc.def 2020/01/14 v7.00d Hyperref: PDFDocEncoding definition (HO)
Now handling font encoding PD1 ...
... no UTF-8 mapping file for font encoding PD1
)
(/usr/share/texlive/texmf-dist/tex/generic/intcalc/intcalc.sty
Package: intcalc 2019/12/15 v1.3 Expandable calculations with integers (HO)
)
(/usr/share/texlive/texmf-dist/tex/generic/etexcmds/etexcmds.sty
Package: etexcmds 2019/12/15 v1.7 Avoid name clashes with e-TeX commands (HO)
)
\Hy@SavedSpaceFactor=\count290
\pdfmajorversion=\count291
Package hyperref Info: Hyper figures OFF on input line 4547.
Package hyperref Info: Link nesting OFF on input line 4552.
Package hyperref Info: Hyper index ON on input line 4555.
Package hyperref Info: Plain pages OFF on input line 4562.
Package hyperref Info: Backreferencing ON on input line 4565.
Package hyperref Info: Implicit mode ON; LaTeX internals redefined.
Package hyperref Info: Bookmarks ON on input line 4800.

(/usr/share/texlive/texmf-dist/tex/latex/hyperref/backref.sty
Package: backref 2020/01/14 v1.40 Bibliographical back referencing

(/usr/share/texlive/texmf-dist/tex/latex/rerunfilecheck/rerunfilecheck.sty
Package: rerunfilecheck 2019/12/05 v1.9 Rerun checks for auxiliary files (HO)

(/usr/share/texlive/texmf-dist/tex/latex/atveryend/atveryend.sty
Package: atveryend 2019-12-11 v1.11 Hooks at the very end of document (HO)
)
(/usr/share/texlive/texmf-dist/tex/generic/uniquecounter/uniquecounter.sty
Package: uniquecounter 2019/12/15 v1.4 Provide unlimited unique counter (HO)

(/usr/share/texlive/texmf-dist/tex/generic/bigintcalc/bigintcalc.sty
Package: bigintcalc 2019/12/15 v1.5 Expandable calculations on big integers (HO
)
))
Package uniquecounter Info: New unique counter `rerunfilecheck' on input line 2
86.
))
\c@Hy@tempcnt=\count292

(/usr/share/texlive/texmf-dist/tex/latex/url/url.sty
\Urlmuskip=\muskip16
Package: url 2013/09/16  ver 3.4  Verb mode for urls, etc.
)
LaTeX Info: Redefining \url on input line 5159.
\XeTeXLinkMargin=\dimen192

(/usr/share/texlive/texmf-dist/tex/generic/bitset/bitset.sty
Package: bitset 2019/12/09 v1.3 Handle bit-vector datatype (HO)
)
\Fld@menulength=\count293
\Field@Width=\dimen193
\Fld@charsize=\dimen194
Package hyperref Info: Hyper figures OFF on input line 6430.
Package hyperref Info: Link nesting OFF on input line 6435.
Package hyperref Info: Hyper index ON on input line 6438.
Package hyperref Info: backreferencing ON on input line 6443.
Package hyperref Info: Link coloring OFF on input line 6450.
Package hyperref Info: Link coloring with OCG OFF on input line 6455.
Package hyperref Info: PDF/A mode OFF on input line 6460.
LaTeX Info: Redefining \ref on input line 6500.
LaTeX Info: Redefining \pageref on input line 6504.

(/usr/share/texlive/texmf-dist/tex/generic/atbegshi/atbegshi.sty
Package: atbegshi 2019/12/05 v1.19 At begin shipout hook (HO)
)
\Hy@abspage=\count294
\c@Item=\count295
\c@Hfootnote=\count296
)
Package hyperref Info: Driver: hpdftex.

(/usr/share/texlive/texmf-dist/tex/latex/hyperref/hpdftex.def
File: hpdftex.def 2020/01/14 v7.00d Hyperref driver for pdfTeX
\Fld@listcount=\count297
\c@bookmark@seq@number=\count298
\Hy@SectionHShift=\skip126
)
Package hyperref Info: Option `colorlinks' set `true' on input line 135.
Package hyperref Info: Option `unicode' set `true' on input line 135.

(/usr/share/texlive/texmf-dist/tex/latex/hyperref/puenc.def
File: puenc.def 2020/01/14 v7.00d Hyperref: PDF Unicode definition (HO)
Now handling font encoding PU ...
... no UTF-8 mapping file for font encoding PU
)
(/usr/share/texlive/texmf-dist/tex/latex/caption/caption.sty
Package: caption 2020/01/03 v3.4h Customizing captions (AR)

(/usr/share/texlive/texmf-dist/tex/latex/caption/caption3.sty
Package: caption3 2020/01/03 v1.8h caption3 kernel (AR)
Package caption3 Info: TeX engine: e-TeX on input line 61.
\captionmargin=\dimen195
\captionmargin@=\dimen196
\captionwidth=\dimen197
\caption@tempdima=\dimen198
\caption@indent=\dimen199
\caption@parindent=\dimen256
\caption@hangindent=\dimen257
Package caption Info: Standard document class detected.
)
\c@caption@flags=\count299
\c@continuedfloat=\count300
Package caption Info: float package is loaded.
Package caption Info: hyperref package is loaded.
Package caption Info: longtable package is loaded.

(/usr/share/texlive/texmf-dist/tex/latex/caption/ltcaption.sty
Package: ltcaption 2018/08/26 v1.4a longtable captions (AR)
))
(/usr/share/texlive/texmf-dist/tex/latex/etoc/etoc.sty
Package: etoc 2019/11/17 v1.09b Completely customisable TOCs (JFB)
\Etoc@toctoks=\toks32
\c@etoc@tocid=\count301
\c@etoc@tocdepth=\count302
\etoc@framed@titlebox=\box112
\etoc@framed@contentsbox=\box113
)
(/usr/share/texlive/texmf-dist/tex/latex/l3backend/l3backend-pdfmode.def
File: l3backend-pdfmode.def 2020-02-03 L3 backend support: PDF mode
\l__kernel_color_stack_int=\count303
\l__pdf_internal_box=\box114
)
(./refman.aux)
\openout1 = `refman.aux'.

LaTeX Font Info:    Checking defaults for OML/cmm/m/it on input line 150.
LaTeX Font Info:    ... okay on input line 150.
LaTeX Font Info:    Checking defaults for OMS/cmsy/m/n on input line 150.
LaTeX Font Info:    ... okay on input line 150.
LaTeX Font Info:    Checking defaults for OT1/cmr/m/n on input line 150.
LaTeX Font Info:    ... okay on input line 150.
LaTeX Font Info:    Checking defaults for T1/cmr/m/n on input line 150.
LaTeX Font Info:    ... okay on input line 150.
LaTeX Font Info:    Checking defaults for TS1/cmr/m/n on input line 150.
LaTeX Font Info:    ... okay on input line 150.
LaTeX Font Info:    Checking defaults for OMX/cmex/m/n on input line 150.
LaTeX Font Info:    ... okay on input line 150.
LaTeX Font Info:    Checking defaults for U/cmr/m/n on input line 150.
LaTeX Font Info:    ... okay on input line 150.
LaTeX Font Info:    Checking defaults for PD1/pdf/m/n on input line 150.
LaTeX Font Info:    ... okay on input line 150.
LaTeX Font Info:    Checking defaults for PU/pdf/m/n on input line 150.
LaTeX Font Info:    ... okay on input line 150.
LaTeX Font Info:    Trying to load font information for T1+phv on input line 15
0.
 (/usr/share/texlive/texmf-dist/tex/latex/psnfss/t1phv.fd
File: t1phv.fd 2001/06/04 scalable font definitions for T1/phv.
)
LaTeX Font Info:    Font shape `T1/phv/m/n' will be
(Font)              scaled to size 8.99994pt on input line 150.

(/usr/share/texlive/texmf-dist/tex/context/base/mkii/supp-pdf.mkii
[Loading MPS to PDF converter (version 2006.09.02).]
\scratchcounter=\count304
\scratchdimen=\dimen258
\scratchbox=\box115
\nofMPsegments=\count305
\nofMParguments=\count306
\everyMPshowfont=\toks33
\MPscratchCnt=\count307
\MPscratchDim=\dimen259
\MPnumerator=\count308
\makeMPintoPDFobject=\count309
\everyMPtoPDFconversion=\toks34
) (/usr/share/texlive/texmf-dist/tex/latex/epstopdf-pkg/epstopdf-base.sty
Package: epstopdf-base 2020-01-24 v2.11 Base part for package epstopdf
Package epstopdf-base Info: Redefining graphics rule for `.eps' on input line 4
85.

(/usr/share/texlive/texmf-dist/tex/latex/latexconfig/epstopdf-sys.cfg
File: epstopdf-sys.cfg 2010/07/13 v1.3 Configuration of (r)epstopdf for TeX Liv
e
))
*geometry* driver: auto-detecting
*geometry* detected driver: pdftex
*geometry* verbose mode - [ preamble ] result:
* driver: pdftex
* paper: a4paper
* layout: <same size as paper>
* layoutoffset:(h,v)=(0.0pt,0.0pt)
* modes: twoside 
* h-part:(L,W,R)=(71.13188pt, 455.24411pt, 71.13188pt)
* v-part:(T,H,B)=(71.13188pt, 702.78308pt, 71.13188pt)
* \paperwidth=597.50787pt
* \paperheight=845.04684pt
* \textwidth=455.24411pt
* \textheight=702.78308pt
* \oddsidemargin=-1.1381pt
* \evensidemargin=-1.1381pt
* \topmargin=-31.2056pt
* \headheight=12.0pt
* \headsep=18.06749pt
* \topskip=10.0pt
* \footskip=25.29494pt
* \marginparwidth=125.0pt
* \marginparsep=7.0pt
* \columnsep=10.0pt
* \skip\footins=9.0pt plus 4.0pt minus 2.0pt
* \hoffset=0.0pt
* \voffset=0.0pt
* \mag=1000
* \@twocolumnfalse
* \@twosidetrue
* \@mparswitchtrue
* \@reversemarginfalse
* (1in=72.27pt=25.4mm, 1cm=28.453pt)

Package backref Info: ** backref set up for natbib ** on input line 150.
\AtBeginShipoutBox=\box116
Package hyperref Info: Link coloring ON on input line 150.
(/usr/share/texlive/texmf-dist/tex/latex/hyperref/nameref.sty
Package: nameref 2019/09/16 v2.46 Cross-referencing by name of section

(/usr/share/texlive/texmf-dist/tex/latex/refcount/refcount.sty
Package: refcount 2019/12/15 v3.6 Data extraction from label references (HO)
)
(/usr/share/texlive/texmf-dist/tex/generic/gettitlestring/gettitlestring.sty
Package: gettitlestring 2019/12/15 v1.6 Cleanup title references (HO)
)
\c@section@level=\count310
)
LaTeX Info: Redefining \ref on input line 150.
LaTeX Info: Redefining \pageref on input line 150.
LaTeX Info: Redefining \nameref on input line 150.

(./refman.out) (./refman.out)
\@outlinefile=\write5
\openout5 = `refman.out'.

Package caption Info: Begin \AtBeginDocument code.
Package caption Info: End \AtBeginDocument code.
\Etoc@tf=\read4
Package hyperref Info: Option `pageanchor' set `false' on input line 156.
Package hyperref Info: Option `bookmarksnumbered' set `true' on input line 156.

Package hyperref Info: Option `unicode' set `true' on input line 156.
LaTeX Font Info:    Font shape `T1/phv/m/n' will be
(Font)              scaled to size 12.9599pt on input line 161.
LaTeX Font Info:    Font shape `T1/phv/m/n' will be
(Font)              scaled to size 10.79993pt on input line 161.
LaTeX Font Info:    Font shape `T1/phv/m/n' will be
(Font)              scaled to size 6.29996pt on input line 161.
LaTeX Font Info:    Trying to load font information for U+msa on input line 161
.

(/usr/share/texlive/texmf-dist/tex/latex/amsfonts/umsa.fd
File: umsa.fd 2013/01/14 v3.01 AMS symbols A
)
LaTeX Font Info:    Trying to load font information for U+msb on input line 161
.

(/usr/share/texlive/texmf-dist/tex/latex/amsfonts/umsb.fd
File: umsb.fd 2013/01/14 v3.01 AMS symbols B
)
LaTeX Font Info:    Trying to load font information for U+wasy on input line 16
1.

(/usr/share/texlive/texmf-dist/tex/latex/wasysym/uwasy.fd
File: uwasy.fd 2020/01/19 v2.4 Wasy-2 symbol font definitions
) [1


{/var/lib/texmf/fonts/map/pdftex/updmap/pdftex.map}] [2

]
\tf@toc=\write6
\openout6 = `refman.toc'.

LaTeX Font Info:    Font shape `T1/phv/b/n' will be
(Font)              scaled to size 8.99994pt on input line 169.
LaTeX Font Info:    Font shape `T1/phv/m/n' will be
(Font)              scaled to size 7.19995pt on input line 169.
LaTeX Font Info:    Trying to load font information for T1+pcr on input line 16
9.

(/usr/share/texlive/texmf-dist/tex/latex/psnfss/t1pcr.fd
File: t1pcr.fd 2001/06/04 font definitions for T1/pcr.
)
LaTeX Font Info:    Font shape `T1/phv/b/n' will be
(Font)              scaled to size 6.29996pt on input line 169.
 [1]
Underfull \hbox (badness 1163) in paragraph at lines 169--169
 [][] [][]\T1/phv/m/n/10 5.5 om[]_[]unconstrained[]_[]methods[]::om[]_[]line[]_
[]methods[]::fibonacci[]_[]method$\OML/cmm/m/it/10 <$ \T1/phv/m/n/10 fp[]_[]typ
e, type-name $\OML/cmm/m/it/10 >$ \T1/phv/m/n/10 Class 
 []


Underfull \hbox (badness 1237) in paragraph at lines 169--169
 [][] [][]\T1/phv/m/n/10 5.6 om[]_[]unconstrained[]_[]methods[]::om[]_[]conjuga
te[]_[]gradient[]::fletcher[]_[]reeves[]_[]method$\OML/cmm/m/it/10 <$ \T1/phv/m
/n/10 fp[]_[]type $\OML/cmm/m/it/10 >$ \T1/phv/m/n/10 Class 
 []


Underfull \hbox (badness 2189) in paragraph at lines 169--169
 [][] [][]\T1/phv/m/n/10 5.7 om[]_[]unconstrained[]_[]methods[]::om[]_[]line[]_
[]methods[]::golden[]_[]section[]_[]method$\OML/cmm/m/it/10 <$ \T1/phv/m/n/10 f
p[]_[]type, type-name $\OML/cmm/m/it/10 >$ 
 []

[2]
Underfull \hbox (badness 2818) in paragraph at lines 169--169
 [][] [][]\T1/phv/m/n/10 5.11 om[]_[]unconstrained[]_[]methods[]::om[]_[]conjug
ate[]_[]gradient[]::polak[]_[]ribiere[]_[]method$\OML/cmm/m/it/10 <$ \T1/phv/m/
n/10 fp[]_[]type $\OML/cmm/m/it/10 >$ \T1/phv/m/n/10 Class 
 []

[3] [4]
Package hyperref Info: Option `pageanchor' set `true' on input line 171.

Chapter 1.
LaTeX Font Info:    Font shape `T1/phv/m/n' will be
(Font)              scaled to size 18.66588pt on input line 174.
LaTeX Font Info:    Font shape `T1/phv/b/n' will be
(Font)              scaled to size 18.66588pt on input line 174.
LaTeX Font Info:    Font shape `T1/phv/bc/n' will be
(Font)              scaled to size 18.66588pt on input line 174.
LaTeX Font Info:    Font shape `T1/phv/m/n' will be
(Font)              scaled to size 22.39185pt on input line 174.
LaTeX Font Info:    Font shape `T1/phv/b/n' will be
(Font)              scaled to size 22.39185pt on input line 174.
LaTeX Font Info:    Font shape `T1/phv/bc/n' will be
(Font)              scaled to size 22.39185pt on input line 174.
(./namespaces.tex
LaTeX Font Info:    Font shape `T1/phv/b/n' will be
(Font)              scaled to size 12.9599pt on input line 1.
) [1


] [2

]
Chapter 2.
(./hierarchy.tex) [3] [4

]
Chapter 3.
(./annotated.tex) [5] [6

]
Chapter 4.
(./namespaceom__test__functions.tex
LaTeX Font Info:    Font shape `T1/phv/b/n' will be
(Font)              scaled to size 10.79993pt on input line 8.
LaTeX Font Info:    Trying to load font information for TS1+phv on input line 1
1.

(/usr/share/texlive/texmf-dist/tex/latex/psnfss/ts1phv.fd
File: ts1phv.fd 2001/06/04 scalable font definitions for TS1/phv.
)
LaTeX Font Info:    Font shape `TS1/phv/m/n' will be
(Font)              scaled to size 8.99994pt on input line 11.
LaTeX Font Info:    Font shape `T1/phv/m/n' will be
(Font)              scaled to size 8.09995pt on input line 12.
LaTeX Font Info:    Font shape `T1/phv/m/it' in size <9> not available
(Font)              Font shape `T1/phv/m/sl' tried instead on input line 12.
LaTeX Font Info:    Font shape `T1/phv/m/sl' will be
(Font)              scaled to size 8.09995pt on input line 12.
LaTeX Font Info:    Font shape `TS1/phv/m/it' in size <9> not available
(Font)              Font shape `TS1/phv/m/sl' tried instead on input line 12.
LaTeX Font Info:    Font shape `TS1/phv/m/sl' will be
(Font)              scaled to size 8.09995pt on input line 12.
 [7]
LaTeX Font Info:    Font shape `T1/pcr/m/it' in size <8> not available
(Font)              Font shape `T1/pcr/m/sl' tried instead on input line 56.

Underfull \hbox (badness 10000) detected at line 74
[][][]
 []

[8]
Underfull \hbox (badness 10000) detected at line 100
[][][]
 []


Underfull \hbox (badness 10000) detected at line 126
[][][]
 []

) [9] [10

]
Chapter 5.
(./classom__unconstrained__methods_1_1om__line__methods_1_1brent__method.tex

Package hyperref Warning: Token not allowed in a PDF string (Unicode):
(hyperref)                removing `math shift' on input line 1.


Package hyperref Warning: Token not allowed in a PDF string (Unicode):
(hyperref)                removing `math shift' on input line 1.


Package hyperref Warning: Token not allowed in a PDF string (Unicode):
(hyperref)                removing `math shift' on input line 1.


Package hyperref Warning: Token not allowed in a PDF string (Unicode):
(hyperref)                removing `math shift' on input line 1.

LaTeX Font Info:    Font shape `T1/phv/bc/n' will be
(Font)              scaled to size 6.29996pt on input line 33.

Overfull \vbox (21.37001pt too high) has occurred while \output is active []


[11]
LaTeX Font Info:    Font shape `T1/phv/b/n' will be
(Font)              scaled to size 7.19995pt on input line 50.
LaTeX Font Info:    Font shape `T1/pcr/m/it' in size <7> not available
(Font)              Font shape `T1/pcr/m/sl' tried instead on input line 52.

Underfull \hbox (badness 10000) in paragraph at lines 51--53
\T1/pcr/m/n/8 template$\OML/cmm/m/it/8 <$\T1/pcr/m/n/8 typename fp[]_[]type = d
ouble, typename = typename std[]::enable[]_[]if$\OML/cmm/m/it/8 <$ \T1/pcr/m/n/
8 std[]::is[]_[]floating[]_[]
 []


Underfull \hbox (badness 10000) in paragraph at lines 71--73
\T1/pcr/m/n/8 template$\OML/cmm/m/it/8 <$\T1/pcr/m/n/8 typename fp[]_[]type = d
ouble, typename = typename std[]::enable[]_[]if$\OML/cmm/m/it/8 <$ \T1/pcr/m/n/
8 std[]::is[]_[]floating[]_[]
 []


Underfull \hbox (badness 10000) in paragraph at lines 90--92
\T1/pcr/m/n/8 template$\OML/cmm/m/it/8 <$\T1/pcr/m/n/8 typename fp[]_[]type = d
ouble, typename = typename std[]::enable[]_[]if$\OML/cmm/m/it/8 <$ \T1/pcr/m/n/
8 std[]::is[]_[]floating[]_[]
 []


Overfull \hbox (82.98984pt too wide) in paragraph at lines 90--92
\T1/pcr/m/n/8 std[]::tuple$\OML/cmm/m/it/8 <$\T1/pcr/m/n/8 fp[]_[]type, fp[]_[]
type, std[]::size[]_[]t, std[]::size[]_[]t$\OML/cmm/m/it/8 >$ []$<$
 []

[12]
Underfull \hbox (badness 10000) detected at line 102
[][][]
 []


Underfull \hbox (badness 10000) in paragraph at lines 109--111
\T1/pcr/m/n/8 template$\OML/cmm/m/it/8 <$\T1/pcr/m/n/8 typename fp[]_[]type = d
ouble, typename = typename std[]::enable[]_[]if$\OML/cmm/m/it/8 <$ \T1/pcr/m/n/
8 std[]::is[]_[]floating[]_[]
 []


Underfull \hbox (badness 10000) in paragraph at lines 109--111
[]\T1/pcr/m/n/8 & []$\OML/cmm/m/it/8 <$ \T1/pcr/m/n/8 fp[]_[]type, typename $\O
ML/cmm/m/it/8 >$[]
 []


Underfull \hbox (badness 10000) detected at line 121
[][][]
 []

)
(./classom__unconstrained__methods_1_1om__quasi__newton_1_1broyden__fletcher__g
oldfarb__shanno__method.tex

Package hyperref Warning: Token not allowed in a PDF string (Unicode):
(hyperref)                removing `math shift' on input line 1.


Package hyperref Warning: Token not allowed in a PDF string (Unicode):
(hyperref)                removing `math shift' on input line 1.


Package hyperref Warning: Token not allowed in a PDF string (Unicode):
(hyperref)                removing `math shift' on input line 1.


Package hyperref Warning: Token not allowed in a PDF string (Unicode):
(hyperref)                removing `math shift' on input line 1.


Underfull \hbox (badness 1762) in paragraph at lines 14--16
[]\T1/phv/m/n/10 Inheritance di-a-gram for om[]_[]unconstrained[]_[]methods[]::
om[]_[]quasi[]_[]newton[]::broyden[]_[]fletcher[]_[]goldfarb[]_[]shanno[]_[]
 []


Package Fancyhdr Warning: \headheight is too small (12.0pt): 
Make it at least 22.16548pt.
We now make it that large for the rest of the document.
This may cause the page layout to be inconsistent, however.

[13]
Underfull \hbox (badness 10000) in paragraph at lines 48--50
[]$\OML/cmm/m/it/8 <$ \T1/pcr/m/n/8 fp[]_[]type
 []

[14]
Underfull \hbox (badness 10000) in paragraph at lines 75--77
\T1/pcr/m/n/8 std[]::tuple$\OML/cmm/m/it/8 <$ \T1/pcr/m/n/8 om[]_[]unconstraine
d[]_[]methods[]::om[]_[]quasi[]_[]newton[]::vector[]_[]t$\OML/cmm/m/it/8 <$ \T1
/pcr/m/n/8 fp[]_[]type $\OML/cmm/m/it/8 >$\T1/pcr/m/n/8 , fp[]_[]type, std[]
 []


Underfull \hbox (badness 10000) in paragraph at lines 75--77
\T1/pcr/m/n/8 ::size[]_[]t $\OML/cmm/m/it/8 >$ []$<$
 []


Underfull \hbox (badness 10000) detected at line 89
[][][]
 []

)
(./classom__unconstrained__methods_1_1om__conjugate__gradient_1_1conjugate__gra
dient__base.tex

Package hyperref Warning: Token not allowed in a PDF string (Unicode):
(hyperref)                removing `math shift' on input line 1.


Package hyperref Warning: Token not allowed in a PDF string (Unicode):
(hyperref)                removing `math shift' on input line 1.


Package hyperref Warning: Token not allowed in a PDF string (Unicode):
(hyperref)                removing `math shift' on input line 1.


Package hyperref Warning: Token not allowed in a PDF string (Unicode):
(hyperref)                removing `math shift' on input line 1.

[15]
Underfull \hbox (badness 10000) in paragraph at lines 73--75
\T1/pcr/m/n/8 template$\OML/cmm/m/it/8 <$\T1/pcr/m/n/8 typename fp[]_[]type = d
ouble, typename = typename std[]::enable[]_[]if$\OML/cmm/m/it/8 <$ \T1/pcr/m/n/
8 std[]::is[]_[]floating[]_[]
 []


Underfull \hbox (badness 10000) in paragraph at lines 73--75
[]$\OML/cmm/m/it/8 <$ \T1/pcr/m/n/8 fp[]_[]type, typename
 []

[16]
Underfull \hbox (badness 10000) in paragraph at lines 97--99
\T1/pcr/m/n/8 template$\OML/cmm/m/it/8 <$\T1/pcr/m/n/8 typename fp[]_[]type = d
ouble, typename = typename std[]::enable[]_[]if$\OML/cmm/m/it/8 <$ \T1/pcr/m/n/
8 std[]::is[]_[]floating[]_[]
 []


Underfull \hbox (badness 10000) in paragraph at lines 97--99
[]$\OML/cmm/m/it/8 <$ \T1/pcr/m/n/8 fp[]_[]type, typename
 []


Underfull \hbox (badness 10000) in paragraph at lines 116--118
\T1/pcr/m/n/8 template$\OML/cmm/m/it/8 <$\T1/pcr/m/n/8 typename fp[]_[]type = d
ouble, typename = typename std[]::enable[]_[]if$\OML/cmm/m/it/8 <$ \T1/pcr/m/n/
8 std[]::is[]_[]floating[]_[]
 []


Overfull \hbox (16.96739pt too wide) in paragraph at lines 116--118
[]\T1/pcr/m/n/8 & []$\OML/cmm/m/it/8 <$
 []


Underfull \hbox (badness 10000) detected at line 128
[][][]
 []


Underfull \hbox (badness 10000) in paragraph at lines 135--137
\T1/pcr/m/n/8 template$\OML/cmm/m/it/8 <$\T1/pcr/m/n/8 typename fp[]_[]type = d
ouble, typename = typename std[]::enable[]_[]if$\OML/cmm/m/it/8 <$ \T1/pcr/m/n/
8 std[]::is[]_[]floating[]_[]
 []

[17]
Underfull \hbox (badness 10000) in paragraph at lines 151--153
\T1/pcr/m/n/8 template$\OML/cmm/m/it/8 <$\T1/pcr/m/n/8 typename fp[]_[]type = d
ouble, typename = typename std[]::enable[]_[]if$\OML/cmm/m/it/8 <$ \T1/pcr/m/n/
8 std[]::is[]_[]floating[]_[]
 []


Underfull \hbox (badness 10000) in paragraph at lines 167--169
\T1/pcr/m/n/8 template$\OML/cmm/m/it/8 <$\T1/pcr/m/n/8 typename fp[]_[]type = d
ouble, typename = typename std[]::enable[]_[]if$\OML/cmm/m/it/8 <$ \T1/pcr/m/n/
8 std[]::is[]_[]floating[]_[]
 []


Underfull \hbox (badness 10000) in paragraph at lines 183--185
\T1/pcr/m/n/8 template$\OML/cmm/m/it/8 <$\T1/pcr/m/n/8 typename fp[]_[]type = d
ouble, typename = typename std[]::enable[]_[]if$\OML/cmm/m/it/8 <$ \T1/pcr/m/n/
8 std[]::is[]_[]floating[]_[]
 []


Underfull \vbox (badness 1248) has occurred while \output is active []

 [18])
(./classom__unconstrained__methods_1_1om__quasi__newton_1_1davidon__fletcher__p
owell__method.tex

Package hyperref Warning: Token not allowed in a PDF string (Unicode):
(hyperref)                removing `math shift' on input line 1.


Package hyperref Warning: Token not allowed in a PDF string (Unicode):
(hyperref)                removing `math shift' on input line 1.


Package hyperref Warning: Token not allowed in a PDF string (Unicode):
(hyperref)                removing `math shift' on input line 1.


Package hyperref Warning: Token not allowed in a PDF string (Unicode):
(hyperref)                removing `math shift' on input line 1.

[19]
Overfull \hbox (105.17865pt too wide) in paragraph at lines 48--50
[]$\OML/cmm/m/it/8 <$ \T1/pcr/m/n/8 fp[]_[]type $\OML/cmm/m/it/8 >$[]\T1/pcr/m/
n/8 ::[]
 []


Underfull \hbox (badness 10000) in paragraph at lines 75--77
\T1/pcr/m/n/8 std[]::tuple$\OML/cmm/m/it/8 <$ \T1/pcr/m/n/8 om[]_[]unconstraine
d[]_[]methods[]::om[]_[]quasi[]_[]newton[]::vector[]_[]t$\OML/cmm/m/it/8 <$ \T1
/pcr/m/n/8 fp[]_[]type $\OML/cmm/m/it/8 >$\T1/pcr/m/n/8 , fp[]_[]type, std[]
 []


Underfull \hbox (badness 10000) in paragraph at lines 75--77
\T1/pcr/m/n/8 ::size[]_[]t $\OML/cmm/m/it/8 >$ []$<$ \T1/pcr/m/n/8 fp[]_[]type
 []


Overfull \vbox (18.80682pt too high) has occurred while \output is active []


[20]
Underfull \hbox (badness 10000) detected at line 89
[][][]
 []

)
(./classom__unconstrained__methods_1_1om__line__methods_1_1fibonacci__method.te
x

Package hyperref Warning: Token not allowed in a PDF string (Unicode):
(hyperref)                removing `math shift' on input line 1.


Package hyperref Warning: Token not allowed in a PDF string (Unicode):
(hyperref)                removing `math shift' on input line 1.


Package hyperref Warning: Token not allowed in a PDF string (Unicode):
(hyperref)                removing `math shift' on input line 1.


Package hyperref Warning: Token not allowed in a PDF string (Unicode):
(hyperref)                removing `math shift' on input line 1.


Underfull \vbox (badness 10000) has occurred while \output is active []

 [21]
Underfull \hbox (badness 10000) in paragraph at lines 51--53
\T1/pcr/m/n/8 template$\OML/cmm/m/it/8 <$\T1/pcr/m/n/8 typename fp[]_[]type = d
ouble, typename = typename std[]::enable[]_[]if$\OML/cmm/m/it/8 <$ \T1/pcr/m/n/
8 std[]::is[]_[]floating[]_[]
 []


Overfull \hbox (18.7786pt too wide) in paragraph at lines 51--53
[]$\OML/cmm/m/it/8 <$ \T1/pcr/m/n/8 fp[]_[]type, typename $\OML/cmm/m/it/8 >$[]
\T1/pcr/m/n/8 ::[]
 []


Underfull \hbox (badness 10000) in paragraph at lines 71--73
\T1/pcr/m/n/8 template$\OML/cmm/m/it/8 <$\T1/pcr/m/n/8 typename fp[]_[]type = d
ouble, typename = typename std[]::enable[]_[]if$\OML/cmm/m/it/8 <$ \T1/pcr/m/n/
8 std[]::is[]_[]floating[]_[]
 []


Overfull \hbox (18.7786pt too wide) in paragraph at lines 71--73
[]$\OML/cmm/m/it/8 <$ \T1/pcr/m/n/8 fp[]_[]type, typename $\OML/cmm/m/it/8 >$[]
\T1/pcr/m/n/8 ::[]
 []


Underfull \hbox (badness 10000) in paragraph at lines 90--92
\T1/pcr/m/n/8 template$\OML/cmm/m/it/8 <$\T1/pcr/m/n/8 typename fp[]_[]type = d
ouble, typename = typename std[]::enable[]_[]if$\OML/cmm/m/it/8 <$ \T1/pcr/m/n/
8 std[]::is[]_[]floating[]_[]
 []


Overfull \hbox (102.18985pt too wide) in paragraph at lines 90--92
\T1/pcr/m/n/8 std[]::tuple$\OML/cmm/m/it/8 <$\T1/pcr/m/n/8 fp[]_[]type, fp[]_[]
type, std[]::size[]_[]t, std[]::size[]_[]t$\OML/cmm/m/it/8 >$ []$<$
 []

[22]
Underfull \hbox (badness 10000) detected at line 102
[][][]
 []


Underfull \hbox (badness 10000) in paragraph at lines 109--111
\T1/pcr/m/n/8 template$\OML/cmm/m/it/8 <$\T1/pcr/m/n/8 typename fp[]_[]type = d
ouble, typename = typename std[]::enable[]_[]if$\OML/cmm/m/it/8 <$ \T1/pcr/m/n/
8 std[]::is[]_[]floating[]_[]
 []


Underfull \hbox (badness 10000) detected at line 121
[][][]
 []

)
(./classom__unconstrained__methods_1_1om__conjugate__gradient_1_1fletcher__reev
es__method.tex

Package hyperref Warning: Token not allowed in a PDF string (Unicode):
(hyperref)                removing `math shift' on input line 1.


Package hyperref Warning: Token not allowed in a PDF string (Unicode):
(hyperref)                removing `math shift' on input line 1.


Package hyperref Warning: Token not allowed in a PDF string (Unicode):
(hyperref)                removing `math shift' on input line 1.


Package hyperref Warning: Token not allowed in a PDF string (Unicode):
(hyperref)                removing `math shift' on input line 1.

[23]
Overfull \hbox (57.17862pt too wide) in paragraph at lines 48--50
[]$\OML/cmm/m/it/8 <$ \T1/pcr/m/n/8 fp[]_[]type $\OML/cmm/m/it/8 >$[]\T1/pcr/m/
n/8 ::[]
 []

[24]
Underfull \hbox (badness 10000) in paragraph at lines 75--77
\T1/pcr/m/n/8 std[]::tuple$\OML/cmm/m/it/8 <$ \T1/pcr/m/n/8 om[]_[]unconstraine
d[]_[]methods[]::om[]_[]conjugate[]_[]gradient[]::vector[]_[]t$\OML/cmm/m/it/8 
<$ \T1/pcr/m/n/8 fp[]_[]type $\OML/cmm/m/it/8 >$\T1/pcr/m/n/8 , fp[]_[]type,
 []


Underfull \hbox (badness 10000) in paragraph at lines 75--77
\T1/pcr/m/n/8 std[]::size[]_[]t $\OML/cmm/m/it/8 >$ []$<$ \T1/pcr/m/n/8 fp[]_[]

 []


Underfull \hbox (badness 10000) detected at line 89
[][][]
 []

)
(./classom__unconstrained__methods_1_1om__line__methods_1_1golden__section__met
hod.tex

Package hyperref Warning: Token not allowed in a PDF string (Unicode):
(hyperref)                removing `math shift' on input line 1.


Package hyperref Warning: Token not allowed in a PDF string (Unicode):
(hyperref)                removing `math shift' on input line 1.


Package hyperref Warning: Token not allowed in a PDF string (Unicode):
(hyperref)                removing `math shift' on input line 1.


Package hyperref Warning: Token not allowed in a PDF string (Unicode):
(hyperref)                removing `math shift' on input line 1.

[25]
Underfull \hbox (badness 10000) in paragraph at lines 51--53
\T1/pcr/m/n/8 template$\OML/cmm/m/it/8 <$\T1/pcr/m/n/8 typename fp[]_[]type = d
ouble, typename = typename std[]::enable[]_[]if$\OML/cmm/m/it/8 <$ \T1/pcr/m/n/
8 std[]::is[]_[]floating[]_[]
 []


Overfull \hbox (66.77863pt too wide) in paragraph at lines 51--53
[]$\OML/cmm/m/it/8 <$ \T1/pcr/m/n/8 fp[]_[]type, typename $\OML/cmm/m/it/8 >$[]
\T1/pcr/m/n/8 ::[]
 []


Underfull \hbox (badness 10000) in paragraph at lines 71--73
\T1/pcr/m/n/8 template$\OML/cmm/m/it/8 <$\T1/pcr/m/n/8 typename fp[]_[]type = d
ouble, typename = typename std[]::enable[]_[]if$\OML/cmm/m/it/8 <$ \T1/pcr/m/n/
8 std[]::is[]_[]floating[]_[]
 []


Overfull \hbox (66.77863pt too wide) in paragraph at lines 71--73
[]$\OML/cmm/m/it/8 <$ \T1/pcr/m/n/8 fp[]_[]type, typename $\OML/cmm/m/it/8 >$[]
\T1/pcr/m/n/8 ::[]
 []

[26]
Underfull \hbox (badness 10000) in paragraph at lines 90--92
\T1/pcr/m/n/8 template$\OML/cmm/m/it/8 <$\T1/pcr/m/n/8 typename fp[]_[]type = d
ouble, typename = typename std[]::enable[]_[]if$\OML/cmm/m/it/8 <$ \T1/pcr/m/n/
8 std[]::is[]_[]floating[]_[]
 []


Overfull \hbox (126.18987pt too wide) in paragraph at lines 90--92
\T1/pcr/m/n/8 std[]::tuple$\OML/cmm/m/it/8 <$\T1/pcr/m/n/8 fp[]_[]type, fp[]_[]
type, std[]::size[]_[]t, std[]::size[]_[]t$\OML/cmm/m/it/8 >$ []$<$
 []


Underfull \hbox (badness 10000) detected at line 102
[][][]
 []


Underfull \hbox (badness 10000) in paragraph at lines 109--111
\T1/pcr/m/n/8 template$\OML/cmm/m/it/8 <$\T1/pcr/m/n/8 typename fp[]_[]type = d
ouble, typename = typename std[]::enable[]_[]if$\OML/cmm/m/it/8 <$ \T1/pcr/m/n/
8 std[]::is[]_[]floating[]_[]
 []


Underfull \hbox (badness 10000) in paragraph at lines 109--111
[]\T1/pcr/m/n/8 & []$\OML/cmm/m/it/8 <$ \T1/pcr/m/n/8 fp[]_[]
 []


Underfull \hbox (badness 10000) detected at line 121
[][][]
 []

)
(./classom__unconstrained__methods_1_1om__conjugate__gradient_1_1hestenes__stie
fel__method.tex

Package hyperref Warning: Token not allowed in a PDF string (Unicode):
(hyperref)                removing `math shift' on input line 1.


Package hyperref Warning: Token not allowed in a PDF string (Unicode):
(hyperref)                removing `math shift' on input line 1.


Package hyperref Warning: Token not allowed in a PDF string (Unicode):
(hyperref)                removing `math shift' on input line 1.


Package hyperref Warning: Token not allowed in a PDF string (Unicode):
(hyperref)                removing `math shift' on input line 1.

[27]
Overfull \hbox (66.77863pt too wide) in paragraph at lines 48--50
[]$\OML/cmm/m/it/8 <$ \T1/pcr/m/n/8 fp[]_[]type $\OML/cmm/m/it/8 >$[]\T1/pcr/m/
n/8 ::[]
 []

[28]
Underfull \hbox (badness 10000) in paragraph at lines 75--77
\T1/pcr/m/n/8 std[]::tuple$\OML/cmm/m/it/8 <$ \T1/pcr/m/n/8 om[]_[]unconstraine
d[]_[]methods[]::om[]_[]conjugate[]_[]gradient[]::vector[]_[]t$\OML/cmm/m/it/8 
<$ \T1/pcr/m/n/8 fp[]_[]type $\OML/cmm/m/it/8 >$\T1/pcr/m/n/8 , fp[]_[]type,
 []


Underfull \hbox (badness 10000) in paragraph at lines 75--77
\T1/pcr/m/n/8 std[]::size[]_[]t $\OML/cmm/m/it/8 >$ []$<$ \T1/pcr/m/n/8 fp[]
 []


Underfull \hbox (badness 10000) detected at line 89
[][][]
 []

) (./structom__test__helpers_1_1minimizer__helper.tex

Package hyperref Warning: Token not allowed in a PDF string (Unicode):
(hyperref)                removing `math shift' on input line 1.


Package hyperref Warning: Token not allowed in a PDF string (Unicode):
(hyperref)                removing `math shift' on input line 1.


Package hyperref Warning: Token not allowed in a PDF string (Unicode):
(hyperref)                removing `math shift' on input line 1.


Package hyperref Warning: Token not allowed in a PDF string (Unicode):
(hyperref)                removing `math shift' on input line 1.

)
(./classom__unconstrained__methods_1_1om__zero__order_1_1nelder__mead__method.t
ex

Package hyperref Warning: Token not allowed in a PDF string (Unicode):
(hyperref)                removing `math shift' on input line 1.


Package hyperref Warning: Token not allowed in a PDF string (Unicode):
(hyperref)                removing `math shift' on input line 1.


Package hyperref Warning: Token not allowed in a PDF string (Unicode):
(hyperref)                removing `math shift' on input line 1.


Package hyperref Warning: Token not allowed in a PDF string (Unicode):
(hyperref)                removing `math shift' on input line 1.

[29] [30]
Overfull \hbox (182.6123pt too wide) in paragraph at lines 100--102
\T1/pcr/m/n/8 std[]::tuple$\OML/cmm/m/it/8 <$ \T1/pcr/m/n/8 om[]_[]zero[]_[]ord
er[]::vector[]_[]t$\OML/cmm/m/it/8 <$ \T1/pcr/m/n/8 fp[]_[]type $\OML/cmm/m/it/
8 >$\T1/pcr/m/n/8 , fp[]_[]type, std[]::size[]_[]t $\OML/cmm/m/it/8 >$ []$<$
 []

[31]
Underfull \hbox (badness 10000) detected at line 114
[][][]
 []


Underfull \hbox (badness 10000) in paragraph at lines 121--123
[]\T1/pcr/m/n/8 & []$\OML/cmm/m/it/8 <$ \T1/pcr/m/n/8 fp[]_[]type $\OML/cmm/m/i
t/8 >$[]
 []


Underfull \hbox (badness 10000) detected at line 133
[][][]
 []


Underfull \hbox (badness 10000) in paragraph at lines 140--142
\T1/pcr/m/n/8 void []$\OML/cmm/m/it/8 <$ \T1/pcr/m/n/8 fp[]_[]type $\OML/cmm/m/
it/8 >$[]\T1/pcr/m/n/8 ::set[]_[]contraction[]
 []


Underfull \hbox (badness 10000) in paragraph at lines 156--158
\T1/pcr/m/n/8 void []$\OML/cmm/m/it/8 <$ \T1/pcr/m/n/8 fp[]_[]type $\OML/cmm/m/
it/8 >$[]\T1/pcr/m/n/8 ::set[]_[]converge[]_[]
 []

[32]
Underfull \hbox (badness 10000) in paragraph at lines 172--174
\T1/pcr/m/n/8 void []$\OML/cmm/m/it/8 <$ \T1/pcr/m/n/8 fp[]_[]type $\OML/cmm/m/
it/8 >$[]\T1/pcr/m/n/8 ::set[]_[]expansion[]_[]rho
 []


Underfull \hbox (badness 10000) in paragraph at lines 204--206
\T1/pcr/m/n/8 void []$\OML/cmm/m/it/8 <$ \T1/pcr/m/n/8 fp[]_[]type $\OML/cmm/m/
it/8 >$[]\T1/pcr/m/n/8 ::set[]_[]reflection[]_[]
 []

[33]
Underfull \hbox (badness 10000) in paragraph at lines 220--222
\T1/pcr/m/n/8 void []$\OML/cmm/m/it/8 <$ \T1/pcr/m/n/8 fp[]_[]type $\OML/cmm/m/
it/8 >$[]\T1/pcr/m/n/8 ::set[]_[]shrinkage[]_[]rho
 []

)
(./classom__unconstrained__methods_1_1om__conjugate__gradient_1_1polak__ribiere
__method.tex

Package hyperref Warning: Token not allowed in a PDF string (Unicode):
(hyperref)                removing `math shift' on input line 1.


Package hyperref Warning: Token not allowed in a PDF string (Unicode):
(hyperref)                removing `math shift' on input line 1.


Package hyperref Warning: Token not allowed in a PDF string (Unicode):
(hyperref)                removing `math shift' on input line 1.


Package hyperref Warning: Token not allowed in a PDF string (Unicode):
(hyperref)                removing `math shift' on input line 1.


Underfull \hbox (badness 1158) in paragraph at lines 23--24
[][] \T1/phv/m/n/10 (f[]_[]line[]_[]minimiser[]_[]t$\OML/cmm/m/it/10 <$ \T1/phv
/m/n/10 fp[]_[]type $\OML/cmm/m/it/10 >$ \T1/phv/m/n/10 const &line[]_[]search[
]_[]minimiser, std[]::size[]_[]t const
 []

[34] [35]
Overfull \hbox (37.9786pt too wide) in paragraph at lines 48--50
[]$\OML/cmm/m/it/8 <$ \T1/pcr/m/n/8 fp[]_[]type $\OML/cmm/m/it/8 >$[]\T1/pcr/m/
n/8 ::[]
 []


Underfull \hbox (badness 10000) in paragraph at lines 75--77
\T1/pcr/m/n/8 std[]::tuple$\OML/cmm/m/it/8 <$ \T1/pcr/m/n/8 om[]_[]unconstraine
d[]_[]methods[]::om[]_[]conjugate[]_[]gradient[]::vector[]_[]t$\OML/cmm/m/it/8 
<$ \T1/pcr/m/n/8 fp[]_[]type $\OML/cmm/m/it/8 >$\T1/pcr/m/n/8 , fp[]_[]type,
 []


Underfull \hbox (badness 10000) in paragraph at lines 75--77
\T1/pcr/m/n/8 std[]::size[]_[]t $\OML/cmm/m/it/8 >$ []$<$ \T1/pcr/m/n/8 fp[]_[]
type
 []


Overfull \vbox (18.80682pt too high) has occurred while \output is active []


[36]
Underfull \hbox (badness 10000) detected at line 89
[][][]
 []

)
(./classom__unconstrained__methods_1_1om__zero__order_1_1powell__conjugate__met
hod.tex

Package hyperref Warning: Token not allowed in a PDF string (Unicode):
(hyperref)                removing `math shift' on input line 1.


Package hyperref Warning: Token not allowed in a PDF string (Unicode):
(hyperref)                removing `math shift' on input line 1.


Package hyperref Warning: Token not allowed in a PDF string (Unicode):
(hyperref)                removing `math shift' on input line 1.


Package hyperref Warning: Token not allowed in a PDF string (Unicode):
(hyperref)                removing `math shift' on input line 1.


Underfull \vbox (badness 10000) has occurred while \output is active []

 [37]
Overfull \hbox (28.3786pt too wide) in paragraph at lines 47--49
[]$\OML/cmm/m/it/8 <$ \T1/pcr/m/n/8 fp[]_[]type $\OML/cmm/m/it/8 >$[]\T1/pcr/m/
n/8 ::[]
 []


Overfull \hbox (28.3786pt too wide) in paragraph at lines 67--69
[]$\OML/cmm/m/it/8 <$ \T1/pcr/m/n/8 fp[]_[]type $\OML/cmm/m/it/8 >$[]\T1/pcr/m/
n/8 ::[]
 []


Overfull \hbox (206.61232pt too wide) in paragraph at lines 86--88
\T1/pcr/m/n/8 std[]::tuple$\OML/cmm/m/it/8 <$ \T1/pcr/m/n/8 om[]_[]zero[]_[]ord
er[]::vector[]_[]t$\OML/cmm/m/it/8 <$ \T1/pcr/m/n/8 fp[]_[]type $\OML/cmm/m/it/
8 >$\T1/pcr/m/n/8 , fp[]_[]type, std[]::size[]_[]t $\OML/cmm/m/it/8 >$ []$<$
 []

[38]
Underfull \hbox (badness 10000) detected at line 100
[][][]
 []


Underfull \hbox (badness 10000) in paragraph at lines 107--109
[]\T1/pcr/m/n/8 & []$\OML/cmm/m/it/8 <$
 []


Underfull \hbox (badness 10000) detected at line 119
[][][]
 []


Underfull \hbox (badness 10000) in paragraph at lines 142--144
\T1/pcr/m/n/8 void []$\OML/cmm/m/it/8 <$ \T1/pcr/m/n/8 fp[]_[]type $\OML/cmm/m/
it/8 >$[]\T1/pcr/m/n/8 ::set[]_[]max[]_[]
 []

[39])
(./classom__unconstrained__methods_1_1om__line__methods_1_1powell__method.tex

Package hyperref Warning: Token not allowed in a PDF string (Unicode):
(hyperref)                removing `math shift' on input line 1.


Package hyperref Warning: Token not allowed in a PDF string (Unicode):
(hyperref)                removing `math shift' on input line 1.


Package hyperref Warning: Token not allowed in a PDF string (Unicode):
(hyperref)                removing `math shift' on input line 1.


Package hyperref Warning: Token not allowed in a PDF string (Unicode):
(hyperref)                removing `math shift' on input line 1.

[40]
Underfull \hbox (badness 10000) in paragraph at lines 53--55
\T1/pcr/m/n/8 template$\OML/cmm/m/it/8 <$\T1/pcr/m/n/8 typename fp[]_[]type = d
ouble, typename = typename std[]::enable[]_[]if$\OML/cmm/m/it/8 <$ \T1/pcr/m/n/
8 std[]::is[]_[]floating[]_[]
 []


Underfull \hbox (badness 10000) in paragraph at lines 73--75
\T1/pcr/m/n/8 template$\OML/cmm/m/it/8 <$\T1/pcr/m/n/8 typename fp[]_[]type = d
ouble, typename = typename std[]::enable[]_[]if$\OML/cmm/m/it/8 <$ \T1/pcr/m/n/
8 std[]::is[]_[]floating[]_[]
 []


Underfull \vbox (badness 10000) has occurred while \output is active []

 [41]
Underfull \hbox (badness 10000) in paragraph at lines 97--99
\T1/pcr/m/n/8 template$\OML/cmm/m/it/8 <$\T1/pcr/m/n/8 typename fp[]_[]type = d
ouble, typename = typename std[]::enable[]_[]if$\OML/cmm/m/it/8 <$ \T1/pcr/m/n/
8 std[]::is[]_[]floating[]_[]
 []


Underfull \hbox (badness 10000) in paragraph at lines 116--118
\T1/pcr/m/n/8 template$\OML/cmm/m/it/8 <$\T1/pcr/m/n/8 typename fp[]_[]type = d
ouble, typename = typename std[]::enable[]_[]if$\OML/cmm/m/it/8 <$ \T1/pcr/m/n/
8 std[]::is[]_[]floating[]_[]
 []


Overfull \hbox (87.78984pt too wide) in paragraph at lines 116--118
\T1/pcr/m/n/8 std[]::tuple$\OML/cmm/m/it/8 <$\T1/pcr/m/n/8 fp[]_[]type, fp[]_[]
type, std[]::size[]_[]t, std[]::size[]_[]t$\OML/cmm/m/it/8 >$ []$<$
 []


Underfull \hbox (badness 10000) detected at line 128
[][][]
 []


Underfull \hbox (badness 10000) in paragraph at lines 135--137
\T1/pcr/m/n/8 template$\OML/cmm/m/it/8 <$\T1/pcr/m/n/8 typename fp[]_[]type = d
ouble, typename = typename std[]::enable[]_[]if$\OML/cmm/m/it/8 <$ \T1/pcr/m/n/
8 std[]::is[]_[]floating[]_[]
 []


Underfull \hbox (badness 10000) in paragraph at lines 135--137
[]\T1/pcr/m/n/8 & []$\OML/cmm/m/it/8 <$ \T1/pcr/m/n/8 fp[]_[]type, typename $\O
ML/cmm/m/it/8 >$[]
 []

[42]
Underfull \hbox (badness 10000) detected at line 147
[][][]
 []

)
(./classom__unconstrained__methods_1_1om__quasi__newton_1_1quasi__newton__base.
tex

Package hyperref Warning: Token not allowed in a PDF string (Unicode):
(hyperref)                removing `math shift' on input line 1.


Package hyperref Warning: Token not allowed in a PDF string (Unicode):
(hyperref)                removing `math shift' on input line 1.


Package hyperref Warning: Token not allowed in a PDF string (Unicode):
(hyperref)                removing `math shift' on input line 1.


Package hyperref Warning: Token not allowed in a PDF string (Unicode):
(hyperref)                removing `math shift' on input line 1.

[43]
Underfull \hbox (badness 10000) in paragraph at lines 73--75
\T1/pcr/m/n/8 template$\OML/cmm/m/it/8 <$\T1/pcr/m/n/8 typename fp[]_[]type = d
ouble, typename = typename std[]::enable[]_[]if$\OML/cmm/m/it/8 <$ \T1/pcr/m/n/
8 std[]::is[]_[]floating[]_[]
 []


Overfull \hbox (28.3786pt too wide) in paragraph at lines 73--75
[]$\OML/cmm/m/it/8 <$ \T1/pcr/m/n/8 fp[]_[]type, typename $\OML/cmm/m/it/8 >$[]
\T1/pcr/m/n/8 ::[]
 []


Underfull \hbox (badness 10000) in paragraph at lines 97--99
\T1/pcr/m/n/8 template$\OML/cmm/m/it/8 <$\T1/pcr/m/n/8 typename fp[]_[]type = d
ouble, typename = typename std[]::enable[]_[]if$\OML/cmm/m/it/8 <$ \T1/pcr/m/n/
8 std[]::is[]_[]floating[]_[]
 []


Overfull \hbox (28.3786pt too wide) in paragraph at lines 97--99
[]$\OML/cmm/m/it/8 <$ \T1/pcr/m/n/8 fp[]_[]type, typename $\OML/cmm/m/it/8 >$[]
\T1/pcr/m/n/8 ::[]
 []


Underfull \vbox (badness 2875) has occurred while \output is active []

 [44]
Underfull \hbox (badness 10000) in paragraph at lines 116--118
\T1/pcr/m/n/8 template$\OML/cmm/m/it/8 <$\T1/pcr/m/n/8 typename fp[]_[]type = d
ouble, typename = typename std[]::enable[]_[]if$\OML/cmm/m/it/8 <$ \T1/pcr/m/n/
8 std[]::is[]_[]floating[]_[]
 []


Underfull \hbox (badness 10000) in paragraph at lines 116--118
[]\T1/pcr/m/n/8 & []$\OML/cmm/m/it/8 <$ \T1/pcr/m/n/8 fp[]_[]type,
 []


Underfull \hbox (badness 10000) detected at line 128
[][][]
 []


Underfull \hbox (badness 10000) in paragraph at lines 135--137
\T1/pcr/m/n/8 template$\OML/cmm/m/it/8 <$\T1/pcr/m/n/8 typename fp[]_[]type = d
ouble, typename = typename std[]::enable[]_[]if$\OML/cmm/m/it/8 <$ \T1/pcr/m/n/
8 std[]::is[]_[]floating[]_[]
 []


Underfull \hbox (badness 10000) in paragraph at lines 135--137
\T1/pcr/m/n/8 void []$\OML/cmm/m/it/8 <$ \T1/pcr/m/n/8 fp[]_[]type, typename $\
OML/cmm/m/it/8 >$[]\T1/pcr/m/n/8 ::set[]_[]
 []


Underfull \hbox (badness 10000) in paragraph at lines 151--153
\T1/pcr/m/n/8 template$\OML/cmm/m/it/8 <$\T1/pcr/m/n/8 typename fp[]_[]type = d
ouble, typename = typename std[]::enable[]_[]if$\OML/cmm/m/it/8 <$ \T1/pcr/m/n/
8 std[]::is[]_[]floating[]_[]
 []


Underfull \hbox (badness 10000) in paragraph at lines 151--153
\T1/pcr/m/n/8 void []$\OML/cmm/m/it/8 <$ \T1/pcr/m/n/8 fp[]_[]type, typename $\
OML/cmm/m/it/8 >$[]\T1/pcr/m/n/8 ::set[]_[]
 []

[45]
Underfull \hbox (badness 10000) in paragraph at lines 167--169
\T1/pcr/m/n/8 template$\OML/cmm/m/it/8 <$\T1/pcr/m/n/8 typename fp[]_[]type = d
ouble, typename = typename std[]::enable[]_[]if$\OML/cmm/m/it/8 <$ \T1/pcr/m/n/
8 std[]::is[]_[]floating[]_[]
 []


Underfull \hbox (badness 10000) in paragraph at lines 167--169
\T1/pcr/m/n/8 void []$\OML/cmm/m/it/8 <$ \T1/pcr/m/n/8 fp[]_[]type, typename $\
OML/cmm/m/it/8 >$[]\T1/pcr/m/n/8 ::set[]_[]
 []


Underfull \hbox (badness 10000) in paragraph at lines 183--185
\T1/pcr/m/n/8 template$\OML/cmm/m/it/8 <$\T1/pcr/m/n/8 typename fp[]_[]type = d
ouble, typename = typename std[]::enable[]_[]if$\OML/cmm/m/it/8 <$ \T1/pcr/m/n/
8 std[]::is[]_[]floating[]_[]
 []


Underfull \hbox (badness 10000) in paragraph at lines 183--185
\T1/pcr/m/n/8 void []$\OML/cmm/m/it/8 <$ \T1/pcr/m/n/8 fp[]_[]type, typename $\
OML/cmm/m/it/8 >$[]\T1/pcr/m/n/8 ::set[]_[]
 []

)
(./classom__unconstrained__methods_1_1om__steepest__descent_1_1steepest__descen
t__method.tex

Package hyperref Warning: Token not allowed in a PDF string (Unicode):
(hyperref)                removing `math shift' on input line 1.


Package hyperref Warning: Token not allowed in a PDF string (Unicode):
(hyperref)                removing `math shift' on input line 1.


Package hyperref Warning: Token not allowed in a PDF string (Unicode):
(hyperref)                removing `math shift' on input line 1.


Package hyperref Warning: Token not allowed in a PDF string (Unicode):
(hyperref)                removing `math shift' on input line 1.

[46]
Overfull \hbox (57.17862pt too wide) in paragraph at lines 51--53
[]$\OML/cmm/m/it/8 <$ \T1/pcr/m/n/8 fp[]_[]type $\OML/cmm/m/it/8 >$[]\T1/pcr/m/
n/8 ::[]
 []

[47]
Overfull \hbox (57.17862pt too wide) in paragraph at lines 75--77
[]$\OML/cmm/m/it/8 <$ \T1/pcr/m/n/8 fp[]_[]type $\OML/cmm/m/it/8 >$[]\T1/pcr/m/
n/8 ::[]
 []


Underfull \hbox (badness 10000) in paragraph at lines 94--96
\T1/pcr/m/n/8 std[]::tuple$\OML/cmm/m/it/8 <$ \T1/pcr/m/n/8 om[]_[]unconstraine
d[]_[]methods[]::om[]_[]steepest[]_[]descent[]::vector[]_[]t$\OML/cmm/m/it/8 <$
 \T1/pcr/m/n/8 fp[]_[]type $\OML/cmm/m/it/8 >$\T1/pcr/m/n/8 , fp[]_[]type,
 []


Underfull \hbox (badness 10000) in paragraph at lines 94--96
\T1/pcr/m/n/8 std[]::size[]_[]t $\OML/cmm/m/it/8 >$ []$<$ \T1/pcr/m/n/8 fp[]_[]
type
 []


Underfull \hbox (badness 10000) detected at line 108
[][][]
 []

[48]
Underfull \hbox (badness 10000) detected at line 127
[][][]
 []


Underfull \hbox (badness 10000) in paragraph at lines 134--136
\T1/pcr/m/n/8 void []$\OML/cmm/m/it/8 <$ \T1/pcr/m/n/8 fp[]_[]type $\OML/cmm/m/
it/8 >$[]\T1/pcr/m/n/8 ::set[]_[]
 []


Underfull \hbox (badness 10000) in paragraph at lines 150--152
\T1/pcr/m/n/8 void []$\OML/cmm/m/it/8 <$ \T1/pcr/m/n/8 fp[]_[]type $\OML/cmm/m/
it/8 >$[]\T1/pcr/m/n/8 ::set[]_[]
 []


Underfull \hbox (badness 10000) in paragraph at lines 166--168
\T1/pcr/m/n/8 void []$\OML/cmm/m/it/8 <$ \T1/pcr/m/n/8 fp[]_[]type $\OML/cmm/m/
it/8 >$[]\T1/pcr/m/n/8 ::set[]_[]
 []

[49]
Underfull \hbox (badness 10000) in paragraph at lines 182--184
\T1/pcr/m/n/8 void []$\OML/cmm/m/it/8 <$ \T1/pcr/m/n/8 fp[]_[]type $\OML/cmm/m/
it/8 >$[]\T1/pcr/m/n/8 ::set[]_[]
 []

) [50] (./refman.ind
Overfull \hbox (55.1799pt too wide) in paragraph at lines 4--6
[]| \T1/phv/m/n/10 om_unconstrained_methods::om_line_methods::brent_method$\OML
/cmm/m/it/10 <$
 []


Overfull \hbox (175.03093pt too wide) in paragraph at lines 7--9
[]| \T1/phv/m/n/10 om_unconstrained_methods::om_quasi_newton::broyden_fletcher_
goldfarb_shanno_method$\OML/cmm/m/it/10 <$
 []


Overfull \hbox (123.37157pt too wide) in paragraph at lines 13--15
[]| \T1/phv/m/n/10 om_unconstrained_methods::om_conjugate_gradient::conjugate_g
radient_base$\OML/cmm/m/it/10 <$
 []


Overfull \hbox (132.6328pt too wide) in paragraph at lines 19--21
[]| \T1/phv/m/n/10 om_unconstrained_methods::om_quasi_newton::davidon_fletcher_
powell_method$\OML/cmm/m/it/10 <$
 []


Overfull \hbox (70.18285pt too wide) in paragraph at lines 25--27
[]| \T1/phv/m/n/10 om_unconstrained_methods::om_line_methods::fibonacci_method$
\OML/cmm/m/it/10 <$
 []


Overfull \hbox (118.53885pt too wide) in paragraph at lines 28--30
[]| \T1/phv/m/n/10 om_unconstrained_methods::om_conjugate_gradient::fletcher_re
eves_method$\OML/cmm/m/it/10 <$
 []


Overfull \hbox (95.20226pt too wide) in paragraph at lines 34--36
[]| \T1/phv/m/n/10 om_unconstrained_methods::om_line_methods::golden_section_me
thod$\OML/cmm/m/it/10 <$
 []


Overfull \hbox (122.27362pt too wide) in paragraph at lines 40--42
[]| \T1/phv/m/n/10 om_unconstrained_methods::om_conjugate_gradient::hestenes_st
iefel_method$\OML/cmm/m/it/10 <$
 []


Overfull \hbox (118.53885pt too wide) in paragraph at lines 46--48
[]| \T1/phv/m/n/10 om_unconstrained_methods::om_conjugate_gradient::fletcher_re
eves_method$\OML/cmm/m/it/10 <$
 []


Overfull \hbox (122.27362pt too wide) in paragraph at lines 48--50
[]| \T1/phv/m/n/10 om_unconstrained_methods::om_conjugate_gradient::hestenes_st
iefel_method$\OML/cmm/m/it/10 <$
 []


Overfull \hbox (109.16077pt too wide) in paragraph at lines 50--52
[]| \T1/phv/m/n/10 om_unconstrained_methods::om_conjugate_gradient::polak_ribie
re_method$\OML/cmm/m/it/10 <$
 []


Overfull \hbox (175.03093pt too wide) in paragraph at lines 52--54
[]| \T1/phv/m/n/10 om_unconstrained_methods::om_quasi_newton::broyden_fletcher_
goldfarb_shanno_method$\OML/cmm/m/it/10 <$
 []


Overfull \hbox (132.6328pt too wide) in paragraph at lines 54--56
[]| \T1/phv/m/n/10 om_unconstrained_methods::om_quasi_newton::davidon_fletcher_
powell_method$\OML/cmm/m/it/10 <$
 []


Overfull \hbox (122.22876pt too wide) in paragraph at lines 56--58
[]| \T1/phv/m/n/10 om_unconstrained_methods::om_steepest_descent::steepest_desc
ent_method$\OML/cmm/m/it/10 <$
 []


Overfull \hbox (77.3196pt too wide) in paragraph at lines 58--60
[]| \T1/phv/m/n/10 om_unconstrained_methods::om_zero_order::nelder_mead_method$
\OML/cmm/m/it/10 <$
 []


Overfull \hbox (94.10435pt too wide) in paragraph at lines 60--62
[]| \T1/phv/m/n/10 om_unconstrained_methods::om_zero_order::powell_conjugate_me
thod$\OML/cmm/m/it/10 <$
 []


Overfull \hbox (77.3196pt too wide) in paragraph at lines 66--68
[]| \T1/phv/m/n/10 om_unconstrained_methods::om_zero_order::nelder_mead_method$
\OML/cmm/m/it/10 <$
 []


Overfull \hbox (103.37157pt too wide) in paragraph at lines 77--79
[]\T1/phv/m/n/10 om_unconstrained_methods::om_conjugate_gradient::conjugate_gra
dient_base$\OML/cmm/m/it/10 <$
 []


Overfull \hbox (98.53885pt too wide) in paragraph at lines 85--87
[]\T1/phv/m/n/10 om_unconstrained_methods::om_conjugate_gradient::fletcher_reev
es_method$\OML/cmm/m/it/10 <$
 []


Overfull \hbox (102.27362pt too wide) in paragraph at lines 89--91
[]\T1/phv/m/n/10 om_unconstrained_methods::om_conjugate_gradient::hestenes_stie
fel_method$\OML/cmm/m/it/10 <$
 []


Overfull \hbox (89.16077pt too wide) in paragraph at lines 93--95
[]\T1/phv/m/n/10 om_unconstrained_methods::om_conjugate_gradient::polak_ribiere
_method$\OML/cmm/m/it/10 <$
 []


Overfull \hbox (35.1799pt too wide) in paragraph at lines 97--99
[]\T1/phv/m/n/10 om_unconstrained_methods::om_line_methods::brent_method$\OML/c
mm/m/it/10 <$
 []


Overfull \hbox (50.18285pt too wide) in paragraph at lines 102--104
[]\T1/phv/m/n/10 om_unconstrained_methods::om_line_methods::fibonacci_method$\O
ML/cmm/m/it/10 <$
 []


Overfull \hbox (75.20226pt too wide) in paragraph at lines 107--109
[]\T1/phv/m/n/10 om_unconstrained_methods::om_line_methods::golden_section_meth
od$\OML/cmm/m/it/10 <$
 []


Overfull \hbox (39.95pt too wide) in paragraph at lines 112--114
[]\T1/phv/m/n/10 om_unconstrained_methods::om_line_methods::powell_method$\OML/
cmm/m/it/10 <$
 []


Overfull \hbox (155.03093pt too wide) in paragraph at lines 117--119
[]\T1/phv/m/n/10 om_unconstrained_methods::om_quasi_newton::broyden_fletcher_go
ldfarb_shanno_method$\OML/cmm/m/it/10 <$
 []

[51



]
Overfull \hbox (112.6328pt too wide) in paragraph at lines 122--124
[]\T1/phv/m/n/10 om_unconstrained_methods::om_quasi_newton::davidon_fletcher_po
well_method$\OML/cmm/m/it/10 <$
 []


Overfull \hbox (61.34267pt too wide) in paragraph at lines 126--128
[]\T1/phv/m/n/10 om_unconstrained_methods::om_quasi_newton::quasi_newton_base$\
OML/cmm/m/it/10 <$
 []


Overfull \hbox (102.22876pt too wide) in paragraph at lines 134--136
[]\T1/phv/m/n/10 om_unconstrained_methods::om_steepest_descent::steepest_descen
t_method$\OML/cmm/m/it/10 <$
 []


Overfull \hbox (57.3196pt too wide) in paragraph at lines 143--145
[]\T1/phv/m/n/10 om_unconstrained_methods::om_zero_order::nelder_mead_method$\O
ML/cmm/m/it/10 <$
 []


Overfull \hbox (74.10435pt too wide) in paragraph at lines 154--156
[]\T1/phv/m/n/10 om_unconstrained_methods::om_zero_order::powell_conjugate_meth
od$\OML/cmm/m/it/10 <$
 []


Overfull \hbox (55.1799pt too wide) in paragraph at lines 162--164
[]| \T1/phv/m/n/10 om_unconstrained_methods::om_line_methods::brent_method$\OML
/cmm/m/it/10 <$
 []


Overfull \hbox (70.18285pt too wide) in paragraph at lines 164--166
[]| \T1/phv/m/n/10 om_unconstrained_methods::om_line_methods::fibonacci_method$
\OML/cmm/m/it/10 <$
 []


Overfull \hbox (95.20226pt too wide) in paragraph at lines 166--168
[]| \T1/phv/m/n/10 om_unconstrained_methods::om_line_methods::golden_section_me
thod$\OML/cmm/m/it/10 <$
 []


Overfull \hbox (59.95pt too wide) in paragraph at lines 168--170
[]| \T1/phv/m/n/10 om_unconstrained_methods::om_line_methods::powell_method$\OM
L/cmm/m/it/10 <$
 []


Overfull \hbox (123.37157pt too wide) in paragraph at lines 171--173
[]| \T1/phv/m/n/10 om_unconstrained_methods::om_conjugate_gradient::conjugate_g
radient_base$\OML/cmm/m/it/10 <$
 []


Overfull \hbox (55.1799pt too wide) in paragraph at lines 173--175
[]| \T1/phv/m/n/10 om_unconstrained_methods::om_line_methods::brent_method$\OML
/cmm/m/it/10 <$
 []


Overfull \hbox (70.18285pt too wide) in paragraph at lines 175--177
[]| \T1/phv/m/n/10 om_unconstrained_methods::om_line_methods::fibonacci_method$
\OML/cmm/m/it/10 <$
 []


Overfull \hbox (95.20226pt too wide) in paragraph at lines 177--179
[]| \T1/phv/m/n/10 om_unconstrained_methods::om_line_methods::golden_section_me
thod$\OML/cmm/m/it/10 <$
 []


Overfull \hbox (59.95pt too wide) in paragraph at lines 179--181
[]| \T1/phv/m/n/10 om_unconstrained_methods::om_line_methods::powell_method$\OM
L/cmm/m/it/10 <$
 []


Overfull \hbox (81.34267pt too wide) in paragraph at lines 181--183
[]| \T1/phv/m/n/10 om_unconstrained_methods::om_quasi_newton::quasi_newton_base
$\OML/cmm/m/it/10 <$
 []


Overfull \hbox (122.22876pt too wide) in paragraph at lines 183--185
[]| \T1/phv/m/n/10 om_unconstrained_methods::om_steepest_descent::steepest_desc
ent_method$\OML/cmm/m/it/10 <$
 []


Overfull \hbox (77.3196pt too wide) in paragraph at lines 185--187
[]| \T1/phv/m/n/10 om_unconstrained_methods::om_zero_order::nelder_mead_method$
\OML/cmm/m/it/10 <$
 []


Overfull \hbox (94.10435pt too wide) in paragraph at lines 187--189
[]| \T1/phv/m/n/10 om_unconstrained_methods::om_zero_order::powell_conjugate_me
thod$\OML/cmm/m/it/10 <$
 []


Overfull \hbox (109.16077pt too wide) in paragraph at lines 195--197
[]| \T1/phv/m/n/10 om_unconstrained_methods::om_conjugate_gradient::polak_ribie
re_method$\OML/cmm/m/it/10 <$
 []


Overfull \hbox (94.10435pt too wide) in paragraph at lines 198--200
[]| \T1/phv/m/n/10 om_unconstrained_methods::om_zero_order::powell_conjugate_me
thod$\OML/cmm/m/it/10 <$
 []


Overfull \hbox (59.95pt too wide) in paragraph at lines 203--205
[]| \T1/phv/m/n/10 om_unconstrained_methods::om_line_methods::powell_method$\OM
L/cmm/m/it/10 <$
 []


Overfull \hbox (81.34267pt too wide) in paragraph at lines 211--213
[]| \T1/phv/m/n/10 om_unconstrained_methods::om_quasi_newton::quasi_newton_base
$\OML/cmm/m/it/10 <$
 []


Overfull \hbox (123.37157pt too wide) in paragraph at lines 222--224
[]| \T1/phv/m/n/10 om_unconstrained_methods::om_conjugate_gradient::conjugate_g
radient_base$\OML/cmm/m/it/10 <$
 []


Overfull \hbox (81.34267pt too wide) in paragraph at lines 224--226
[]| \T1/phv/m/n/10 om_unconstrained_methods::om_quasi_newton::quasi_newton_base
$\OML/cmm/m/it/10 <$
 []


Overfull \hbox (122.22876pt too wide) in paragraph at lines 226--228
[]| \T1/phv/m/n/10 om_unconstrained_methods::om_steepest_descent::steepest_desc
ent_method$\OML/cmm/m/it/10 <$
 []


Overfull \hbox (77.3196pt too wide) in paragraph at lines 229--231
[]| \T1/phv/m/n/10 om_unconstrained_methods::om_zero_order::nelder_mead_method$
\OML/cmm/m/it/10 <$
 []


Overfull \hbox (77.3196pt too wide) in paragraph at lines 232--234
[]| \T1/phv/m/n/10 om_unconstrained_methods::om_zero_order::nelder_mead_method$
\OML/cmm/m/it/10 <$
 []


Overfull \hbox (94.10435pt too wide) in paragraph at lines 234--236
[]| \T1/phv/m/n/10 om_unconstrained_methods::om_zero_order::powell_conjugate_me
thod$\OML/cmm/m/it/10 <$
 []


Overfull \hbox (77.3196pt too wide) in paragraph at lines 237--239
[]| \T1/phv/m/n/10 om_unconstrained_methods::om_zero_order::nelder_mead_method$
\OML/cmm/m/it/10 <$
 []


Overfull \hbox (123.37157pt too wide) in paragraph at lines 240--242
[]| \T1/phv/m/n/10 om_unconstrained_methods::om_conjugate_gradient::conjugate_g
radient_base$\OML/cmm/m/it/10 <$
 []


Overfull \hbox (81.34267pt too wide) in paragraph at lines 242--244
[]| \T1/phv/m/n/10 om_unconstrained_methods::om_quasi_newton::quasi_newton_base
$\OML/cmm/m/it/10 <$
 []


Overfull \hbox (122.22876pt too wide) in paragraph at lines 244--246
[]| \T1/phv/m/n/10 om_unconstrained_methods::om_steepest_descent::steepest_desc
ent_method$\OML/cmm/m/it/10 <$
 []


Overfull \hbox (123.37157pt too wide) in paragraph at lines 247--249
[]| \T1/phv/m/n/10 om_unconstrained_methods::om_conjugate_gradient::conjugate_g
radient_base$\OML/cmm/m/it/10 <$
 []

[52]
Overfull \hbox (81.34267pt too wide) in paragraph at lines 249--251
[]| \T1/phv/m/n/10 om_unconstrained_methods::om_quasi_newton::quasi_newton_base
$\OML/cmm/m/it/10 <$
 []


Overfull \hbox (122.22876pt too wide) in paragraph at lines 251--253
[]| \T1/phv/m/n/10 om_unconstrained_methods::om_steepest_descent::steepest_desc
ent_method$\OML/cmm/m/it/10 <$
 []


Overfull \hbox (123.37157pt too wide) in paragraph at lines 254--256
[]| \T1/phv/m/n/10 om_unconstrained_methods::om_conjugate_gradient::conjugate_g
radient_base$\OML/cmm/m/it/10 <$
 []


Overfull \hbox (81.34267pt too wide) in paragraph at lines 256--258
[]| \T1/phv/m/n/10 om_unconstrained_methods::om_quasi_newton::quasi_newton_base
$\OML/cmm/m/it/10 <$
 []


Overfull \hbox (122.22876pt too wide) in paragraph at lines 258--260
[]| \T1/phv/m/n/10 om_unconstrained_methods::om_steepest_descent::steepest_desc
ent_method$\OML/cmm/m/it/10 <$
 []


Overfull \hbox (77.3196pt too wide) in paragraph at lines 260--262
[]| \T1/phv/m/n/10 om_unconstrained_methods::om_zero_order::nelder_mead_method$
\OML/cmm/m/it/10 <$
 []


Overfull \hbox (94.10435pt too wide) in paragraph at lines 262--264
[]| \T1/phv/m/n/10 om_unconstrained_methods::om_zero_order::powell_conjugate_me
thod$\OML/cmm/m/it/10 <$
 []


Overfull \hbox (77.3196pt too wide) in paragraph at lines 265--267
[]| \T1/phv/m/n/10 om_unconstrained_methods::om_zero_order::nelder_mead_method$
\OML/cmm/m/it/10 <$
 []


Overfull \hbox (77.3196pt too wide) in paragraph at lines 268--270
[]| \T1/phv/m/n/10 om_unconstrained_methods::om_zero_order::nelder_mead_method$
\OML/cmm/m/it/10 <$
 []


Overfull \hbox (122.22876pt too wide) in paragraph at lines 271--273
[]| \T1/phv/m/n/10 om_unconstrained_methods::om_steepest_descent::steepest_desc
ent_method$\OML/cmm/m/it/10 <$
 []

[53

])
Package atveryend Info: Empty hook `BeforeClearDocument' on input line 208.
Package atveryend Info: Empty hook `AfterLastShipout' on input line 208.
 (./refman.aux)
Package atveryend Info: Executing hook `AtVeryEndDocument' on input line 208.
Package atveryend Info: Executing hook `AtEndAfterFileList' on input line 208.
Package rerunfilecheck Info: File `refman.out' has not changed.
(rerunfilecheck)             Checksum: 4EF1789559962B12DF928885972D01EC;37820.
 ) 
Here is how much of TeX's memory you used:
 17263 strings out of 483183
 271092 string characters out of 5966293
 576274 words of memory out of 5000000
 31495 multiletter control sequences out of 15000+600000
 596808 words of font info for 105 fonts, out of 8000000 for 9000
 14 hyphenation exceptions out of 8191
 55i,16n,96p,1483b,627s stack positions out of 5000i,500n,10000p,200000b,80000s
{/usr/share/texlive/texmf-dist/fonts/enc/dvips/base/8r.enc}</usr/share/texliv
e/texmf-dist/fonts/type1/public/amsfonts/cm/cmmi10.pfb></usr/share/texlive/texm
f-dist/fonts/type1/public/amsfonts/cm/cmmi12.pfb></usr/share/texlive/texmf-dist
/fonts/type1/public/amsfonts/cm/cmmi7.pfb></usr/share/texlive/texmf-dist/fonts/
type1/public/amsfonts/cm/cmmi8.pfb></usr/share/texlive/texmf-dist/fonts/type1/p
ublic/amsfonts/cm/cmsy7.pfb></usr/share/texlive/texmf-dist/fonts/type1/urw/cour
ier/ucrb8a.pfb></usr/share/texlive/texmf-dist/fonts/type1/urw/courier/ucrr8a.pf
b></usr/share/texlive/texmf-dist/fonts/type1/urw/courier/ucrro8a.pfb></usr/shar
e/texlive/texmf-dist/fonts/type1/urw/helvetic/uhvb8a.pfb></usr/share/texlive/te
xmf-dist/fonts/type1/urw/helvetic/uhvb8ac.pfb></usr/share/texlive/texmf-dist/fo
nts/type1/urw/helvetic/uhvr8a.pfb></usr/share/texlive/texmf-dist/fonts/type1/ur
w/helvetic/uhvro8a.pfb>
Output written on refman.pdf (59 pages, 237120 bytes).
PDF statistics:
 1759 PDF objects out of 2073 (max. 8388607)
 1669 compressed objects within 17 object streams
 427 named destinations out of 1000 (max. 500000)
 1113 words of extra memory for PDF output out of 10000 (max. 10000000)

