\BOOKMARK [0][-]{chapter.1}{\376\377\0001\000\040\000T\000o\000d\000o\000\040\000L\000i\000s\000t}{}% 1
\BOOKMARK [0][-]{chapter.2}{\376\377\0002\000\040\000N\000a\000m\000e\000s\000p\000a\000c\000e\000\040\000I\000n\000d\000e\000x}{}% 2
\BOOKMARK [1][-]{section.2.1}{\376\377\0002\000.\0001\000\040\000N\000a\000m\000e\000s\000p\000a\000c\000e\000\040\000L\000i\000s\000t}{chapter.2}% 3
\BOOKMARK [0][-]{chapter.3}{\376\377\0003\000\040\000H\000i\000e\000r\000a\000r\000c\000h\000i\000c\000a\000l\000\040\000I\000n\000d\000e\000x}{}% 4
\BOOKMARK [1][-]{section.3.1}{\376\377\0003\000.\0001\000\040\000C\000l\000a\000s\000s\000\040\000H\000i\000e\000r\000a\000r\000c\000h\000y}{chapter.3}% 5
\BOOKMARK [0][-]{chapter.4}{\376\377\0004\000\040\000C\000l\000a\000s\000s\000\040\000I\000n\000d\000e\000x}{}% 6
\BOOKMARK [1][-]{section.4.1}{\376\377\0004\000.\0001\000\040\000C\000l\000a\000s\000s\000\040\000L\000i\000s\000t}{chapter.4}% 7
\BOOKMARK [0][-]{chapter.5}{\376\377\0005\000\040\000N\000a\000m\000e\000s\000p\000a\000c\000e\000\040\000D\000o\000c\000u\000m\000e\000n\000t\000a\000t\000i\000o\000n}{}% 8
\BOOKMARK [1][-]{section.5.1}{\376\377\0005\000.\0001\000\040\000o\000m\000\137\000c\000o\000m\000m\000o\000n\000\040\000N\000a\000m\000e\000s\000p\000a\000c\000e\000\040\000R\000e\000f\000e\000r\000e\000n\000c\000e}{chapter.5}% 9
\BOOKMARK [2][-]{subsection.5.1.1}{\376\377\0005\000.\0001\000.\0001\000\040\000D\000e\000t\000a\000i\000l\000e\000d\000\040\000D\000e\000s\000c\000r\000i\000p\000t\000i\000o\000n}{section.5.1}% 10
\BOOKMARK [1][-]{section.5.2}{\376\377\0005\000.\0002\000\040\000o\000m\000\137\000d\000i\000f\000f\000e\000r\000e\000n\000t\000i\000a\000t\000i\000o\000n\000\040\000N\000a\000m\000e\000s\000p\000a\000c\000e\000\040\000R\000e\000f\000e\000r\000e\000n\000c\000e}{chapter.5}% 11
\BOOKMARK [2][-]{subsection.5.2.1}{\376\377\0005\000.\0002\000.\0001\000\040\000D\000e\000t\000a\000i\000l\000e\000d\000\040\000D\000e\000s\000c\000r\000i\000p\000t\000i\000o\000n}{section.5.2}% 12
\BOOKMARK [1][-]{section.5.3}{\376\377\0005\000.\0003\000\040\000o\000m\000\137\000d\000i\000f\000f\000e\000r\000e\000n\000t\000i\000a\000t\000i\000o\000n\000\137\000t\000r\000a\000i\000t\000s\000\040\000N\000a\000m\000e\000s\000p\000a\000c\000e\000\040\000R\000e\000f\000e\000r\000e\000n\000c\000e}{chapter.5}% 13
\BOOKMARK [2][-]{subsection.5.3.1}{\376\377\0005\000.\0003\000.\0001\000\040\000D\000e\000t\000a\000i\000l\000e\000d\000\040\000D\000e\000s\000c\000r\000i\000p\000t\000i\000o\000n}{section.5.3}% 14
\BOOKMARK [1][-]{section.5.4}{\376\377\0005\000.\0004\000\040\000o\000m\000\137\000t\000e\000s\000t\000\137\000f\000u\000n\000c\000t\000i\000o\000n\000s\000\040\000N\000a\000m\000e\000s\000p\000a\000c\000e\000\040\000R\000e\000f\000e\000r\000e\000n\000c\000e}{chapter.5}% 15
\BOOKMARK [2][-]{subsection.5.4.1}{\376\377\0005\000.\0004\000.\0001\000\040\000D\000e\000t\000a\000i\000l\000e\000d\000\040\000D\000e\000s\000c\000r\000i\000p\000t\000i\000o\000n}{section.5.4}% 16
\BOOKMARK [2][-]{subsection.5.4.2}{\376\377\0005\000.\0004\000.\0002\000\040\000F\000u\000n\000c\000t\000i\000o\000n\000\040\000D\000o\000c\000u\000m\000e\000n\000t\000a\000t\000i\000o\000n}{section.5.4}% 17
\BOOKMARK [3][-]{subsubsection.5.4.2.1}{\376\377\0005\000.\0004\000.\0002\000.\0001\000\040\000b\000e\000a\000l\000e\000\137\000f\000u\000n\000c\000t\000i\000o\000n\000\050\000\051}{subsection.5.4.2}% 18
\BOOKMARK [3][-]{subsubsection.5.4.2.2}{\376\377\0005\000.\0004\000.\0002\000.\0002\000\040\000c\000r\000e\000a\000t\000e\000\137\000r\000a\000o\000\137\000t\000e\000s\000t\000\137\000c\000o\000l\000l\000e\000c\000t\000i\000o\000n\000\050\000\051}{subsection.5.4.2}% 19
\BOOKMARK [3][-]{subsubsection.5.4.2.3}{\376\377\0005\000.\0004\000.\0002\000.\0003\000\040\000f\000l\000e\000t\000c\000h\000e\000r\000\137\000p\000o\000w\000e\000l\000l\000\137\000h\000e\000l\000i\000c\000a\000l\000\137\000v\000a\000l\000l\000e\000y\000\050\000\051}{subsection.5.4.2}% 20
\BOOKMARK [3][-]{subsubsection.5.4.2.4}{\376\377\0005\000.\0004\000.\0002\000.\0004\000\040\000f\000r\000e\000u\000d\000e\000n\000s\000t\000e\000i\000n\000\137\000r\000o\000t\000h\000\137\000f\000u\000n\000c\000t\000i\000o\000n\000\050\000\051}{subsection.5.4.2}% 21
\BOOKMARK [3][-]{subsubsection.5.4.2.5}{\376\377\0005\000.\0004\000.\0002\000.\0005\000\040\000n\000o\000n\000\137\000l\000i\000n\000e\000a\000r\000\137\000f\000u\000n\000c\000t\000i\000o\000n\000\050\000\051}{subsection.5.4.2}% 22
\BOOKMARK [3][-]{subsubsection.5.4.2.6}{\376\377\0005\000.\0004\000.\0002\000.\0006\000\040\000p\000o\000w\000e\000l\000l\000\137\000b\000a\000d\000l\000y\000\137\000s\000c\000a\000l\000e\000d\000\137\000f\000u\000n\000c\000t\000i\000o\000n\000\050\000\051}{subsection.5.4.2}% 23
\BOOKMARK [3][-]{subsubsection.5.4.2.7}{\376\377\0005\000.\0004\000.\0002\000.\0007\000\040\000p\000o\000w\000e\000l\000l\000\137\000f\000u\000n\000c\000t\000i\000o\000n\000\050\000\051}{subsection.5.4.2}% 24
\BOOKMARK [3][-]{subsubsection.5.4.2.8}{\376\377\0005\000.\0004\000.\0002\000.\0008\000\040\000q\000u\000a\000d\000r\000a\000t\000i\000c\000\137\000f\000u\000n\000c\000t\000i\000o\000n\000\050\000\051}{subsection.5.4.2}% 25
\BOOKMARK [3][-]{subsubsection.5.4.2.9}{\376\377\0005\000.\0004\000.\0002\000.\0009\000\040\000r\000o\000s\000e\000n\000b\000r\000o\000c\000k\000\137\000p\000a\000r\000a\000b\000o\000l\000i\000c\000\137\000v\000a\000l\000l\000e\000y\000\050\000\051}{subsection.5.4.2}% 26
\BOOKMARK [3][-]{subsubsection.5.4.2.10}{\376\377\0005\000.\0004\000.\0002\000.\0001\0000\000\040\000w\000o\000o\000d\000\137\000f\000u\000n\000c\000t\000i\000o\000n\000\050\000\051}{subsection.5.4.2}% 27
\BOOKMARK [2][-]{subsection.5.4.3}{\376\377\0005\000.\0004\000.\0003\000\040\000V\000a\000r\000i\000a\000b\000l\000e\000\040\000D\000o\000c\000u\000m\000e\000n\000t\000a\000t\000i\000o\000n}{section.5.4}% 28
\BOOKMARK [3][-]{subsubsection.5.4.3.1}{\376\377\0005\000.\0004\000.\0003\000.\0001\000\040\000p\000i}{subsection.5.4.3}% 29
\BOOKMARK [1][-]{section.5.5}{\376\377\0005\000.\0005\000\040\000o\000m\000\137\000t\000e\000s\000t\000\137\000h\000e\000l\000p\000e\000r\000s\000\040\000N\000a\000m\000e\000s\000p\000a\000c\000e\000\040\000R\000e\000f\000e\000r\000e\000n\000c\000e}{chapter.5}% 30
\BOOKMARK [2][-]{subsection.5.5.1}{\376\377\0005\000.\0005\000.\0001\000\040\000D\000e\000t\000a\000i\000l\000e\000d\000\040\000D\000e\000s\000c\000r\000i\000p\000t\000i\000o\000n}{section.5.5}% 31
\BOOKMARK [1][-]{section.5.6}{\376\377\0005\000.\0006\000\040\000o\000m\000\137\000t\000y\000p\000e\000s\000\040\000N\000a\000m\000e\000s\000p\000a\000c\000e\000\040\000R\000e\000f\000e\000r\000e\000n\000c\000e}{chapter.5}% 32
\BOOKMARK [2][-]{subsection.5.6.1}{\376\377\0005\000.\0006\000.\0001\000\040\000D\000e\000t\000a\000i\000l\000e\000d\000\040\000D\000e\000s\000c\000r\000i\000p\000t\000i\000o\000n}{section.5.6}% 33
\BOOKMARK [2][-]{subsection.5.6.2}{\376\377\0005\000.\0006\000.\0002\000\040\000T\000y\000p\000e\000d\000e\000f\000\040\000D\000o\000c\000u\000m\000e\000n\000t\000a\000t\000i\000o\000n}{section.5.6}% 34
\BOOKMARK [3][-]{subsubsection.5.6.2.1}{\376\377\0005\000.\0006\000.\0002\000.\0001\000\040\000f\000\137\000l\000i\000n\000e\000\137\000m\000i\000n\000i\000m\000i\000s\000e\000r\000\137\000t}{subsection.5.6.2}% 35
\BOOKMARK [3][-]{subsubsection.5.6.2.2}{\376\377\0005\000.\0006\000.\0002\000.\0002\000\040\000f\000\137\000s\000c\000a\000l\000a\000r\000\137\000t}{subsection.5.6.2}% 36
\BOOKMARK [3][-]{subsubsection.5.6.2.3}{\376\377\0005\000.\0006\000.\0002\000.\0003\000\040\000f\000\137\000v\000e\000c\000t\000o\000r\000\137\000t}{subsection.5.6.2}% 37
\BOOKMARK [3][-]{subsubsection.5.6.2.4}{\376\377\0005\000.\0006\000.\0002\000.\0004\000\040\000m\000a\000t\000r\000i\000x\000\137\000t}{subsection.5.6.2}% 38
\BOOKMARK [3][-]{subsubsection.5.6.2.5}{\376\377\0005\000.\0006\000.\0002\000.\0005\000\040\000s\000p\000t\000r\000\137\000t}{subsection.5.6.2}% 39
\BOOKMARK [3][-]{subsubsection.5.6.2.6}{\376\377\0005\000.\0006\000.\0002\000.\0006\000\040\000v\000e\000c\000t\000o\000r\000\137\000a\000r\000g\000\137\000t}{subsection.5.6.2}% 40
\BOOKMARK [3][-]{subsubsection.5.6.2.7}{\376\377\0005\000.\0006\000.\0002\000.\0007\000\040\000v\000e\000c\000t\000o\000r\000\137\000c\000o\000n\000s\000t\000\137\000t}{subsection.5.6.2}% 41
\BOOKMARK [3][-]{subsubsection.5.6.2.8}{\376\377\0005\000.\0006\000.\0002\000.\0008\000\040\000v\000e\000c\000t\000o\000r\000\137\000t}{subsection.5.6.2}% 42
\BOOKMARK [1][-]{section.5.7}{\376\377\0005\000.\0007\000\040\000o\000m\000\137\000u\000n\000c\000o\000n\000s\000t\000r\000a\000i\000n\000e\000d\000\137\000m\000e\000t\000h\000o\000d\000s\000\040\000N\000a\000m\000e\000s\000p\000a\000c\000e\000\040\000R\000e\000f\000e\000r\000e\000n\000c\000e}{chapter.5}% 43
\BOOKMARK [2][-]{subsection.5.7.1}{\376\377\0005\000.\0007\000.\0001\000\040\000D\000e\000t\000a\000i\000l\000e\000d\000\040\000D\000e\000s\000c\000r\000i\000p\000t\000i\000o\000n}{section.5.7}% 44
\BOOKMARK [2][-]{subsection.5.7.2}{\376\377\0005\000.\0007\000.\0002\000\040\000F\000u\000n\000c\000t\000i\000o\000n\000\040\000D\000o\000c\000u\000m\000e\000n\000t\000a\000t\000i\000o\000n}{section.5.7}% 45
\BOOKMARK [3][-]{subsubsection.5.7.2.1}{\376\377\0005\000.\0007\000.\0002\000.\0001\000\040\000m\000i\000n\000i\000m\000i\000z\000e\000\050\000\051\000\040\000[\0001\000/\0002\000]}{subsection.5.7.2}% 46
\BOOKMARK [3][-]{subsubsection.5.7.2.2}{\376\377\0005\000.\0007\000.\0002\000.\0002\000\040\000m\000i\000n\000i\000m\000i\000z\000e\000\050\000\051\000\040\000[\0002\000/\0002\000]}{subsection.5.7.2}% 47
\BOOKMARK [1][-]{section.5.8}{\376\377\0005\000.\0008\000\040\000o\000m\000\137\000u\000n\000c\000o\000n\000s\000t\000r\000a\000i\000n\000e\000d\000\137\000m\000e\000t\000h\000o\000d\000s\000:\000:\000o\000m\000\137\000c\000o\000n\000j\000u\000g\000a\000t\000e\000\137\000g\000r\000a\000d\000i\000e\000n\000t\000\040\000N\000a\000m\000e\000s\000p\000a\000c\000e\000\040\000R\000e\000f\000e\000r\000e\000n\000c\000e}{chapter.5}% 48
\BOOKMARK [2][-]{subsection.5.8.1}{\376\377\0005\000.\0008\000.\0001\000\040\000D\000e\000t\000a\000i\000l\000e\000d\000\040\000D\000e\000s\000c\000r\000i\000p\000t\000i\000o\000n}{section.5.8}% 49
\BOOKMARK [1][-]{section.5.9}{\376\377\0005\000.\0009\000\040\000o\000m\000\137\000u\000n\000c\000o\000n\000s\000t\000r\000a\000i\000n\000e\000d\000\137\000m\000e\000t\000h\000o\000d\000s\000:\000:\000o\000m\000\137\000l\000i\000n\000e\000\137\000m\000e\000t\000h\000o\000d\000s\000\040\000N\000a\000m\000e\000s\000p\000a\000c\000e\000\040\000R\000e\000f\000e\000r\000e\000n\000c\000e}{chapter.5}% 50
\BOOKMARK [2][-]{subsection.5.9.1}{\376\377\0005\000.\0009\000.\0001\000\040\000D\000e\000t\000a\000i\000l\000e\000d\000\040\000D\000e\000s\000c\000r\000i\000p\000t\000i\000o\000n}{section.5.9}% 51
\BOOKMARK [1][-]{section.5.10}{\376\377\0005\000.\0001\0000\000\040\000o\000m\000\137\000u\000n\000c\000o\000n\000s\000t\000r\000a\000i\000n\000e\000d\000\137\000m\000e\000t\000h\000o\000d\000s\000:\000:\000o\000m\000\137\000q\000u\000a\000s\000i\000\137\000n\000e\000w\000t\000o\000n\000\040\000N\000a\000m\000e\000s\000p\000a\000c\000e\000\040\000R\000e\000f\000e\000r\000e\000n\000c\000e}{chapter.5}% 52
\BOOKMARK [2][-]{subsection.5.10.1}{\376\377\0005\000.\0001\0000\000.\0001\000\040\000D\000e\000t\000a\000i\000l\000e\000d\000\040\000D\000e\000s\000c\000r\000i\000p\000t\000i\000o\000n}{section.5.10}% 53
\BOOKMARK [1][-]{section.5.11}{\376\377\0005\000.\0001\0001\000\040\000o\000m\000\137\000u\000n\000c\000o\000n\000s\000t\000r\000a\000i\000n\000e\000d\000\137\000m\000e\000t\000h\000o\000d\000s\000:\000:\000o\000m\000\137\000s\000t\000e\000e\000p\000e\000s\000t\000\137\000d\000e\000s\000c\000e\000n\000t\000\040\000N\000a\000m\000e\000s\000p\000a\000c\000e\000\040\000R\000e\000f\000e\000r\000e\000n\000c\000e}{chapter.5}% 54
\BOOKMARK [2][-]{subsection.5.11.1}{\376\377\0005\000.\0001\0001\000.\0001\000\040\000D\000e\000t\000a\000i\000l\000e\000d\000\040\000D\000e\000s\000c\000r\000i\000p\000t\000i\000o\000n}{section.5.11}% 55
\BOOKMARK [1][-]{section.5.12}{\376\377\0005\000.\0001\0002\000\040\000o\000m\000\137\000u\000n\000c\000o\000n\000s\000t\000r\000a\000i\000n\000e\000d\000\137\000m\000e\000t\000h\000o\000d\000s\000:\000:\000o\000m\000\137\000z\000e\000r\000o\000\137\000o\000r\000d\000e\000r\000\040\000N\000a\000m\000e\000s\000p\000a\000c\000e\000\040\000R\000e\000f\000e\000r\000e\000n\000c\000e}{chapter.5}% 56
\BOOKMARK [2][-]{subsection.5.12.1}{\376\377\0005\000.\0001\0002\000.\0001\000\040\000D\000e\000t\000a\000i\000l\000e\000d\000\040\000D\000e\000s\000c\000r\000i\000p\000t\000i\000o\000n}{section.5.12}% 57
\BOOKMARK [1][-]{section.5.13}{\376\377\0005\000.\0001\0003\000\040\000o\000m\000\137\000u\000n\000c\000o\000n\000s\000t\000r\000a\000i\000n\000e\000d\000\137\000m\000e\000t\000h\000o\000d\000s\000\137\000t\000r\000a\000i\000t\000s\000\040\000N\000a\000m\000e\000s\000p\000a\000c\000e\000\040\000R\000e\000f\000e\000r\000e\000n\000c\000e}{chapter.5}% 58
\BOOKMARK [2][-]{subsection.5.13.1}{\376\377\0005\000.\0001\0003\000.\0001\000\040\000D\000e\000t\000a\000i\000l\000e\000d\000\040\000D\000e\000s\000c\000r\000i\000p\000t\000i\000o\000n}{section.5.13}% 59
\BOOKMARK [1][-]{section.5.14}{\376\377\0005\000.\0001\0004\000\040\000o\000m\000\137\000u\000t\000i\000l\000i\000t\000i\000e\000s\000\040\000N\000a\000m\000e\000s\000p\000a\000c\000e\000\040\000R\000e\000f\000e\000r\000e\000n\000c\000e}{chapter.5}% 60
\BOOKMARK [2][-]{subsection.5.14.1}{\376\377\0005\000.\0001\0004\000.\0001\000\040\000D\000e\000t\000a\000i\000l\000e\000d\000\040\000D\000e\000s\000c\000r\000i\000p\000t\000i\000o\000n}{section.5.14}% 61
\BOOKMARK [2][-]{subsection.5.14.2}{\376\377\0005\000.\0001\0004\000.\0002\000\040\000F\000u\000n\000c\000t\000i\000o\000n\000\040\000D\000o\000c\000u\000m\000e\000n\000t\000a\000t\000i\000o\000n}{section.5.14}% 62
\BOOKMARK [3][-]{subsubsection.5.14.2.1}{\376\377\0005\000.\0001\0004\000.\0002\000.\0001\000\040\000f\000i\000b\000\050\000\051}{subsection.5.14.2}% 63
\BOOKMARK [3][-]{subsubsection.5.14.2.2}{\376\377\0005\000.\0001\0004\000.\0002\000.\0002\000\040\000i\000q\000e\000r\000p\000\050\000\051}{subsection.5.14.2}% 64
\BOOKMARK [3][-]{subsubsection.5.14.2.3}{\376\377\0005\000.\0001\0004\000.\0002\000.\0003\000\040\000l\000e\000r\000p\000\050\000\051}{subsection.5.14.2}% 65
\BOOKMARK [3][-]{subsubsection.5.14.2.4}{\376\377\0005\000.\0001\0004\000.\0002\000.\0004\000\040\000s\000i\000g\000n\000\050\000\051}{subsection.5.14.2}% 66
\BOOKMARK [0][-]{chapter.6}{\376\377\0006\000\040\000C\000l\000a\000s\000s\000\040\000D\000o\000c\000u\000m\000e\000n\000t\000a\000t\000i\000o\000n}{}% 67
\BOOKMARK [1][-]{section.6.1}{\376\377\0006\000.\0001\000\040\000o\000m\000\137\000u\000n\000c\000o\000n\000s\000t\000r\000a\000i\000n\000e\000d\000\137\000m\000e\000t\000h\000o\000d\000s\000:\000:\000o\000m\000\137\000l\000i\000n\000e\000\137\000m\000e\000t\000h\000o\000d\000s\000:\000:\000b\000r\000e\000n\000t\000\137\000m\000e\000t\000h\000o\000d\000<\000\040\000f\000p\000\137\000t\000y\000p\000e\000,\000\040\000t\000y\000p\000e\000n\000a\000m\000e\000\040\000>\000\040\000C\000l\000a\000s\000s\000\040\000T\000e\000m\000p\000l\000a\000t\000e\000\040\000R\000e\000f\000e\000r\000e\000n\000c\000e}{chapter.6}% 68
\BOOKMARK [2][-]{subsection.6.1.1}{\376\377\0006\000.\0001\000.\0001\000\040\000D\000e\000t\000a\000i\000l\000e\000d\000\040\000D\000e\000s\000c\000r\000i\000p\000t\000i\000o\000n}{section.6.1}% 69
\BOOKMARK [2][-]{subsection.6.1.2}{\376\377\0006\000.\0001\000.\0002\000\040\000C\000o\000n\000s\000t\000r\000u\000c\000t\000o\000r\000\040\000\046\000\040\000D\000e\000s\000t\000r\000u\000c\000t\000o\000r\000\040\000D\000o\000c\000u\000m\000e\000n\000t\000a\000t\000i\000o\000n}{section.6.1}% 70
\BOOKMARK [3][-]{subsubsection.6.1.2.1}{\376\377\0006\000.\0001\000.\0002\000.\0001\000\040\000b\000r\000e\000n\000t\000\137\000m\000e\000t\000h\000o\000d\000\050\000\051\000\040\000[\0001\000/\0002\000]}{subsection.6.1.2}% 71
\BOOKMARK [3][-]{subsubsection.6.1.2.2}{\376\377\0006\000.\0001\000.\0002\000.\0002\000\040\000b\000r\000e\000n\000t\000\137\000m\000e\000t\000h\000o\000d\000\050\000\051\000\040\000[\0002\000/\0002\000]}{subsection.6.1.2}% 72
\BOOKMARK [2][-]{subsection.6.1.3}{\376\377\0006\000.\0001\000.\0003\000\040\000M\000e\000m\000b\000e\000r\000\040\000F\000u\000n\000c\000t\000i\000o\000n\000\040\000D\000o\000c\000u\000m\000e\000n\000t\000a\000t\000i\000o\000n}{section.6.1}% 73
\BOOKMARK [3][-]{subsubsection.6.1.3.1}{\376\377\0006\000.\0001\000.\0003\000.\0001\000\040\000o\000p\000e\000r\000a\000t\000o\000r\000\050\000\051\000\050\000\051}{subsection.6.1.3}% 74
\BOOKMARK [3][-]{subsubsection.6.1.3.2}{\376\377\0006\000.\0001\000.\0003\000.\0002\000\040\000o\000p\000e\000r\000a\000t\000o\000r\000=\000\050\000\051}{subsection.6.1.3}% 75
\BOOKMARK [1][-]{section.6.2}{\376\377\0006\000.\0002\000\040\000o\000m\000\137\000u\000n\000c\000o\000n\000s\000t\000r\000a\000i\000n\000e\000d\000\137\000m\000e\000t\000h\000o\000d\000s\000:\000:\000o\000m\000\137\000q\000u\000a\000s\000i\000\137\000n\000e\000w\000t\000o\000n\000:\000:\000b\000r\000o\000y\000d\000e\000n\000\137\000f\000l\000e\000t\000c\000h\000e\000r\000\137\000g\000o\000l\000d\000f\000a\000r\000b\000\137\000s\000h\000a\000n\000n\000o\000\137\000m\000e\000t\000h\000o\000d\000<\000\040\000f\000p\000\137\000t\000y\000p\000e\000\040\000>\000\040\000C\000l\000a\000s\000s\000\040\000T\000e\000m\000p\000l\000a\000t\000e\000\040\000R\000e\000f\000e\000r\000e\000n\000c\000e}{chapter.6}% 76
\BOOKMARK [2][-]{subsection.6.2.1}{\376\377\0006\000.\0002\000.\0001\000\040\000D\000e\000t\000a\000i\000l\000e\000d\000\040\000D\000e\000s\000c\000r\000i\000p\000t\000i\000o\000n}{section.6.2}% 77
\BOOKMARK [2][-]{subsection.6.2.2}{\376\377\0006\000.\0002\000.\0002\000\040\000C\000o\000n\000s\000t\000r\000u\000c\000t\000o\000r\000\040\000\046\000\040\000D\000e\000s\000t\000r\000u\000c\000t\000o\000r\000\040\000D\000o\000c\000u\000m\000e\000n\000t\000a\000t\000i\000o\000n}{section.6.2}% 78
\BOOKMARK [3][-]{subsubsection.6.2.2.1}{\376\377\0006\000.\0002\000.\0002\000.\0001\000\040\000b\000r\000o\000y\000d\000e\000n\000\137\000f\000l\000e\000t\000c\000h\000e\000r\000\137\000g\000o\000l\000d\000f\000a\000r\000b\000\137\000s\000h\000a\000n\000n\000o\000\137\000m\000e\000t\000h\000o\000d\000\050\000\051}{subsection.6.2.2}% 79
\BOOKMARK [2][-]{subsection.6.2.3}{\376\377\0006\000.\0002\000.\0003\000\040\000M\000e\000m\000b\000e\000r\000\040\000F\000u\000n\000c\000t\000i\000o\000n\000\040\000D\000o\000c\000u\000m\000e\000n\000t\000a\000t\000i\000o\000n}{section.6.2}% 80
\BOOKMARK [3][-]{subsubsection.6.2.3.1}{\376\377\0006\000.\0002\000.\0003\000.\0001\000\040\000m\000i\000n\000i\000m\000i\000z\000e\000\050\000\051}{subsection.6.2.3}% 81
\BOOKMARK [1][-]{section.6.3}{\376\377\0006\000.\0003\000\040\000o\000m\000\137\000u\000t\000i\000l\000i\000t\000i\000e\000s\000:\000:\000c\000a\000r\000t\000e\000s\000i\000a\000n\000\137\000b\000a\000s\000i\000s\000\137\000v\000e\000c\000t\000o\000r\000s\000<\000\040\000f\000p\000\137\000t\000y\000p\000e\000,\000\040\000t\000y\000p\000e\000n\000a\000m\000e\000\040\000>\000\040\000S\000t\000r\000u\000c\000t\000\040\000T\000e\000m\000p\000l\000a\000t\000e\000\040\000R\000e\000f\000e\000r\000e\000n\000c\000e}{chapter.6}% 82
\BOOKMARK [2][-]{subsection.6.3.1}{\376\377\0006\000.\0003\000.\0001\000\040\000D\000e\000t\000a\000i\000l\000e\000d\000\040\000D\000e\000s\000c\000r\000i\000p\000t\000i\000o\000n}{section.6.3}% 83
\BOOKMARK [1][-]{section.6.4}{\376\377\0006\000.\0004\000\040\000o\000m\000\137\000d\000i\000f\000f\000e\000r\000e\000n\000t\000i\000a\000t\000i\000o\000n\000:\000:\000c\000e\000n\000t\000r\000a\000l\000\137\000d\000i\000f\000f\000e\000r\000e\000n\000c\000e\000<\000\040\000o\000r\000d\000e\000r\000,\000\040\000f\000p\000\137\000t\000y\000p\000e\000,\000\040\000t\000y\000p\000e\000n\000a\000m\000e\000\040\000>\000\040\000S\000t\000r\000u\000c\000t\000\040\000T\000e\000m\000p\000l\000a\000t\000e\000\040\000R\000e\000f\000e\000r\000e\000n\000c\000e}{chapter.6}% 84
\BOOKMARK [2][-]{subsection.6.4.1}{\376\377\0006\000.\0004\000.\0001\000\040\000D\000e\000t\000a\000i\000l\000e\000d\000\040\000D\000e\000s\000c\000r\000i\000p\000t\000i\000o\000n}{section.6.4}% 85
\BOOKMARK [1][-]{section.6.5}{\376\377\0006\000.\0005\000\040\000o\000m\000\137\000d\000i\000f\000f\000e\000r\000e\000n\000t\000i\000a\000t\000i\000o\000n\000:\000:\000c\000e\000n\000t\000r\000a\000l\000\137\000d\000i\000f\000f\000e\000r\000e\000n\000c\000e\000<\000\040\0000\000,\000\040\000f\000p\000\137\000t\000y\000p\000e\000\040\000>\000\040\000S\000t\000r\000u\000c\000t\000\040\000T\000e\000m\000p\000l\000a\000t\000e\000\040\000R\000e\000f\000e\000r\000e\000n\000c\000e}{chapter.6}% 86
\BOOKMARK [1][-]{section.6.6}{\376\377\0006\000.\0006\000\040\000o\000m\000\137\000d\000i\000f\000f\000e\000r\000e\000n\000t\000i\000a\000t\000i\000o\000n\000:\000:\000c\000e\000n\000t\000r\000a\000l\000\137\000d\000i\000f\000f\000e\000r\000e\000n\000c\000e\000<\000\040\0001\000,\000\040\000f\000p\000\137\000t\000y\000p\000e\000\040\000>\000\040\000S\000t\000r\000u\000c\000t\000\040\000T\000e\000m\000p\000l\000a\000t\000e\000\040\000R\000e\000f\000e\000r\000e\000n\000c\000e}{chapter.6}% 87
\BOOKMARK [1][-]{section.6.7}{\376\377\0006\000.\0007\000\040\000o\000m\000\137\000d\000i\000f\000f\000e\000r\000e\000n\000t\000i\000a\000t\000i\000o\000n\000\137\000t\000r\000a\000i\000t\000s\000:\000:\000c\000e\000n\000t\000r\000a\000l\000\137\000d\000i\000f\000f\000e\000r\000e\000n\000c\000e\000\137\000t\000r\000a\000i\000t\000<\000\040\000f\000p\000\137\000t\000y\000p\000e\000\040\000>\000\040\000S\000t\000r\000u\000c\000t\000\040\000T\000e\000m\000p\000l\000a\000t\000e\000\040\000R\000e\000f\000e\000r\000e\000n\000c\000e}{chapter.6}% 88
\BOOKMARK [2][-]{subsection.6.7.1}{\376\377\0006\000.\0007\000.\0001\000\040\000D\000e\000t\000a\000i\000l\000e\000d\000\040\000D\000e\000s\000c\000r\000i\000p\000t\000i\000o\000n}{section.6.7}% 89
\BOOKMARK [1][-]{section.6.8}{\376\377\0006\000.\0008\000\040\000o\000m\000\137\000c\000o\000m\000m\000o\000n\000:\000:\000c\000l\000o\000s\000e\000s\000t\000\137\000t\000o\000<\000\040\000c\000o\000u\000n\000t\000,\000\040\000f\000p\000\137\000t\000y\000p\000e\000,\000\040\000t\000y\000p\000e\000n\000a\000m\000e\000,\000\040\000t\000y\000p\000e\000\040\000>\000\040\000S\000t\000r\000u\000c\000t\000\040\000T\000e\000m\000p\000l\000a\000t\000e\000\040\000R\000e\000f\000e\000r\000e\000n\000c\000e}{chapter.6}% 90
\BOOKMARK [2][-]{subsection.6.8.1}{\376\377\0006\000.\0008\000.\0001\000\040\000D\000e\000t\000a\000i\000l\000e\000d\000\040\000D\000e\000s\000c\000r\000i\000p\000t\000i\000o\000n}{section.6.8}% 91
\BOOKMARK [1][-]{section.6.9}{\376\377\0006\000.\0009\000\040\000o\000m\000\137\000c\000o\000m\000m\000o\000n\000:\000:\000c\000l\000o\000s\000e\000s\000t\000\137\000t\000o\000<\000\040\0002\000,\000\040\000f\000p\000\137\000t\000y\000p\000e\000\040\000>\000\040\000S\000t\000r\000u\000c\000t\000\040\000T\000e\000m\000p\000l\000a\000t\000e\000\040\000R\000e\000f\000e\000r\000e\000n\000c\000e}{chapter.6}% 92
\BOOKMARK [1][-]{section.6.10}{\376\377\0006\000.\0001\0000\000\040\000o\000m\000\137\000c\000o\000m\000m\000o\000n\000:\000:\000c\000l\000o\000s\000e\000s\000t\000\137\000t\000o\000<\000\040\0003\000,\000\040\000f\000p\000\137\000t\000y\000p\000e\000\040\000>\000\040\000S\000t\000r\000u\000c\000t\000\040\000T\000e\000m\000p\000l\000a\000t\000e\000\040\000R\000e\000f\000e\000r\000e\000n\000c\000e}{chapter.6}% 93
\BOOKMARK [1][-]{section.6.11}{\376\377\0006\000.\0001\0001\000\040\000o\000m\000\137\000u\000n\000c\000o\000n\000s\000t\000r\000a\000i\000n\000e\000d\000\137\000m\000e\000t\000h\000o\000d\000s\000:\000:\000o\000m\000\137\000c\000o\000n\000j\000u\000g\000a\000t\000e\000\137\000g\000r\000a\000d\000i\000e\000n\000t\000:\000:\000c\000o\000n\000j\000u\000g\000a\000t\000e\000\137\000g\000r\000a\000d\000i\000e\000n\000t\000\137\000b\000a\000s\000e\000<\000\040\000f\000p\000\137\000t\000y\000p\000e\000,\000\040\000t\000y\000p\000e\000n\000a\000m\000e\000\040\000>\000\040\000C\000l\000a\000s\000s\000\040\000T\000e\000m\000p\000l\000a\000t\000e\000\040\000R\000e\000f\000e\000r\000e\000n\000c\000e}{chapter.6}% 94
\BOOKMARK [2][-]{subsection.6.11.1}{\376\377\0006\000.\0001\0001\000.\0001\000\040\000D\000e\000t\000a\000i\000l\000e\000d\000\040\000D\000e\000s\000c\000r\000i\000p\000t\000i\000o\000n}{section.6.11}% 95
\BOOKMARK [2][-]{subsection.6.11.2}{\376\377\0006\000.\0001\0001\000.\0002\000\040\000C\000o\000n\000s\000t\000r\000u\000c\000t\000o\000r\000\040\000\046\000\040\000D\000e\000s\000t\000r\000u\000c\000t\000o\000r\000\040\000D\000o\000c\000u\000m\000e\000n\000t\000a\000t\000i\000o\000n}{section.6.11}% 96
\BOOKMARK [3][-]{subsubsection.6.11.2.1}{\376\377\0006\000.\0001\0001\000.\0002\000.\0001\000\040\000c\000o\000n\000j\000u\000g\000a\000t\000e\000\137\000g\000r\000a\000d\000i\000e\000n\000t\000\137\000b\000a\000s\000e\000\050\000\051\000\040\000[\0001\000/\0002\000]}{subsection.6.11.2}% 97
\BOOKMARK [3][-]{subsubsection.6.11.2.2}{\376\377\0006\000.\0001\0001\000.\0002\000.\0002\000\040\000c\000o\000n\000j\000u\000g\000a\000t\000e\000\137\000g\000r\000a\000d\000i\000e\000n\000t\000\137\000b\000a\000s\000e\000\050\000\051\000\040\000[\0002\000/\0002\000]}{subsection.6.11.2}% 98
\BOOKMARK [2][-]{subsection.6.11.3}{\376\377\0006\000.\0001\0001\000.\0003\000\040\000M\000e\000m\000b\000e\000r\000\040\000F\000u\000n\000c\000t\000i\000o\000n\000\040\000D\000o\000c\000u\000m\000e\000n\000t\000a\000t\000i\000o\000n}{section.6.11}% 99
\BOOKMARK [3][-]{subsubsection.6.11.3.1}{\376\377\0006\000.\0001\0001\000.\0003\000.\0001\000\040\000o\000p\000e\000r\000a\000t\000o\000r\000=\000\050\000\051}{subsection.6.11.3}% 100
\BOOKMARK [3][-]{subsubsection.6.11.3.2}{\376\377\0006\000.\0001\0001\000.\0003\000.\0002\000\040\000s\000e\000t\000\137\000a\000r\000g\000\137\000t\000o\000l\000e\000r\000a\000n\000c\000e\000\050\000\051}{subsection.6.11.3}% 101
\BOOKMARK [3][-]{subsubsection.6.11.3.3}{\376\377\0006\000.\0001\0001\000.\0003\000.\0003\000\040\000s\000e\000t\000\137\000f\000u\000n\000\137\000t\000o\000l\000e\000r\000a\000n\000c\000e\000\050\000\051}{subsection.6.11.3}% 102
\BOOKMARK [3][-]{subsubsection.6.11.3.4}{\376\377\0006\000.\0001\0001\000.\0003\000.\0004\000\040\000s\000e\000t\000\137\000g\000r\000a\000d\000\137\000t\000o\000l\000e\000r\000a\000n\000c\000e\000\050\000\051}{subsection.6.11.3}% 103
\BOOKMARK [3][-]{subsubsection.6.11.3.5}{\376\377\0006\000.\0001\0001\000.\0003\000.\0005\000\040\000s\000e\000t\000\137\000m\000a\000x\000\137\000i\000t\000e\000r\000a\000t\000i\000o\000n\000s\000\050\000\051}{subsection.6.11.3}% 104
\BOOKMARK [1][-]{section.6.12}{\376\377\0006\000.\0001\0002\000\040\000o\000m\000\137\000u\000n\000c\000o\000n\000s\000t\000r\000a\000i\000n\000e\000d\000\137\000m\000e\000t\000h\000o\000d\000s\000:\000:\000o\000m\000\137\000q\000u\000a\000s\000i\000\137\000n\000e\000w\000t\000o\000n\000:\000:\000d\000a\000v\000i\000d\000o\000n\000\137\000f\000l\000e\000t\000c\000h\000e\000r\000\137\000p\000o\000w\000e\000l\000l\000\137\000m\000e\000t\000h\000o\000d\000<\000\040\000f\000p\000\137\000t\000y\000p\000e\000\040\000>\000\040\000C\000l\000a\000s\000s\000\040\000T\000e\000m\000p\000l\000a\000t\000e\000\040\000R\000e\000f\000e\000r\000e\000n\000c\000e}{chapter.6}% 105
\BOOKMARK [2][-]{subsection.6.12.1}{\376\377\0006\000.\0001\0002\000.\0001\000\040\000D\000e\000t\000a\000i\000l\000e\000d\000\040\000D\000e\000s\000c\000r\000i\000p\000t\000i\000o\000n}{section.6.12}% 106
\BOOKMARK [2][-]{subsection.6.12.2}{\376\377\0006\000.\0001\0002\000.\0002\000\040\000C\000o\000n\000s\000t\000r\000u\000c\000t\000o\000r\000\040\000\046\000\040\000D\000e\000s\000t\000r\000u\000c\000t\000o\000r\000\040\000D\000o\000c\000u\000m\000e\000n\000t\000a\000t\000i\000o\000n}{section.6.12}% 107
\BOOKMARK [3][-]{subsubsection.6.12.2.1}{\376\377\0006\000.\0001\0002\000.\0002\000.\0001\000\040\000d\000a\000v\000i\000d\000o\000n\000\137\000f\000l\000e\000t\000c\000h\000e\000r\000\137\000p\000o\000w\000e\000l\000l\000\137\000m\000e\000t\000h\000o\000d\000\050\000\051}{subsection.6.12.2}% 108
\BOOKMARK [2][-]{subsection.6.12.3}{\376\377\0006\000.\0001\0002\000.\0003\000\040\000M\000e\000m\000b\000e\000r\000\040\000F\000u\000n\000c\000t\000i\000o\000n\000\040\000D\000o\000c\000u\000m\000e\000n\000t\000a\000t\000i\000o\000n}{section.6.12}% 109
\BOOKMARK [3][-]{subsubsection.6.12.3.1}{\376\377\0006\000.\0001\0002\000.\0003\000.\0001\000\040\000m\000i\000n\000i\000m\000i\000z\000e\000\050\000\051}{subsection.6.12.3}% 110
\BOOKMARK [1][-]{section.6.13}{\376\377\0006\000.\0001\0003\000\040\000o\000m\000\137\000d\000i\000f\000f\000e\000r\000e\000n\000t\000i\000a\000t\000i\000o\000n\000:\000:\000d\000i\000v\000i\000d\000e\000d\000\137\000d\000i\000f\000f\000e\000r\000e\000n\000c\000e\000<\000\040\000o\000r\000d\000e\000r\000,\000\040\000f\000p\000\137\000t\000y\000p\000e\000,\000\040\000t\000y\000p\000e\000n\000a\000m\000e\000,\000\040\000t\000y\000p\000e\000\040\000>\000\040\000S\000t\000r\000u\000c\000t\000\040\000T\000e\000m\000p\000l\000a\000t\000e\000\040\000R\000e\000f\000e\000r\000e\000n\000c\000e}{chapter.6}% 111
\BOOKMARK [2][-]{subsection.6.13.1}{\376\377\0006\000.\0001\0003\000.\0001\000\040\000D\000e\000t\000a\000i\000l\000e\000d\000\040\000D\000e\000s\000c\000r\000i\000p\000t\000i\000o\000n}{section.6.13}% 112
\BOOKMARK [1][-]{section.6.14}{\376\377\0006\000.\0001\0004\000\040\000o\000m\000\137\000d\000i\000f\000f\000e\000r\000e\000n\000t\000i\000a\000t\000i\000o\000n\000:\000:\000d\000i\000v\000i\000d\000e\000d\000\137\000d\000i\000f\000f\000e\000r\000e\000n\000c\000e\000<\000\040\0000\000,\000\040\000f\000p\000\137\000t\000y\000p\000e\000\040\000>\000\040\000S\000t\000r\000u\000c\000t\000\040\000T\000e\000m\000p\000l\000a\000t\000e\000\040\000R\000e\000f\000e\000r\000e\000n\000c\000e}{chapter.6}% 113
\BOOKMARK [1][-]{section.6.15}{\376\377\0006\000.\0001\0005\000\040\000o\000m\000\137\000d\000i\000f\000f\000e\000r\000e\000n\000t\000i\000a\000t\000i\000o\000n\000:\000:\000d\000i\000v\000i\000d\000e\000d\000\137\000d\000i\000f\000f\000e\000r\000e\000n\000c\000e\000<\000\040\0001\000,\000\040\000f\000p\000\137\000t\000y\000p\000e\000\040\000>\000\040\000S\000t\000r\000u\000c\000t\000\040\000T\000e\000m\000p\000l\000a\000t\000e\000\040\000R\000e\000f\000e\000r\000e\000n\000c\000e}{chapter.6}% 114
\BOOKMARK [1][-]{section.6.16}{\376\377\0006\000.\0001\0006\000\040\000o\000m\000\137\000d\000i\000f\000f\000e\000r\000e\000n\000t\000i\000a\000t\000i\000o\000n\000:\000:\000d\000i\000v\000i\000d\000e\000d\000\137\000d\000i\000f\000f\000e\000r\000e\000n\000c\000e\000<\000\040\0002\000,\000\040\000f\000p\000\137\000t\000y\000p\000e\000\040\000>\000\040\000S\000t\000r\000u\000c\000t\000\040\000T\000e\000m\000p\000l\000a\000t\000e\000\040\000R\000e\000f\000e\000r\000e\000n\000c\000e}{chapter.6}% 115
\BOOKMARK [1][-]{section.6.17}{\376\377\0006\000.\0001\0007\000\040\000o\000m\000\137\000u\000n\000c\000o\000n\000s\000t\000r\000a\000i\000n\000e\000d\000\137\000m\000e\000t\000h\000o\000d\000s\000:\000:\000o\000m\000\137\000l\000i\000n\000e\000\137\000m\000e\000t\000h\000o\000d\000s\000:\000:\000f\000i\000b\000o\000n\000a\000c\000c\000i\000\137\000m\000e\000t\000h\000o\000d\000<\000\040\000f\000p\000\137\000t\000y\000p\000e\000,\000\040\000t\000y\000p\000e\000n\000a\000m\000e\000\040\000>\000\040\000C\000l\000a\000s\000s\000\040\000T\000e\000m\000p\000l\000a\000t\000e\000\040\000R\000e\000f\000e\000r\000e\000n\000c\000e}{chapter.6}% 116
\BOOKMARK [2][-]{subsection.6.17.1}{\376\377\0006\000.\0001\0007\000.\0001\000\040\000D\000e\000t\000a\000i\000l\000e\000d\000\040\000D\000e\000s\000c\000r\000i\000p\000t\000i\000o\000n}{section.6.17}% 117
\BOOKMARK [2][-]{subsection.6.17.2}{\376\377\0006\000.\0001\0007\000.\0002\000\040\000C\000o\000n\000s\000t\000r\000u\000c\000t\000o\000r\000\040\000\046\000\040\000D\000e\000s\000t\000r\000u\000c\000t\000o\000r\000\040\000D\000o\000c\000u\000m\000e\000n\000t\000a\000t\000i\000o\000n}{section.6.17}% 118
\BOOKMARK [3][-]{subsubsection.6.17.2.1}{\376\377\0006\000.\0001\0007\000.\0002\000.\0001\000\040\000f\000i\000b\000o\000n\000a\000c\000c\000i\000\137\000m\000e\000t\000h\000o\000d\000\050\000\051\000\040\000[\0001\000/\0002\000]}{subsection.6.17.2}% 119
\BOOKMARK [3][-]{subsubsection.6.17.2.2}{\376\377\0006\000.\0001\0007\000.\0002\000.\0002\000\040\000f\000i\000b\000o\000n\000a\000c\000c\000i\000\137\000m\000e\000t\000h\000o\000d\000\050\000\051\000\040\000[\0002\000/\0002\000]}{subsection.6.17.2}% 120
\BOOKMARK [2][-]{subsection.6.17.3}{\376\377\0006\000.\0001\0007\000.\0003\000\040\000M\000e\000m\000b\000e\000r\000\040\000F\000u\000n\000c\000t\000i\000o\000n\000\040\000D\000o\000c\000u\000m\000e\000n\000t\000a\000t\000i\000o\000n}{section.6.17}% 121
\BOOKMARK [3][-]{subsubsection.6.17.3.1}{\376\377\0006\000.\0001\0007\000.\0003\000.\0001\000\040\000o\000p\000e\000r\000a\000t\000o\000r\000\050\000\051\000\050\000\051}{subsection.6.17.3}% 122
\BOOKMARK [3][-]{subsubsection.6.17.3.2}{\376\377\0006\000.\0001\0007\000.\0003\000.\0002\000\040\000o\000p\000e\000r\000a\000t\000o\000r\000=\000\050\000\051}{subsection.6.17.3}% 123
\BOOKMARK [1][-]{section.6.18}{\376\377\0006\000.\0001\0008\000\040\000o\000m\000\137\000u\000n\000c\000o\000n\000s\000t\000r\000a\000i\000n\000e\000d\000\137\000m\000e\000t\000h\000o\000d\000s\000:\000:\000o\000m\000\137\000c\000o\000n\000j\000u\000g\000a\000t\000e\000\137\000g\000r\000a\000d\000i\000e\000n\000t\000:\000:\000f\000l\000e\000t\000c\000h\000e\000r\000\137\000r\000e\000e\000v\000e\000s\000\137\000m\000e\000t\000h\000o\000d\000<\000\040\000f\000p\000\137\000t\000y\000p\000e\000\040\000>\000\040\000C\000l\000a\000s\000s\000\040\000T\000e\000m\000p\000l\000a\000t\000e\000\040\000R\000e\000f\000e\000r\000e\000n\000c\000e}{chapter.6}% 124
\BOOKMARK [2][-]{subsection.6.18.1}{\376\377\0006\000.\0001\0008\000.\0001\000\040\000D\000e\000t\000a\000i\000l\000e\000d\000\040\000D\000e\000s\000c\000r\000i\000p\000t\000i\000o\000n}{section.6.18}% 125
\BOOKMARK [2][-]{subsection.6.18.2}{\376\377\0006\000.\0001\0008\000.\0002\000\040\000C\000o\000n\000s\000t\000r\000u\000c\000t\000o\000r\000\040\000\046\000\040\000D\000e\000s\000t\000r\000u\000c\000t\000o\000r\000\040\000D\000o\000c\000u\000m\000e\000n\000t\000a\000t\000i\000o\000n}{section.6.18}% 126
\BOOKMARK [3][-]{subsubsection.6.18.2.1}{\376\377\0006\000.\0001\0008\000.\0002\000.\0001\000\040\000f\000l\000e\000t\000c\000h\000e\000r\000\137\000r\000e\000e\000v\000e\000s\000\137\000m\000e\000t\000h\000o\000d\000\050\000\051}{subsection.6.18.2}% 127
\BOOKMARK [2][-]{subsection.6.18.3}{\376\377\0006\000.\0001\0008\000.\0003\000\040\000M\000e\000m\000b\000e\000r\000\040\000F\000u\000n\000c\000t\000i\000o\000n\000\040\000D\000o\000c\000u\000m\000e\000n\000t\000a\000t\000i\000o\000n}{section.6.18}% 128
\BOOKMARK [3][-]{subsubsection.6.18.3.1}{\376\377\0006\000.\0001\0008\000.\0003\000.\0001\000\040\000m\000i\000n\000i\000m\000i\000z\000e\000\050\000\051}{subsection.6.18.3}% 129
\BOOKMARK [1][-]{section.6.19}{\376\377\0006\000.\0001\0009\000\040\000o\000m\000\137\000d\000i\000f\000f\000e\000r\000e\000n\000t\000i\000a\000t\000i\000o\000n\000:\000:\000f\000o\000r\000w\000a\000r\000d\000\137\000d\000i\000f\000f\000e\000r\000e\000n\000c\000e\000<\000\040\000o\000r\000d\000e\000r\000,\000\040\000f\000p\000\137\000t\000y\000p\000e\000,\000\040\000t\000y\000p\000e\000n\000a\000m\000e\000\040\000>\000\040\000S\000t\000r\000u\000c\000t\000\040\000T\000e\000m\000p\000l\000a\000t\000e\000\040\000R\000e\000f\000e\000r\000e\000n\000c\000e}{chapter.6}% 130
\BOOKMARK [2][-]{subsection.6.19.1}{\376\377\0006\000.\0001\0009\000.\0001\000\040\000D\000e\000t\000a\000i\000l\000e\000d\000\040\000D\000e\000s\000c\000r\000i\000p\000t\000i\000o\000n}{section.6.19}% 131
\BOOKMARK [1][-]{section.6.20}{\376\377\0006\000.\0002\0000\000\040\000o\000m\000\137\000d\000i\000f\000f\000e\000r\000e\000n\000t\000i\000a\000t\000i\000o\000n\000:\000:\000f\000o\000r\000w\000a\000r\000d\000\137\000d\000i\000f\000f\000e\000r\000e\000n\000c\000e\000<\000\040\0000\000,\000\040\000f\000p\000\137\000t\000y\000p\000e\000\040\000>\000\040\000S\000t\000r\000u\000c\000t\000\040\000T\000e\000m\000p\000l\000a\000t\000e\000\040\000R\000e\000f\000e\000r\000e\000n\000c\000e}{chapter.6}% 132
\BOOKMARK [1][-]{section.6.21}{\376\377\0006\000.\0002\0001\000\040\000o\000m\000\137\000d\000i\000f\000f\000e\000r\000e\000n\000t\000i\000a\000t\000i\000o\000n\000:\000:\000f\000o\000r\000w\000a\000r\000d\000\137\000d\000i\000f\000f\000e\000r\000e\000n\000c\000e\000<\000\040\0001\000,\000\040\000f\000p\000\137\000t\000y\000p\000e\000\040\000>\000\040\000S\000t\000r\000u\000c\000t\000\040\000T\000e\000m\000p\000l\000a\000t\000e\000\040\000R\000e\000f\000e\000r\000e\000n\000c\000e}{chapter.6}% 133
\BOOKMARK [1][-]{section.6.22}{\376\377\0006\000.\0002\0002\000\040\000o\000m\000\137\000d\000i\000f\000f\000e\000r\000e\000n\000t\000i\000a\000t\000i\000o\000n\000\137\000t\000r\000a\000i\000t\000s\000:\000:\000f\000o\000r\000w\000a\000r\000d\000\137\000d\000i\000f\000f\000e\000r\000e\000n\000c\000e\000\137\000t\000r\000a\000i\000t\000<\000\040\000f\000p\000\137\000t\000y\000p\000e\000\040\000>\000\040\000S\000t\000r\000u\000c\000t\000\040\000T\000e\000m\000p\000l\000a\000t\000e\000\040\000R\000e\000f\000e\000r\000e\000n\000c\000e}{chapter.6}% 134
\BOOKMARK [2][-]{subsection.6.22.1}{\376\377\0006\000.\0002\0002\000.\0001\000\040\000D\000e\000t\000a\000i\000l\000e\000d\000\040\000D\000e\000s\000c\000r\000i\000p\000t\000i\000o\000n}{section.6.22}% 135
\BOOKMARK [1][-]{section.6.23}{\376\377\0006\000.\0002\0003\000\040\000o\000m\000\137\000c\000o\000m\000m\000o\000n\000:\000:\000f\000u\000r\000t\000h\000e\000s\000t\000\137\000f\000r\000o\000m\000<\000\040\000c\000o\000u\000n\000t\000,\000\040\000f\000p\000\137\000t\000y\000p\000e\000,\000\040\000t\000y\000p\000e\000n\000a\000m\000e\000,\000\040\000t\000y\000p\000e\000\040\000>\000\040\000S\000t\000r\000u\000c\000t\000\040\000T\000e\000m\000p\000l\000a\000t\000e\000\040\000R\000e\000f\000e\000r\000e\000n\000c\000e}{chapter.6}% 136
\BOOKMARK [2][-]{subsection.6.23.1}{\376\377\0006\000.\0002\0003\000.\0001\000\040\000D\000e\000t\000a\000i\000l\000e\000d\000\040\000D\000e\000s\000c\000r\000i\000p\000t\000i\000o\000n}{section.6.23}% 137
\BOOKMARK [1][-]{section.6.24}{\376\377\0006\000.\0002\0004\000\040\000o\000m\000\137\000c\000o\000m\000m\000o\000n\000:\000:\000f\000u\000r\000t\000h\000e\000s\000t\000\137\000f\000r\000o\000m\000<\000\040\0002\000,\000\040\000f\000p\000\137\000t\000y\000p\000e\000\040\000>\000\040\000S\000t\000r\000u\000c\000t\000\040\000T\000e\000m\000p\000l\000a\000t\000e\000\040\000R\000e\000f\000e\000r\000e\000n\000c\000e}{chapter.6}% 138
\BOOKMARK [1][-]{section.6.25}{\376\377\0006\000.\0002\0005\000\040\000o\000m\000\137\000c\000o\000m\000m\000o\000n\000:\000:\000f\000u\000r\000t\000h\000e\000s\000t\000\137\000f\000r\000o\000m\000<\000\040\0003\000,\000\040\000f\000p\000\137\000t\000y\000p\000e\000\040\000>\000\040\000S\000t\000r\000u\000c\000t\000\040\000T\000e\000m\000p\000l\000a\000t\000e\000\040\000R\000e\000f\000e\000r\000e\000n\000c\000e}{chapter.6}% 139
\BOOKMARK [1][-]{section.6.26}{\376\377\0006\000.\0002\0006\000\040\000o\000m\000\137\000u\000n\000c\000o\000n\000s\000t\000r\000a\000i\000n\000e\000d\000\137\000m\000e\000t\000h\000o\000d\000s\000:\000:\000o\000m\000\137\000l\000i\000n\000e\000\137\000m\000e\000t\000h\000o\000d\000s\000:\000:\000g\000o\000l\000d\000e\000n\000\137\000s\000e\000c\000t\000i\000o\000n\000\137\000m\000e\000t\000h\000o\000d\000<\000\040\000f\000p\000\137\000t\000y\000p\000e\000,\000\040\000t\000y\000p\000e\000n\000a\000m\000e\000\040\000>\000\040\000C\000l\000a\000s\000s\000\040\000T\000e\000m\000p\000l\000a\000t\000e\000\040\000R\000e\000f\000e\000r\000e\000n\000c\000e}{chapter.6}% 140
\BOOKMARK [2][-]{subsection.6.26.1}{\376\377\0006\000.\0002\0006\000.\0001\000\040\000D\000e\000t\000a\000i\000l\000e\000d\000\040\000D\000e\000s\000c\000r\000i\000p\000t\000i\000o\000n}{section.6.26}% 141
\BOOKMARK [2][-]{subsection.6.26.2}{\376\377\0006\000.\0002\0006\000.\0002\000\040\000C\000o\000n\000s\000t\000r\000u\000c\000t\000o\000r\000\040\000\046\000\040\000D\000e\000s\000t\000r\000u\000c\000t\000o\000r\000\040\000D\000o\000c\000u\000m\000e\000n\000t\000a\000t\000i\000o\000n}{section.6.26}% 142
\BOOKMARK [3][-]{subsubsection.6.26.2.1}{\376\377\0006\000.\0002\0006\000.\0002\000.\0001\000\040\000g\000o\000l\000d\000e\000n\000\137\000s\000e\000c\000t\000i\000o\000n\000\137\000m\000e\000t\000h\000o\000d\000\050\000\051\000\040\000[\0001\000/\0002\000]}{subsection.6.26.2}% 143
\BOOKMARK [3][-]{subsubsection.6.26.2.2}{\376\377\0006\000.\0002\0006\000.\0002\000.\0002\000\040\000g\000o\000l\000d\000e\000n\000\137\000s\000e\000c\000t\000i\000o\000n\000\137\000m\000e\000t\000h\000o\000d\000\050\000\051\000\040\000[\0002\000/\0002\000]}{subsection.6.26.2}% 144
\BOOKMARK [2][-]{subsection.6.26.3}{\376\377\0006\000.\0002\0006\000.\0003\000\040\000M\000e\000m\000b\000e\000r\000\040\000F\000u\000n\000c\000t\000i\000o\000n\000\040\000D\000o\000c\000u\000m\000e\000n\000t\000a\000t\000i\000o\000n}{section.6.26}% 145
\BOOKMARK [3][-]{subsubsection.6.26.3.1}{\376\377\0006\000.\0002\0006\000.\0003\000.\0001\000\040\000o\000p\000e\000r\000a\000t\000o\000r\000\050\000\051\000\050\000\051}{subsection.6.26.3}% 146
\BOOKMARK [3][-]{subsubsection.6.26.3.2}{\376\377\0006\000.\0002\0006\000.\0003\000.\0002\000\040\000o\000p\000e\000r\000a\000t\000o\000r\000=\000\050\000\051}{subsection.6.26.3}% 147
\BOOKMARK [1][-]{section.6.27}{\376\377\0006\000.\0002\0007\000\040\000o\000m\000\137\000u\000n\000c\000o\000n\000s\000t\000r\000a\000i\000n\000e\000d\000\137\000m\000e\000t\000h\000o\000d\000s\000:\000:\000o\000m\000\137\000c\000o\000n\000j\000u\000g\000a\000t\000e\000\137\000g\000r\000a\000d\000i\000e\000n\000t\000:\000:\000h\000e\000s\000t\000e\000n\000e\000s\000\137\000s\000t\000i\000e\000f\000e\000l\000\137\000m\000e\000t\000h\000o\000d\000<\000\040\000f\000p\000\137\000t\000y\000p\000e\000\040\000>\000\040\000C\000l\000a\000s\000s\000\040\000T\000e\000m\000p\000l\000a\000t\000e\000\040\000R\000e\000f\000e\000r\000e\000n\000c\000e}{chapter.6}% 148
\BOOKMARK [2][-]{subsection.6.27.1}{\376\377\0006\000.\0002\0007\000.\0001\000\040\000D\000e\000t\000a\000i\000l\000e\000d\000\040\000D\000e\000s\000c\000r\000i\000p\000t\000i\000o\000n}{section.6.27}% 149
\BOOKMARK [2][-]{subsection.6.27.2}{\376\377\0006\000.\0002\0007\000.\0002\000\040\000C\000o\000n\000s\000t\000r\000u\000c\000t\000o\000r\000\040\000\046\000\040\000D\000e\000s\000t\000r\000u\000c\000t\000o\000r\000\040\000D\000o\000c\000u\000m\000e\000n\000t\000a\000t\000i\000o\000n}{section.6.27}% 150
\BOOKMARK [3][-]{subsubsection.6.27.2.1}{\376\377\0006\000.\0002\0007\000.\0002\000.\0001\000\040\000h\000e\000s\000t\000e\000n\000e\000s\000\137\000s\000t\000i\000e\000f\000e\000l\000\137\000m\000e\000t\000h\000o\000d\000\050\000\051}{subsection.6.27.2}% 151
\BOOKMARK [2][-]{subsection.6.27.3}{\376\377\0006\000.\0002\0007\000.\0003\000\040\000M\000e\000m\000b\000e\000r\000\040\000F\000u\000n\000c\000t\000i\000o\000n\000\040\000D\000o\000c\000u\000m\000e\000n\000t\000a\000t\000i\000o\000n}{section.6.27}% 152
\BOOKMARK [3][-]{subsubsection.6.27.3.1}{\376\377\0006\000.\0002\0007\000.\0003\000.\0001\000\040\000m\000i\000n\000i\000m\000i\000z\000e\000\050\000\051}{subsection.6.27.3}% 153
\BOOKMARK [1][-]{section.6.28}{\376\377\0006\000.\0002\0008\000\040\000o\000m\000\137\000u\000n\000c\000o\000n\000s\000t\000r\000a\000i\000n\000e\000d\000\137\000m\000e\000t\000h\000o\000d\000s\000\137\000t\000r\000a\000i\000t\000s\000:\000:\000i\000s\000\137\000z\000e\000r\000o\000\137\000o\000r\000d\000e\000r\000\137\000m\000e\000t\000h\000o\000d\000<\000\040\000m\000e\000t\000h\000o\000d\000\040\000>\000\040\000S\000t\000r\000u\000c\000t\000\040\000T\000e\000m\000p\000l\000a\000t\000e\000\040\000R\000e\000f\000e\000r\000e\000n\000c\000e}{chapter.6}% 154
\BOOKMARK [1][-]{section.6.29}{\376\377\0006\000.\0002\0009\000\040\000o\000m\000\137\000u\000n\000c\000o\000n\000s\000t\000r\000a\000i\000n\000e\000d\000\137\000m\000e\000t\000h\000o\000d\000s\000\137\000t\000r\000a\000i\000t\000s\000:\000:\000i\000s\000\137\000z\000e\000r\000o\000\137\000o\000r\000d\000e\000r\000\137\000m\000e\000t\000h\000o\000d\000<\000\040\000o\000m\000\137\000u\000n\000c\000o\000n\000s\000t\000r\000a\000i\000n\000e\000d\000\137\000m\000e\000t\000h\000o\000d\000s\000:\000:\000o\000m\000\137\000z\000e\000r\000o\000\137\000o\000r\000d\000e\000r\000:\000:\000n\000e\000l\000d\000e\000r\000\137\000m\000e\000a\000d\000\137\000m\000e\000t\000h\000o\000d\000<\000>\000\040\000>\000\040\000S\000t\000r\000u\000c\000t\000\040\000R\000e\000f\000e\000r\000e\000n\000c\000e}{chapter.6}% 155
\BOOKMARK [1][-]{section.6.30}{\376\377\0006\000.\0003\0000\000\040\000o\000m\000\137\000u\000n\000c\000o\000n\000s\000t\000r\000a\000i\000n\000e\000d\000\137\000m\000e\000t\000h\000o\000d\000s\000\137\000t\000r\000a\000i\000t\000s\000:\000:\000i\000s\000\137\000z\000e\000r\000o\000\137\000o\000r\000d\000e\000r\000\137\000m\000e\000t\000h\000o\000d\000<\000\040\000o\000m\000\137\000u\000n\000c\000o\000n\000s\000t\000r\000a\000i\000n\000e\000d\000\137\000m\000e\000t\000h\000o\000d\000s\000:\000:\000o\000m\000\137\000z\000e\000r\000o\000\137\000o\000r\000d\000e\000r\000:\000:\000p\000o\000w\000e\000l\000l\000\137\000c\000o\000n\000j\000u\000g\000a\000t\000e\000\137\000m\000e\000t\000h\000o\000d\000<\000>\000\040\000>\000\040\000S\000t\000r\000u\000c\000t\000\040\000R\000e\000f\000e\000r\000e\000n\000c\000e}{chapter.6}% 156
\BOOKMARK [1][-]{section.6.31}{\376\377\0006\000.\0003\0001\000\040\000o\000m\000\137\000c\000o\000m\000m\000o\000n\000:\000:\000m\000a\000x\000\137\000a\000r\000g\000<\000\040\000c\000o\000u\000n\000t\000,\000\040\000f\000p\000\137\000t\000y\000p\000e\000,\000\040\000t\000y\000p\000e\000n\000a\000m\000e\000,\000\040\000t\000y\000p\000e\000\040\000>\000\040\000S\000t\000r\000u\000c\000t\000\040\000T\000e\000m\000p\000l\000a\000t\000e\000\040\000R\000e\000f\000e\000r\000e\000n\000c\000e}{chapter.6}% 157
\BOOKMARK [2][-]{subsection.6.31.1}{\376\377\0006\000.\0003\0001\000.\0001\000\040\000D\000e\000t\000a\000i\000l\000e\000d\000\040\000D\000e\000s\000c\000r\000i\000p\000t\000i\000o\000n}{section.6.31}% 158
\BOOKMARK [1][-]{section.6.32}{\376\377\0006\000.\0003\0002\000\040\000o\000m\000\137\000c\000o\000m\000m\000o\000n\000:\000:\000m\000a\000x\000\137\000a\000r\000g\000<\000\040\0002\000,\000\040\000f\000p\000\137\000t\000y\000p\000e\000\040\000>\000\040\000S\000t\000r\000u\000c\000t\000\040\000T\000e\000m\000p\000l\000a\000t\000e\000\040\000R\000e\000f\000e\000r\000e\000n\000c\000e}{chapter.6}% 159
\BOOKMARK [1][-]{section.6.33}{\376\377\0006\000.\0003\0003\000\040\000o\000m\000\137\000c\000o\000m\000m\000o\000n\000:\000:\000m\000a\000x\000\137\000a\000r\000g\000<\000\040\0003\000,\000\040\000f\000p\000\137\000t\000y\000p\000e\000\040\000>\000\040\000S\000t\000r\000u\000c\000t\000\040\000T\000e\000m\000p\000l\000a\000t\000e\000\040\000R\000e\000f\000e\000r\000e\000n\000c\000e}{chapter.6}% 160
\BOOKMARK [1][-]{section.6.34}{\376\377\0006\000.\0003\0004\000\040\000o\000m\000\137\000c\000o\000m\000m\000o\000n\000:\000:\000m\000i\000n\000\137\000a\000r\000g\000<\000\040\000c\000o\000u\000n\000t\000,\000\040\000f\000p\000\137\000t\000y\000p\000e\000,\000\040\000t\000y\000p\000e\000n\000a\000m\000e\000,\000\040\000t\000y\000p\000e\000\040\000>\000\040\000S\000t\000r\000u\000c\000t\000\040\000T\000e\000m\000p\000l\000a\000t\000e\000\040\000R\000e\000f\000e\000r\000e\000n\000c\000e}{chapter.6}% 161
\BOOKMARK [2][-]{subsection.6.34.1}{\376\377\0006\000.\0003\0004\000.\0001\000\040\000D\000e\000t\000a\000i\000l\000e\000d\000\040\000D\000e\000s\000c\000r\000i\000p\000t\000i\000o\000n}{section.6.34}% 162
\BOOKMARK [1][-]{section.6.35}{\376\377\0006\000.\0003\0005\000\040\000o\000m\000\137\000c\000o\000m\000m\000o\000n\000:\000:\000m\000i\000n\000\137\000a\000r\000g\000<\000\040\0002\000,\000\040\000f\000p\000\137\000t\000y\000p\000e\000\040\000>\000\040\000S\000t\000r\000u\000c\000t\000\040\000T\000e\000m\000p\000l\000a\000t\000e\000\040\000R\000e\000f\000e\000r\000e\000n\000c\000e}{chapter.6}% 163
\BOOKMARK [1][-]{section.6.36}{\376\377\0006\000.\0003\0006\000\040\000o\000m\000\137\000c\000o\000m\000m\000o\000n\000:\000:\000m\000i\000n\000\137\000a\000r\000g\000<\000\040\0003\000,\000\040\000f\000p\000\137\000t\000y\000p\000e\000\040\000>\000\040\000S\000t\000r\000u\000c\000t\000\040\000T\000e\000m\000p\000l\000a\000t\000e\000\040\000R\000e\000f\000e\000r\000e\000n\000c\000e}{chapter.6}% 164
\BOOKMARK [1][-]{section.6.37}{\376\377\0006\000.\0003\0007\000\040\000o\000m\000\137\000t\000e\000s\000t\000\137\000h\000e\000l\000p\000e\000r\000s\000:\000:\000m\000i\000n\000i\000m\000i\000z\000e\000r\000\137\000h\000e\000l\000p\000e\000r\000<\000\040\000f\000p\000\137\000t\000y\000p\000e\000\040\000>\000\040\000S\000t\000r\000u\000c\000t\000\040\000T\000e\000m\000p\000l\000a\000t\000e\000\040\000R\000e\000f\000e\000r\000e\000n\000c\000e}{chapter.6}% 165
\BOOKMARK [1][-]{section.6.38}{\376\377\0006\000.\0003\0008\000\040\000o\000m\000\137\000u\000n\000c\000o\000n\000s\000t\000r\000a\000i\000n\000e\000d\000\137\000m\000e\000t\000h\000o\000d\000s\000:\000:\000o\000m\000\137\000z\000e\000r\000o\000\137\000o\000r\000d\000e\000r\000:\000:\000n\000e\000l\000d\000e\000r\000\137\000m\000e\000a\000d\000\137\000m\000e\000t\000h\000o\000d\000<\000\040\000f\000p\000\137\000t\000y\000p\000e\000\040\000>\000\040\000C\000l\000a\000s\000s\000\040\000T\000e\000m\000p\000l\000a\000t\000e\000\040\000R\000e\000f\000e\000r\000e\000n\000c\000e}{chapter.6}% 166
\BOOKMARK [2][-]{subsection.6.38.1}{\376\377\0006\000.\0003\0008\000.\0001\000\040\000D\000e\000t\000a\000i\000l\000e\000d\000\040\000D\000e\000s\000c\000r\000i\000p\000t\000i\000o\000n}{section.6.38}% 167
\BOOKMARK [2][-]{subsection.6.38.2}{\376\377\0006\000.\0003\0008\000.\0002\000\040\000C\000o\000n\000s\000t\000r\000u\000c\000t\000o\000r\000\040\000\046\000\040\000D\000e\000s\000t\000r\000u\000c\000t\000o\000r\000\040\000D\000o\000c\000u\000m\000e\000n\000t\000a\000t\000i\000o\000n}{section.6.38}% 168
\BOOKMARK [3][-]{subsubsection.6.38.2.1}{\376\377\0006\000.\0003\0008\000.\0002\000.\0001\000\040\000n\000e\000l\000d\000e\000r\000\137\000m\000e\000a\000d\000\137\000m\000e\000t\000h\000o\000d\000\050\000\051\000\040\000[\0001\000/\0002\000]}{subsection.6.38.2}% 169
\BOOKMARK [3][-]{subsubsection.6.38.2.2}{\376\377\0006\000.\0003\0008\000.\0002\000.\0002\000\040\000n\000e\000l\000d\000e\000r\000\137\000m\000e\000a\000d\000\137\000m\000e\000t\000h\000o\000d\000\050\000\051\000\040\000[\0002\000/\0002\000]}{subsection.6.38.2}% 170
\BOOKMARK [2][-]{subsection.6.38.3}{\376\377\0006\000.\0003\0008\000.\0003\000\040\000M\000e\000m\000b\000e\000r\000\040\000F\000u\000n\000c\000t\000i\000o\000n\000\040\000D\000o\000c\000u\000m\000e\000n\000t\000a\000t\000i\000o\000n}{section.6.38}% 171
\BOOKMARK [3][-]{subsubsection.6.38.3.1}{\376\377\0006\000.\0003\0008\000.\0003\000.\0001\000\040\000m\000i\000n\000i\000m\000i\000z\000e\000\050\000\051}{subsection.6.38.3}% 172
\BOOKMARK [3][-]{subsubsection.6.38.3.2}{\376\377\0006\000.\0003\0008\000.\0003\000.\0002\000\040\000o\000p\000e\000r\000a\000t\000o\000r\000=\000\050\000\051}{subsection.6.38.3}% 173
\BOOKMARK [3][-]{subsubsection.6.38.3.3}{\376\377\0006\000.\0003\0008\000.\0003\000.\0003\000\040\000s\000e\000t\000\137\000c\000o\000n\000t\000r\000a\000c\000t\000i\000o\000n\000\137\000r\000h\000o\000\050\000\051}{subsection.6.38.3}% 174
\BOOKMARK [3][-]{subsubsection.6.38.3.4}{\376\377\0006\000.\0003\0008\000.\0003\000.\0004\000\040\000s\000e\000t\000\137\000c\000o\000n\000v\000e\000r\000g\000e\000\137\000t\000o\000l\000e\000r\000a\000n\000c\000e\000\050\000\051}{subsection.6.38.3}% 175
\BOOKMARK [3][-]{subsubsection.6.38.3.5}{\376\377\0006\000.\0003\0008\000.\0003\000.\0005\000\040\000s\000e\000t\000\137\000e\000x\000p\000a\000n\000s\000i\000o\000n\000\137\000r\000h\000o\000\050\000\051}{subsection.6.38.3}% 176
\BOOKMARK [3][-]{subsubsection.6.38.3.6}{\376\377\0006\000.\0003\0008\000.\0003\000.\0006\000\040\000s\000e\000t\000\137\000m\000a\000x\000\137\000i\000t\000e\000r\000a\000t\000i\000o\000n\000s\000\050\000\051}{subsection.6.38.3}% 177
\BOOKMARK [3][-]{subsubsection.6.38.3.7}{\376\377\0006\000.\0003\0008\000.\0003\000.\0007\000\040\000s\000e\000t\000\137\000r\000e\000f\000l\000e\000c\000t\000i\000o\000n\000\137\000r\000h\000o\000\050\000\051}{subsection.6.38.3}% 178
\BOOKMARK [3][-]{subsubsection.6.38.3.8}{\376\377\0006\000.\0003\0008\000.\0003\000.\0008\000\040\000s\000e\000t\000\137\000s\000h\000r\000i\000n\000k\000a\000g\000e\000\137\000r\000h\000o\000\050\000\051}{subsection.6.38.3}% 179
\BOOKMARK [1][-]{section.6.39}{\376\377\0006\000.\0003\0009\000\040\000o\000m\000\137\000u\000n\000c\000o\000n\000s\000t\000r\000a\000i\000n\000e\000d\000\137\000m\000e\000t\000h\000o\000d\000s\000:\000:\000o\000m\000\137\000c\000o\000n\000j\000u\000g\000a\000t\000e\000\137\000g\000r\000a\000d\000i\000e\000n\000t\000:\000:\000p\000o\000l\000a\000k\000\137\000r\000i\000b\000i\000e\000r\000e\000\137\000m\000e\000t\000h\000o\000d\000<\000\040\000f\000p\000\137\000t\000y\000p\000e\000\040\000>\000\040\000C\000l\000a\000s\000s\000\040\000T\000e\000m\000p\000l\000a\000t\000e\000\040\000R\000e\000f\000e\000r\000e\000n\000c\000e}{chapter.6}% 180
\BOOKMARK [2][-]{subsection.6.39.1}{\376\377\0006\000.\0003\0009\000.\0001\000\040\000D\000e\000t\000a\000i\000l\000e\000d\000\040\000D\000e\000s\000c\000r\000i\000p\000t\000i\000o\000n}{section.6.39}% 181
\BOOKMARK [2][-]{subsection.6.39.2}{\376\377\0006\000.\0003\0009\000.\0002\000\040\000C\000o\000n\000s\000t\000r\000u\000c\000t\000o\000r\000\040\000\046\000\040\000D\000e\000s\000t\000r\000u\000c\000t\000o\000r\000\040\000D\000o\000c\000u\000m\000e\000n\000t\000a\000t\000i\000o\000n}{section.6.39}% 182
\BOOKMARK [3][-]{subsubsection.6.39.2.1}{\376\377\0006\000.\0003\0009\000.\0002\000.\0001\000\040\000p\000o\000l\000a\000k\000\137\000r\000i\000b\000i\000e\000r\000e\000\137\000m\000e\000t\000h\000o\000d\000\050\000\051}{subsection.6.39.2}% 183
\BOOKMARK [2][-]{subsection.6.39.3}{\376\377\0006\000.\0003\0009\000.\0003\000\040\000M\000e\000m\000b\000e\000r\000\040\000F\000u\000n\000c\000t\000i\000o\000n\000\040\000D\000o\000c\000u\000m\000e\000n\000t\000a\000t\000i\000o\000n}{section.6.39}% 184
\BOOKMARK [3][-]{subsubsection.6.39.3.1}{\376\377\0006\000.\0003\0009\000.\0003\000.\0001\000\040\000m\000i\000n\000i\000m\000i\000z\000e\000\050\000\051}{subsection.6.39.3}% 185
\BOOKMARK [1][-]{section.6.40}{\376\377\0006\000.\0004\0000\000\040\000o\000m\000\137\000u\000n\000c\000o\000n\000s\000t\000r\000a\000i\000n\000e\000d\000\137\000m\000e\000t\000h\000o\000d\000s\000:\000:\000o\000m\000\137\000z\000e\000r\000o\000\137\000o\000r\000d\000e\000r\000:\000:\000p\000o\000w\000e\000l\000l\000\137\000c\000o\000n\000j\000u\000g\000a\000t\000e\000\137\000m\000e\000t\000h\000o\000d\000<\000\040\000f\000p\000\137\000t\000y\000p\000e\000\040\000>\000\040\000C\000l\000a\000s\000s\000\040\000T\000e\000m\000p\000l\000a\000t\000e\000\040\000R\000e\000f\000e\000r\000e\000n\000c\000e}{chapter.6}% 186
\BOOKMARK [2][-]{subsection.6.40.1}{\376\377\0006\000.\0004\0000\000.\0001\000\040\000D\000e\000t\000a\000i\000l\000e\000d\000\040\000D\000e\000s\000c\000r\000i\000p\000t\000i\000o\000n}{section.6.40}% 187
\BOOKMARK [2][-]{subsection.6.40.2}{\376\377\0006\000.\0004\0000\000.\0002\000\040\000C\000o\000n\000s\000t\000r\000u\000c\000t\000o\000r\000\040\000\046\000\040\000D\000e\000s\000t\000r\000u\000c\000t\000o\000r\000\040\000D\000o\000c\000u\000m\000e\000n\000t\000a\000t\000i\000o\000n}{section.6.40}% 188
\BOOKMARK [3][-]{subsubsection.6.40.2.1}{\376\377\0006\000.\0004\0000\000.\0002\000.\0001\000\040\000p\000o\000w\000e\000l\000l\000\137\000c\000o\000n\000j\000u\000g\000a\000t\000e\000\137\000m\000e\000t\000h\000o\000d\000\050\000\051\000\040\000[\0001\000/\0002\000]}{subsection.6.40.2}% 189
\BOOKMARK [3][-]{subsubsection.6.40.2.2}{\376\377\0006\000.\0004\0000\000.\0002\000.\0002\000\040\000p\000o\000w\000e\000l\000l\000\137\000c\000o\000n\000j\000u\000g\000a\000t\000e\000\137\000m\000e\000t\000h\000o\000d\000\050\000\051\000\040\000[\0002\000/\0002\000]}{subsection.6.40.2}% 190
\BOOKMARK [2][-]{subsection.6.40.3}{\376\377\0006\000.\0004\0000\000.\0003\000\040\000M\000e\000m\000b\000e\000r\000\040\000F\000u\000n\000c\000t\000i\000o\000n\000\040\000D\000o\000c\000u\000m\000e\000n\000t\000a\000t\000i\000o\000n}{section.6.40}% 191
\BOOKMARK [3][-]{subsubsection.6.40.3.1}{\376\377\0006\000.\0004\0000\000.\0003\000.\0001\000\040\000m\000i\000n\000i\000m\000i\000z\000e\000\050\000\051}{subsection.6.40.3}% 192
\BOOKMARK [3][-]{subsubsection.6.40.3.2}{\376\377\0006\000.\0004\0000\000.\0003\000.\0002\000\040\000o\000p\000e\000r\000a\000t\000o\000r\000=\000\050\000\051}{subsection.6.40.3}% 193
\BOOKMARK [3][-]{subsubsection.6.40.3.3}{\376\377\0006\000.\0004\0000\000.\0003\000.\0003\000\040\000s\000e\000t\000\137\000c\000o\000n\000v\000e\000r\000g\000e\000\137\000t\000o\000l\000e\000r\000a\000n\000c\000e\000\050\000\051}{subsection.6.40.3}% 194
\BOOKMARK [3][-]{subsubsection.6.40.3.4}{\376\377\0006\000.\0004\0000\000.\0003\000.\0004\000\040\000s\000e\000t\000\137\000m\000a\000x\000\137\000i\000t\000e\000r\000a\000t\000i\000o\000n\000s\000\050\000\051}{subsection.6.40.3}% 195
\BOOKMARK [1][-]{section.6.41}{\376\377\0006\000.\0004\0001\000\040\000o\000m\000\137\000u\000n\000c\000o\000n\000s\000t\000r\000a\000i\000n\000e\000d\000\137\000m\000e\000t\000h\000o\000d\000s\000:\000:\000o\000m\000\137\000l\000i\000n\000e\000\137\000m\000e\000t\000h\000o\000d\000s\000:\000:\000p\000o\000w\000e\000l\000l\000\137\000m\000e\000t\000h\000o\000d\000<\000\040\000f\000p\000\137\000t\000y\000p\000e\000,\000\040\000t\000y\000p\000e\000n\000a\000m\000e\000\040\000>\000\040\000C\000l\000a\000s\000s\000\040\000T\000e\000m\000p\000l\000a\000t\000e\000\040\000R\000e\000f\000e\000r\000e\000n\000c\000e}{chapter.6}% 196
\BOOKMARK [2][-]{subsection.6.41.1}{\376\377\0006\000.\0004\0001\000.\0001\000\040\000D\000e\000t\000a\000i\000l\000e\000d\000\040\000D\000e\000s\000c\000r\000i\000p\000t\000i\000o\000n}{section.6.41}% 197
\BOOKMARK [2][-]{subsection.6.41.2}{\376\377\0006\000.\0004\0001\000.\0002\000\040\000C\000o\000n\000s\000t\000r\000u\000c\000t\000o\000r\000\040\000\046\000\040\000D\000e\000s\000t\000r\000u\000c\000t\000o\000r\000\040\000D\000o\000c\000u\000m\000e\000n\000t\000a\000t\000i\000o\000n}{section.6.41}% 198
\BOOKMARK [3][-]{subsubsection.6.41.2.1}{\376\377\0006\000.\0004\0001\000.\0002\000.\0001\000\040\000p\000o\000w\000e\000l\000l\000\137\000m\000e\000t\000h\000o\000d\000\050\000\051\000\040\000[\0001\000/\0003\000]}{subsection.6.41.2}% 199
\BOOKMARK [3][-]{subsubsection.6.41.2.2}{\376\377\0006\000.\0004\0001\000.\0002\000.\0002\000\040\000p\000o\000w\000e\000l\000l\000\137\000m\000e\000t\000h\000o\000d\000\050\000\051\000\040\000[\0002\000/\0003\000]}{subsection.6.41.2}% 200
\BOOKMARK [3][-]{subsubsection.6.41.2.3}{\376\377\0006\000.\0004\0001\000.\0002\000.\0003\000\040\000p\000o\000w\000e\000l\000l\000\137\000m\000e\000t\000h\000o\000d\000\050\000\051\000\040\000[\0003\000/\0003\000]}{subsection.6.41.2}% 201
\BOOKMARK [2][-]{subsection.6.41.3}{\376\377\0006\000.\0004\0001\000.\0003\000\040\000M\000e\000m\000b\000e\000r\000\040\000F\000u\000n\000c\000t\000i\000o\000n\000\040\000D\000o\000c\000u\000m\000e\000n\000t\000a\000t\000i\000o\000n}{section.6.41}% 202
\BOOKMARK [3][-]{subsubsection.6.41.3.1}{\376\377\0006\000.\0004\0001\000.\0003\000.\0001\000\040\000o\000p\000e\000r\000a\000t\000o\000r\000\050\000\051\000\050\000\051}{subsection.6.41.3}% 203
\BOOKMARK [3][-]{subsubsection.6.41.3.2}{\376\377\0006\000.\0004\0001\000.\0003\000.\0002\000\040\000o\000p\000e\000r\000a\000t\000o\000r\000=\000\050\000\051}{subsection.6.41.3}% 204
\BOOKMARK [1][-]{section.6.42}{\376\377\0006\000.\0004\0002\000\040\000o\000m\000\137\000u\000n\000c\000o\000n\000s\000t\000r\000a\000i\000n\000e\000d\000\137\000m\000e\000t\000h\000o\000d\000s\000:\000:\000o\000m\000\137\000q\000u\000a\000s\000i\000\137\000n\000e\000w\000t\000o\000n\000:\000:\000q\000u\000a\000s\000i\000\137\000n\000e\000w\000t\000o\000n\000\137\000b\000a\000s\000e\000<\000\040\000f\000p\000\137\000t\000y\000p\000e\000,\000\040\000t\000y\000p\000e\000n\000a\000m\000e\000\040\000>\000\040\000C\000l\000a\000s\000s\000\040\000T\000e\000m\000p\000l\000a\000t\000e\000\040\000R\000e\000f\000e\000r\000e\000n\000c\000e}{chapter.6}% 205
\BOOKMARK [2][-]{subsection.6.42.1}{\376\377\0006\000.\0004\0002\000.\0001\000\040\000D\000e\000t\000a\000i\000l\000e\000d\000\040\000D\000e\000s\000c\000r\000i\000p\000t\000i\000o\000n}{section.6.42}% 206
\BOOKMARK [2][-]{subsection.6.42.2}{\376\377\0006\000.\0004\0002\000.\0002\000\040\000C\000o\000n\000s\000t\000r\000u\000c\000t\000o\000r\000\040\000\046\000\040\000D\000e\000s\000t\000r\000u\000c\000t\000o\000r\000\040\000D\000o\000c\000u\000m\000e\000n\000t\000a\000t\000i\000o\000n}{section.6.42}% 207
\BOOKMARK [3][-]{subsubsection.6.42.2.1}{\376\377\0006\000.\0004\0002\000.\0002\000.\0001\000\040\000q\000u\000a\000s\000i\000\137\000n\000e\000w\000t\000o\000n\000\137\000b\000a\000s\000e\000\050\000\051\000\040\000[\0001\000/\0002\000]}{subsection.6.42.2}% 208
\BOOKMARK [3][-]{subsubsection.6.42.2.2}{\376\377\0006\000.\0004\0002\000.\0002\000.\0002\000\040\000q\000u\000a\000s\000i\000\137\000n\000e\000w\000t\000o\000n\000\137\000b\000a\000s\000e\000\050\000\051\000\040\000[\0002\000/\0002\000]}{subsection.6.42.2}% 209
\BOOKMARK [2][-]{subsection.6.42.3}{\376\377\0006\000.\0004\0002\000.\0003\000\040\000M\000e\000m\000b\000e\000r\000\040\000F\000u\000n\000c\000t\000i\000o\000n\000\040\000D\000o\000c\000u\000m\000e\000n\000t\000a\000t\000i\000o\000n}{section.6.42}% 210
\BOOKMARK [3][-]{subsubsection.6.42.3.1}{\376\377\0006\000.\0004\0002\000.\0003\000.\0001\000\040\000o\000p\000e\000r\000a\000t\000o\000r\000=\000\050\000\051}{subsection.6.42.3}% 211
\BOOKMARK [3][-]{subsubsection.6.42.3.2}{\376\377\0006\000.\0004\0002\000.\0003\000.\0002\000\040\000s\000e\000t\000\137\000a\000r\000g\000\137\000t\000o\000l\000e\000r\000a\000n\000c\000e\000\050\000\051}{subsection.6.42.3}% 212
\BOOKMARK [3][-]{subsubsection.6.42.3.3}{\376\377\0006\000.\0004\0002\000.\0003\000.\0003\000\040\000s\000e\000t\000\137\000f\000u\000n\000\137\000t\000o\000l\000e\000r\000a\000n\000c\000e\000\050\000\051}{subsection.6.42.3}% 213
\BOOKMARK [3][-]{subsubsection.6.42.3.4}{\376\377\0006\000.\0004\0002\000.\0003\000.\0004\000\040\000s\000e\000t\000\137\000g\000r\000a\000d\000\137\000t\000o\000l\000e\000r\000a\000n\000c\000e\000\050\000\051}{subsection.6.42.3}% 214
\BOOKMARK [3][-]{subsubsection.6.42.3.5}{\376\377\0006\000.\0004\0002\000.\0003\000.\0005\000\040\000s\000e\000t\000\137\000m\000a\000x\000\137\000i\000t\000e\000r\000a\000t\000i\000o\000n\000s\000\050\000\051}{subsection.6.42.3}% 215
\BOOKMARK [1][-]{section.6.43}{\376\377\0006\000.\0004\0003\000\040\000o\000m\000\137\000u\000t\000i\000l\000i\000t\000i\000e\000s\000:\000:\000r\000a\000n\000d\000o\000m\000\137\000v\000e\000c\000t\000o\000r\000s\000\137\000f\000r\000o\000m\000\137\000g\000u\000e\000s\000s\000<\000\040\000f\000p\000\137\000t\000y\000p\000e\000,\000\040\000d\000i\000s\000t\000r\000i\000b\000u\000t\000i\000o\000n\000,\000\040\000t\000y\000p\000e\000n\000a\000m\000e\000\040\000>\000\040\000S\000t\000r\000u\000c\000t\000\040\000T\000e\000m\000p\000l\000a\000t\000e\000\040\000R\000e\000f\000e\000r\000e\000n\000c\000e}{chapter.6}% 216
\BOOKMARK [2][-]{subsection.6.43.1}{\376\377\0006\000.\0004\0003\000.\0001\000\040\000D\000e\000t\000a\000i\000l\000e\000d\000\040\000D\000e\000s\000c\000r\000i\000p\000t\000i\000o\000n}{section.6.43}% 217
\BOOKMARK [1][-]{section.6.44}{\376\377\0006\000.\0004\0004\000\040\000o\000m\000\137\000u\000t\000i\000l\000i\000t\000i\000e\000s\000:\000:\000r\000a\000n\000g\000e\000<\000\040\000f\000p\000\137\000t\000y\000p\000e\000,\000\040\000t\000y\000p\000e\000n\000a\000m\000e\000\040\000>\000\040\000C\000l\000a\000s\000s\000\040\000T\000e\000m\000p\000l\000a\000t\000e\000\040\000R\000e\000f\000e\000r\000e\000n\000c\000e}{chapter.6}% 218
\BOOKMARK [2][-]{subsection.6.44.1}{\376\377\0006\000.\0004\0004\000.\0001\000\040\000D\000e\000t\000a\000i\000l\000e\000d\000\040\000D\000e\000s\000c\000r\000i\000p\000t\000i\000o\000n}{section.6.44}% 219
\BOOKMARK [2][-]{subsection.6.44.2}{\376\377\0006\000.\0004\0004\000.\0002\000\040\000C\000o\000n\000s\000t\000r\000u\000c\000t\000o\000r\000\040\000\046\000\040\000D\000e\000s\000t\000r\000u\000c\000t\000o\000r\000\040\000D\000o\000c\000u\000m\000e\000n\000t\000a\000t\000i\000o\000n}{section.6.44}% 220
\BOOKMARK [3][-]{subsubsection.6.44.2.1}{\376\377\0006\000.\0004\0004\000.\0002\000.\0001\000\040\000r\000a\000n\000g\000e\000\050\000\051\000\040\000[\0001\000/\0004\000]}{subsection.6.44.2}% 221
\BOOKMARK [3][-]{subsubsection.6.44.2.2}{\376\377\0006\000.\0004\0004\000.\0002\000.\0002\000\040\000r\000a\000n\000g\000e\000\050\000\051\000\040\000[\0002\000/\0004\000]}{subsection.6.44.2}% 222
\BOOKMARK [3][-]{subsubsection.6.44.2.3}{\376\377\0006\000.\0004\0004\000.\0002\000.\0003\000\040\000r\000a\000n\000g\000e\000\050\000\051\000\040\000[\0003\000/\0004\000]}{subsection.6.44.2}% 223
\BOOKMARK [3][-]{subsubsection.6.44.2.4}{\376\377\0006\000.\0004\0004\000.\0002\000.\0004\000\040\000r\000a\000n\000g\000e\000\050\000\051\000\040\000[\0004\000/\0004\000]}{subsection.6.44.2}% 224
\BOOKMARK [2][-]{subsection.6.44.3}{\376\377\0006\000.\0004\0004\000.\0003\000\040\000M\000e\000m\000b\000e\000r\000\040\000F\000u\000n\000c\000t\000i\000o\000n\000\040\000D\000o\000c\000u\000m\000e\000n\000t\000a\000t\000i\000o\000n}{section.6.44}% 225
\BOOKMARK [3][-]{subsubsection.6.44.3.1}{\376\377\0006\000.\0004\0004\000.\0003\000.\0001\000\040\000h\000i\000g\000h\000\050\000\051}{subsection.6.44.3}% 226
\BOOKMARK [3][-]{subsubsection.6.44.3.2}{\376\377\0006\000.\0004\0004\000.\0003\000.\0002\000\040\000l\000o\000w\000\050\000\051}{subsection.6.44.3}% 227
\BOOKMARK [3][-]{subsubsection.6.44.3.3}{\376\377\0006\000.\0004\0004\000.\0003\000.\0003\000\040\000l\000o\000w\000\137\000h\000i\000g\000h\000\050\000\051}{subsection.6.44.3}% 228
\BOOKMARK [3][-]{subsubsection.6.44.3.4}{\376\377\0006\000.\0004\0004\000.\0003\000.\0004\000\040\000o\000p\000e\000r\000a\000t\000o\000r\000=\000\050\000\051\000\040\000[\0001\000/\0002\000]}{subsection.6.44.3}% 229
\BOOKMARK [3][-]{subsubsection.6.44.3.5}{\376\377\0006\000.\0004\0004\000.\0003\000.\0005\000\040\000o\000p\000e\000r\000a\000t\000o\000r\000=\000\050\000\051\000\040\000[\0002\000/\0002\000]}{subsection.6.44.3}% 230
\BOOKMARK [3][-]{subsubsection.6.44.3.6}{\376\377\0006\000.\0004\0004\000.\0003\000.\0006\000\040\000s\000p\000r\000e\000a\000d\000\050\000\051}{subsection.6.44.3}% 231
\BOOKMARK [1][-]{section.6.45}{\376\377\0006\000.\0004\0005\000\040\000o\000m\000\137\000u\000n\000c\000o\000n\000s\000t\000r\000a\000i\000n\000e\000d\000\137\000m\000e\000t\000h\000o\000d\000s\000:\000:\000o\000m\000\137\000s\000t\000e\000e\000p\000e\000s\000t\000\137\000d\000e\000s\000c\000e\000n\000t\000:\000:\000s\000t\000e\000e\000p\000e\000s\000t\000\137\000d\000e\000s\000c\000e\000n\000t\000\137\000m\000e\000t\000h\000o\000d\000<\000\040\000f\000p\000\137\000t\000y\000p\000e\000\040\000>\000\040\000C\000l\000a\000s\000s\000\040\000T\000e\000m\000p\000l\000a\000t\000e\000\040\000R\000e\000f\000e\000r\000e\000n\000c\000e}{chapter.6}% 232
\BOOKMARK [2][-]{subsection.6.45.1}{\376\377\0006\000.\0004\0005\000.\0001\000\040\000D\000e\000t\000a\000i\000l\000e\000d\000\040\000D\000e\000s\000c\000r\000i\000p\000t\000i\000o\000n}{section.6.45}% 233
\BOOKMARK [2][-]{subsection.6.45.2}{\376\377\0006\000.\0004\0005\000.\0002\000\040\000C\000o\000n\000s\000t\000r\000u\000c\000t\000o\000r\000\040\000\046\000\040\000D\000e\000s\000t\000r\000u\000c\000t\000o\000r\000\040\000D\000o\000c\000u\000m\000e\000n\000t\000a\000t\000i\000o\000n}{section.6.45}% 234
\BOOKMARK [3][-]{subsubsection.6.45.2.1}{\376\377\0006\000.\0004\0005\000.\0002\000.\0001\000\040\000s\000t\000e\000e\000p\000e\000s\000t\000\137\000d\000e\000s\000c\000e\000n\000t\000\137\000m\000e\000t\000h\000o\000d\000\050\000\051\000\040\000[\0001\000/\0002\000]}{subsection.6.45.2}% 235
\BOOKMARK [3][-]{subsubsection.6.45.2.2}{\376\377\0006\000.\0004\0005\000.\0002\000.\0002\000\040\000s\000t\000e\000e\000p\000e\000s\000t\000\137\000d\000e\000s\000c\000e\000n\000t\000\137\000m\000e\000t\000h\000o\000d\000\050\000\051\000\040\000[\0002\000/\0002\000]}{subsection.6.45.2}% 236
\BOOKMARK [2][-]{subsection.6.45.3}{\376\377\0006\000.\0004\0005\000.\0003\000\040\000M\000e\000m\000b\000e\000r\000\040\000F\000u\000n\000c\000t\000i\000o\000n\000\040\000D\000o\000c\000u\000m\000e\000n\000t\000a\000t\000i\000o\000n}{section.6.45}% 237
\BOOKMARK [3][-]{subsubsection.6.45.3.1}{\376\377\0006\000.\0004\0005\000.\0003\000.\0001\000\040\000m\000i\000n\000i\000m\000i\000z\000e\000\050\000\051}{subsection.6.45.3}% 238
\BOOKMARK [3][-]{subsubsection.6.45.3.2}{\376\377\0006\000.\0004\0005\000.\0003\000.\0002\000\040\000o\000p\000e\000r\000a\000t\000o\000r\000=\000\050\000\051}{subsection.6.45.3}% 239
\BOOKMARK [3][-]{subsubsection.6.45.3.3}{\376\377\0006\000.\0004\0005\000.\0003\000.\0003\000\040\000s\000e\000t\000\137\000a\000r\000g\000\137\000t\000o\000l\000e\000r\000a\000n\000c\000e\000\050\000\051}{subsection.6.45.3}% 240
\BOOKMARK [3][-]{subsubsection.6.45.3.4}{\376\377\0006\000.\0004\0005\000.\0003\000.\0004\000\040\000s\000e\000t\000\137\000f\000u\000n\000\137\000t\000o\000l\000e\000r\000a\000n\000c\000e\000\050\000\051}{subsection.6.45.3}% 241
\BOOKMARK [3][-]{subsubsection.6.45.3.5}{\376\377\0006\000.\0004\0005\000.\0003\000.\0005\000\040\000s\000e\000t\000\137\000g\000r\000a\000d\000\137\000t\000o\000l\000e\000r\000a\000n\000c\000e\000\050\000\051}{subsection.6.45.3}% 242
\BOOKMARK [3][-]{subsubsection.6.45.3.6}{\376\377\0006\000.\0004\0005\000.\0003\000.\0006\000\040\000s\000e\000t\000\137\000m\000a\000x\000\137\000i\000t\000e\000r\000a\000t\000i\000o\000n\000s\000\050\000\051}{subsection.6.45.3}% 243
\BOOKMARK [0][-]{section*.93}{\376\377\000I\000n\000d\000e\000x}{}% 244
